16-May-2025 12:44:49.346 INFO [main] org.apache.catalina.startup.VersionLoggerListener.log Nombre de la versión del servidor: Apache Tomcat/10.1.41
16-May-2025 12:44:49.359 INFO [main] org.apache.catalina.startup.VersionLoggerListener.log Server built:                      May 8 2025 12:44:02 UTC
16-May-2025 12:44:49.360 INFO [main] org.apache.catalina.startup.VersionLoggerListener.log Número de versión de servidor:     10.1.41.0
16-May-2025 12:44:49.360 INFO [main] org.apache.catalina.startup.VersionLoggerListener.log OS Name:                           Windows 11
16-May-2025 12:44:49.360 INFO [main] org.apache.catalina.startup.VersionLoggerListener.log Versión de Systema Operativo:      10.0
16-May-2025 12:44:49.360 INFO [main] org.apache.catalina.startup.VersionLoggerListener.log Arquitectura:                      amd64
16-May-2025 12:44:49.360 INFO [main] org.apache.catalina.startup.VersionLoggerListener.log Java Home:                         C:\Users\Danie\Downloads\jdk-17.0.12_windows-x64_bin\jdk-17.0.12
16-May-2025 12:44:49.360 INFO [main] org.apache.catalina.startup.VersionLoggerListener.log JVM Version:                       17.0.12+8-LTS-286
16-May-2025 12:44:49.360 INFO [main] org.apache.catalina.startup.VersionLoggerListener.log Vededor JVM:                       Oracle Corporation
16-May-2025 12:44:49.360 INFO [main] org.apache.catalina.startup.VersionLoggerListener.log CATALINA_BASE:                     C:\Users\Danie\Downloads\apache-tomcat-10.1.41-windows-x64\apache-tomcat-10.1.41
16-May-2025 12:44:49.360 INFO [main] org.apache.catalina.startup.VersionLoggerListener.log CATALINA_HOME:                     C:\Users\Danie\Downloads\apache-tomcat-10.1.41-windows-x64\apache-tomcat-10.1.41
16-May-2025 12:44:49.394 INFO [main] org.apache.catalina.startup.VersionLoggerListener.log Command line argument:             -Djava.util.logging.config.file=C:\Users\Danie\Downloads\apache-tomcat-10.1.41-windows-x64\apache-tomcat-10.1.41\conf\logging.properties
16-May-2025 12:44:49.394 INFO [main] org.apache.catalina.startup.VersionLoggerListener.log Command line argument:             -Djava.util.logging.manager=org.apache.juli.ClassLoaderLogManager
16-May-2025 12:44:49.395 INFO [main] org.apache.catalina.startup.VersionLoggerListener.log Command line argument:             -Djdk.tls.ephemeralDHKeySize=2048
16-May-2025 12:44:49.396 INFO [main] org.apache.catalina.startup.VersionLoggerListener.log Command line argument:             -Djava.protocol.handler.pkgs=org.apache.catalina.webresources
16-May-2025 12:44:49.397 INFO [main] org.apache.catalina.startup.VersionLoggerListener.log Command line argument:             -Dsun.io.useCanonCaches=false
16-May-2025 12:44:49.397 INFO [main] org.apache.catalina.startup.VersionLoggerListener.log Command line argument:             --add-opens=java.base/java.lang=ALL-UNNAMED
16-May-2025 12:44:49.397 INFO [main] org.apache.catalina.startup.VersionLoggerListener.log Command line argument:             --add-opens=java.base/java.lang.reflect=ALL-UNNAMED
16-May-2025 12:44:49.397 INFO [main] org.apache.catalina.startup.VersionLoggerListener.log Command line argument:             --add-opens=java.base/java.io=ALL-UNNAMED
16-May-2025 12:44:49.397 INFO [main] org.apache.catalina.startup.VersionLoggerListener.log Command line argument:             --add-opens=java.base/java.util=ALL-UNNAMED
16-May-2025 12:44:49.397 INFO [main] org.apache.catalina.startup.VersionLoggerListener.log Command line argument:             --add-opens=java.base/java.util.concurrent=ALL-UNNAMED
16-May-2025 12:44:49.397 INFO [main] org.apache.catalina.startup.VersionLoggerListener.log Command line argument:             --add-opens=java.rmi/sun.rmi.transport=ALL-UNNAMED
16-May-2025 12:44:49.397 INFO [main] org.apache.catalina.startup.VersionLoggerListener.log Command line argument:             -Dcatalina.base=C:\Users\Danie\Downloads\apache-tomcat-10.1.41-windows-x64\apache-tomcat-10.1.41
16-May-2025 12:44:49.397 INFO [main] org.apache.catalina.startup.VersionLoggerListener.log Command line argument:             -Dcatalina.home=C:\Users\Danie\Downloads\apache-tomcat-10.1.41-windows-x64\apache-tomcat-10.1.41
16-May-2025 12:44:49.397 INFO [main] org.apache.catalina.startup.VersionLoggerListener.log Command line argument:             -Djava.io.tmpdir=C:\Users\Danie\Downloads\apache-tomcat-10.1.41-windows-x64\apache-tomcat-10.1.41\temp
16-May-2025 12:44:49.638 INFO [main] org.apache.catalina.core.AprLifecycleListener.lifecycleEvent Cargada la biblioteca nativa APR de Apache Tomcat [2.0.8] con la versión APR [1.7.4].
16-May-2025 12:44:49.680 INFO [main] org.apache.catalina.core.AprLifecycleListener.initializeSSL OpenSSL inicializado correctamente [OpenSSL 3.0.14 4 Jun 2024]
16-May-2025 12:44:50.125 INFO [main] org.apache.coyote.AbstractProtocol.init Inicializando el manejador de protocolo ["http-nio-8080"]

16-May-2025 12:44:50.163 INFO [main] org.apache.catalina.startup.Catalina.load Server initialization in [1377] milliseconds
16-May-2025 12:44:50.266 INFO [main] org.apache.catalina.core.StandardService.startInternal Arrancando servicio [Catalina]
16-May-2025 12:44:50.266 INFO [main] org.apache.catalina.core.StandardEngine.startInternal Starting Servlet engine: [Apache Tomcat/10.1.41]
16-May-2025 12:44:50.287 INFO [main] org.apache.catalina.startup.HostConfig.deployDescriptor Desplieque del descriptor de configuración [C:\Users\Danie\Downloads\apache-tomcat-10.1.41-windows-x64\apache-tomcat-10.1.41\conf\Catalina\localhost\ROOT.xml]
16-May-2025 12:44:50.343 WARNING [main] org.apache.catalina.startup.HostConfig.deployDescriptor Se ha especificado un docBase [C:\Users\Danie\Downloads\apache-tomcat-10.1.41-windows-x64\apache-tomcat-10.1.41\webapps] dentro del appBase de la máquina y será ignorado
16-May-2025 12:44:51.579 INFO [main] org.apache.jasper.servlet.TldScanner.scanJars Al menos un JAR, que se ha explorado buscando TLDs, aún no contenía TLDs. Activar historial de depuración para este historiador para una completa lista de los JARs que fueron explorados y de los que nos se halló TLDs. Saltarse JARs no necesarios durante la exploración puede dar lugar a una mejora de tiempo significativa en el arranque y compilación de JSP .
16-May-2025 12:44:51.853 WARNING [main] org.apache.catalina.util.SessionIdGeneratorBase.createSecureRandom Creation of SecureRandom instance for session ID generation using [SHA1PRNG] took [206] milliseconds.
16-May-2025 12:44:51.934 INFO [main] org.apache.catalina.startup.HostConfig.deployDescriptor Deployment of deployment descriptor [C:\Users\Danie\Downloads\apache-tomcat-10.1.41-windows-x64\apache-tomcat-10.1.41\conf\Catalina\localhost\ROOT.xml] has finished in [1.647] ms
16-May-2025 12:44:52.014 INFO [main] org.apache.catalina.startup.HostConfig.deployWAR Despliegue del archivo [C:\Users\Danie\Downloads\apache-tomcat-10.1.41-windows-x64\apache-tomcat-10.1.41\webapps\backend.war] de la aplicación web
16-May-2025 12:44:52.183 INFO [main] org.apache.catalina.startup.HostConfig.deployWAR Deployment of web application archive [C:\Users\Danie\Downloads\apache-tomcat-10.1.41-windows-x64\apache-tomcat-10.1.41\webapps\backend.war] has finished in [169] ms
16-May-2025 12:44:52.187 INFO [main] org.apache.catalina.startup.HostConfig.deployDirectory Desplegando el directorio [C:\Users\Danie\Downloads\apache-tomcat-10.1.41-windows-x64\apache-tomcat-10.1.41\webapps\docs] de la aplicación web
16-May-2025 12:44:52.299 INFO [main] org.apache.catalina.startup.HostConfig.deployDirectory Deployment of web application directory [C:\Users\Danie\Downloads\apache-tomcat-10.1.41-windows-x64\apache-tomcat-10.1.41\webapps\docs] has finished in [113] ms
16-May-2025 12:44:52.299 INFO [main] org.apache.catalina.startup.HostConfig.deployDirectory Desplegando el directorio [C:\Users\Danie\Downloads\apache-tomcat-10.1.41-windows-x64\apache-tomcat-10.1.41\webapps\examples] de la aplicación web
16-May-2025 12:44:56.179 INFO [main] org.apache.catalina.startup.HostConfig.deployDirectory Deployment of web application directory [C:\Users\Danie\Downloads\apache-tomcat-10.1.41-windows-x64\apache-tomcat-10.1.41\webapps\examples] has finished in [3.879] ms
16-May-2025 12:44:56.179 INFO [main] org.apache.catalina.startup.HostConfig.deployDirectory Desplegando el directorio [C:\Users\Danie\Downloads\apache-tomcat-10.1.41-windows-x64\apache-tomcat-10.1.41\webapps\host-manager] de la aplicación web
16-May-2025 12:44:56.315 INFO [main] org.apache.catalina.startup.HostConfig.deployDirectory Deployment of web application directory [C:\Users\Danie\Downloads\apache-tomcat-10.1.41-windows-x64\apache-tomcat-10.1.41\webapps\host-manager] has finished in [136] ms
16-May-2025 12:44:56.315 INFO [main] org.apache.catalina.startup.HostConfig.deployDirectory Desplegando el directorio [C:\Users\Danie\Downloads\apache-tomcat-10.1.41-windows-x64\apache-tomcat-10.1.41\webapps\manager] de la aplicación web
16-May-2025 12:44:56.452 INFO [main] org.apache.catalina.startup.HostConfig.deployDirectory Deployment of web application directory [C:\Users\Danie\Downloads\apache-tomcat-10.1.41-windows-x64\apache-tomcat-10.1.41\webapps\manager] has finished in [137] ms
16-May-2025 12:44:56.463 INFO [main] org.apache.coyote.AbstractProtocol.start Starting ProtocolHandler ["http-nio-8080"]
16-May-2025 12:44:56.678 INFO [main] org.apache.catalina.startup.Catalina.start Server startup in [6516] milliseconds
