15-May-2025 17:35:04.767 INFO [main] org.apache.catalina.startup.VersionLoggerListener.log Nombre de la versión del servidor: Apache Tomcat/10.1.41
15-May-2025 17:35:04.777 INFO [main] org.apache.catalina.startup.VersionLoggerListener.log Server built:                      May 8 2025 12:44:02 UTC
15-May-2025 17:35:04.778 INFO [main] org.apache.catalina.startup.VersionLoggerListener.log Número de versión de servidor:     10.1.41.0
15-May-2025 17:35:04.779 INFO [main] org.apache.catalina.startup.VersionLoggerListener.log OS Name:                           Windows 11
15-May-2025 17:35:04.779 INFO [main] org.apache.catalina.startup.VersionLoggerListener.log Versión de Systema Operativo:      10.0
15-May-2025 17:35:04.780 INFO [main] org.apache.catalina.startup.VersionLoggerListener.log Arquitectura:                      amd64
15-May-2025 17:35:04.780 INFO [main] org.apache.catalina.startup.VersionLoggerListener.log Java Home:                         C:\Users\Danie\Downloads\jdk-17.0.12_windows-x64_bin\jdk-17.0.12
15-May-2025 17:35:04.780 INFO [main] org.apache.catalina.startup.VersionLoggerListener.log JVM Version:                       17.0.12+8-LTS-286
15-May-2025 17:35:04.780 INFO [main] org.apache.catalina.startup.VersionLoggerListener.log Vededor JVM:                       Oracle Corporation
15-May-2025 17:35:04.782 INFO [main] org.apache.catalina.startup.VersionLoggerListener.log CATALINA_BASE:                     C:\Users\Danie\Downloads\apache-tomcat-10.1.41-windows-x64\apache-tomcat-10.1.41
15-May-2025 17:35:04.782 INFO [main] org.apache.catalina.startup.VersionLoggerListener.log CATALINA_HOME:                     C:\Users\Danie\Downloads\apache-tomcat-10.1.41-windows-x64\apache-tomcat-10.1.41
15-May-2025 17:35:04.817 INFO [main] org.apache.catalina.startup.VersionLoggerListener.log Command line argument:             -Djava.util.logging.config.file=C:\Users\Danie\Downloads\apache-tomcat-10.1.41-windows-x64\apache-tomcat-10.1.41\conf\logging.properties
15-May-2025 17:35:04.819 INFO [main] org.apache.catalina.startup.VersionLoggerListener.log Command line argument:             -Djava.util.logging.manager=org.apache.juli.ClassLoaderLogManager
15-May-2025 17:35:04.819 INFO [main] org.apache.catalina.startup.VersionLoggerListener.log Command line argument:             -Djdk.tls.ephemeralDHKeySize=2048
15-May-2025 17:35:04.819 INFO [main] org.apache.catalina.startup.VersionLoggerListener.log Command line argument:             -Djava.protocol.handler.pkgs=org.apache.catalina.webresources
15-May-2025 17:35:04.820 INFO [main] org.apache.catalina.startup.VersionLoggerListener.log Command line argument:             -Dsun.io.useCanonCaches=false
15-May-2025 17:35:04.820 INFO [main] org.apache.catalina.startup.VersionLoggerListener.log Command line argument:             --add-opens=java.base/java.lang=ALL-UNNAMED
15-May-2025 17:35:04.820 INFO [main] org.apache.catalina.startup.VersionLoggerListener.log Command line argument:             --add-opens=java.base/java.lang.reflect=ALL-UNNAMED
15-May-2025 17:35:04.820 INFO [main] org.apache.catalina.startup.VersionLoggerListener.log Command line argument:             --add-opens=java.base/java.io=ALL-UNNAMED
15-May-2025 17:35:04.821 INFO [main] org.apache.catalina.startup.VersionLoggerListener.log Command line argument:             --add-opens=java.base/java.util=ALL-UNNAMED
15-May-2025 17:35:04.821 INFO [main] org.apache.catalina.startup.VersionLoggerListener.log Command line argument:             --add-opens=java.base/java.util.concurrent=ALL-UNNAMED
15-May-2025 17:35:04.821 INFO [main] org.apache.catalina.startup.VersionLoggerListener.log Command line argument:             --add-opens=java.rmi/sun.rmi.transport=ALL-UNNAMED
15-May-2025 17:35:04.821 INFO [main] org.apache.catalina.startup.VersionLoggerListener.log Command line argument:             -Dcatalina.base=C:\Users\Danie\Downloads\apache-tomcat-10.1.41-windows-x64\apache-tomcat-10.1.41
15-May-2025 17:35:04.823 INFO [main] org.apache.catalina.startup.VersionLoggerListener.log Command line argument:             -Dcatalina.home=C:\Users\Danie\Downloads\apache-tomcat-10.1.41-windows-x64\apache-tomcat-10.1.41
15-May-2025 17:35:04.823 INFO [main] org.apache.catalina.startup.VersionLoggerListener.log Command line argument:             -Djava.io.tmpdir=C:\Users\Danie\Downloads\apache-tomcat-10.1.41-windows-x64\apache-tomcat-10.1.41\temp
15-May-2025 17:35:04.828 INFO [main] org.apache.catalina.core.AprLifecycleListener.lifecycleEvent Cargada la biblioteca nativa APR de Apache Tomcat [2.0.8] con la versión APR [1.7.4].
15-May-2025 17:35:04.864 INFO [main] org.apache.catalina.core.AprLifecycleListener.initializeSSL OpenSSL inicializado correctamente [OpenSSL 3.0.14 4 Jun 2024]
15-May-2025 17:35:05.397 INFO [main] org.apache.coyote.AbstractProtocol.init Inicializando el manejador de protocolo ["http-nio-8080"]

15-May-2025 17:35:05.444 INFO [main] org.apache.catalina.startup.Catalina.load Server initialization in [1196] milliseconds
15-May-2025 17:35:05.572 INFO [main] org.apache.catalina.core.StandardService.startInternal Arrancando servicio [Catalina]
15-May-2025 17:35:05.572 INFO [main] org.apache.catalina.core.StandardEngine.startInternal Starting Servlet engine: [Apache Tomcat/10.1.41]
15-May-2025 17:35:05.612 INFO [main] org.apache.catalina.startup.HostConfig.deployWAR Despliegue del archivo [C:\Users\Danie\Downloads\apache-tomcat-10.1.41-windows-x64\apache-tomcat-10.1.41\webapps\backend.war] de la aplicación web
15-May-2025 17:35:06.563 WARNING [main] org.apache.catalina.util.SessionIdGeneratorBase.createSecureRandom Creation of SecureRandom instance for session ID generation using [SHA1PRNG] took [162] milliseconds.
15-May-2025 17:35:06.625 INFO [main] org.apache.catalina.startup.HostConfig.deployWAR Deployment of web application archive [C:\Users\Danie\Downloads\apache-tomcat-10.1.41-windows-x64\apache-tomcat-10.1.41\webapps\backend.war] has finished in [1.012] ms
15-May-2025 17:35:06.627 INFO [main] org.apache.catalina.startup.HostConfig.deployDirectory Desplegando el directorio [C:\Users\Danie\Downloads\apache-tomcat-10.1.41-windows-x64\apache-tomcat-10.1.41\webapps\docs] de la aplicación web
15-May-2025 17:35:06.770 INFO [main] org.apache.catalina.startup.HostConfig.deployDirectory Deployment of web application directory [C:\Users\Danie\Downloads\apache-tomcat-10.1.41-windows-x64\apache-tomcat-10.1.41\webapps\docs] has finished in [143] ms
15-May-2025 17:35:06.772 INFO [main] org.apache.catalina.startup.HostConfig.deployDirectory Desplegando el directorio [C:\Users\Danie\Downloads\apache-tomcat-10.1.41-windows-x64\apache-tomcat-10.1.41\webapps\examples] de la aplicación web
15-May-2025 17:35:10.585 INFO [main] org.apache.catalina.startup.HostConfig.deployDirectory Deployment of web application directory [C:\Users\Danie\Downloads\apache-tomcat-10.1.41-windows-x64\apache-tomcat-10.1.41\webapps\examples] has finished in [3.813] ms
15-May-2025 17:35:10.586 INFO [main] org.apache.catalina.startup.HostConfig.deployDirectory Desplegando el directorio [C:\Users\Danie\Downloads\apache-tomcat-10.1.41-windows-x64\apache-tomcat-10.1.41\webapps\host-manager] de la aplicación web
15-May-2025 17:35:10.736 INFO [main] org.apache.catalina.startup.HostConfig.deployDirectory Deployment of web application directory [C:\Users\Danie\Downloads\apache-tomcat-10.1.41-windows-x64\apache-tomcat-10.1.41\webapps\host-manager] has finished in [149] ms
15-May-2025 17:35:10.737 INFO [main] org.apache.catalina.startup.HostConfig.deployDirectory Desplegando el directorio [C:\Users\Danie\Downloads\apache-tomcat-10.1.41-windows-x64\apache-tomcat-10.1.41\webapps\manager] de la aplicación web
15-May-2025 17:35:10.866 INFO [main] org.apache.catalina.startup.HostConfig.deployDirectory Deployment of web application directory [C:\Users\Danie\Downloads\apache-tomcat-10.1.41-windows-x64\apache-tomcat-10.1.41\webapps\manager] has finished in [129] ms
15-May-2025 17:35:10.867 INFO [main] org.apache.catalina.startup.HostConfig.deployDirectory Desplegando el directorio [C:\Users\Danie\Downloads\apache-tomcat-10.1.41-windows-x64\apache-tomcat-10.1.41\webapps\ROOT] de la aplicación web
15-May-2025 17:35:10.962 INFO [main] org.apache.catalina.startup.HostConfig.deployDirectory Deployment of web application directory [C:\Users\Danie\Downloads\apache-tomcat-10.1.41-windows-x64\apache-tomcat-10.1.41\webapps\ROOT] has finished in [95] ms
15-May-2025 17:35:10.976 INFO [main] org.apache.coyote.AbstractProtocol.start Starting ProtocolHandler ["http-nio-8080"]
15-May-2025 17:35:11.187 INFO [main] org.apache.catalina.startup.Catalina.start Server startup in [5741] milliseconds
15-May-2025 17:35:47.342 INFO [main] org.apache.catalina.startup.VersionLoggerListener.log Nombre de la versión del servidor: Apache Tomcat/10.1.41
15-May-2025 17:35:47.345 INFO [main] org.apache.catalina.startup.VersionLoggerListener.log Server built:                      May 8 2025 12:44:02 UTC
15-May-2025 17:35:47.346 INFO [main] org.apache.catalina.startup.VersionLoggerListener.log Número de versión de servidor:     10.1.41.0
15-May-2025 17:35:47.346 INFO [main] org.apache.catalina.startup.VersionLoggerListener.log OS Name:                           Windows 11
15-May-2025 17:35:47.346 INFO [main] org.apache.catalina.startup.VersionLoggerListener.log Versión de Systema Operativo:      10.0
15-May-2025 17:35:47.346 INFO [main] org.apache.catalina.startup.VersionLoggerListener.log Arquitectura:                      amd64
15-May-2025 17:35:47.346 INFO [main] org.apache.catalina.startup.VersionLoggerListener.log Java Home:                         C:\Users\Danie\Downloads\jdk-17.0.12_windows-x64_bin\jdk-17.0.12
15-May-2025 17:35:47.346 INFO [main] org.apache.catalina.startup.VersionLoggerListener.log JVM Version:                       17.0.12+8-LTS-286
15-May-2025 17:35:47.347 INFO [main] org.apache.catalina.startup.VersionLoggerListener.log Vededor JVM:                       Oracle Corporation
15-May-2025 17:35:47.347 INFO [main] org.apache.catalina.startup.VersionLoggerListener.log CATALINA_BASE:                     C:\Users\Danie\Downloads\apache-tomcat-10.1.41-windows-x64\apache-tomcat-10.1.41
15-May-2025 17:35:47.347 INFO [main] org.apache.catalina.startup.VersionLoggerListener.log CATALINA_HOME:                     C:\Users\Danie\Downloads\apache-tomcat-10.1.41-windows-x64\apache-tomcat-10.1.41
15-May-2025 17:35:47.354 INFO [main] org.apache.catalina.startup.VersionLoggerListener.log Command line argument:             -Djava.util.logging.config.file=C:\Users\Danie\Downloads\apache-tomcat-10.1.41-windows-x64\apache-tomcat-10.1.41\conf\logging.properties
15-May-2025 17:35:47.355 INFO [main] org.apache.catalina.startup.VersionLoggerListener.log Command line argument:             -Djava.util.logging.manager=org.apache.juli.ClassLoaderLogManager
15-May-2025 17:35:47.355 INFO [main] org.apache.catalina.startup.VersionLoggerListener.log Command line argument:             -Djdk.tls.ephemeralDHKeySize=2048
15-May-2025 17:35:47.355 INFO [main] org.apache.catalina.startup.VersionLoggerListener.log Command line argument:             -Djava.protocol.handler.pkgs=org.apache.catalina.webresources
15-May-2025 17:35:47.355 INFO [main] org.apache.catalina.startup.VersionLoggerListener.log Command line argument:             -Dsun.io.useCanonCaches=false
15-May-2025 17:35:47.355 INFO [main] org.apache.catalina.startup.VersionLoggerListener.log Command line argument:             --add-opens=java.base/java.lang=ALL-UNNAMED
15-May-2025 17:35:47.355 INFO [main] org.apache.catalina.startup.VersionLoggerListener.log Command line argument:             --add-opens=java.base/java.lang.reflect=ALL-UNNAMED
15-May-2025 17:35:47.355 INFO [main] org.apache.catalina.startup.VersionLoggerListener.log Command line argument:             --add-opens=java.base/java.io=ALL-UNNAMED
15-May-2025 17:35:47.356 INFO [main] org.apache.catalina.startup.VersionLoggerListener.log Command line argument:             --add-opens=java.base/java.util=ALL-UNNAMED
15-May-2025 17:35:47.356 INFO [main] org.apache.catalina.startup.VersionLoggerListener.log Command line argument:             --add-opens=java.base/java.util.concurrent=ALL-UNNAMED
15-May-2025 17:35:47.356 INFO [main] org.apache.catalina.startup.VersionLoggerListener.log Command line argument:             --add-opens=java.rmi/sun.rmi.transport=ALL-UNNAMED
15-May-2025 17:35:47.356 INFO [main] org.apache.catalina.startup.VersionLoggerListener.log Command line argument:             -Dcatalina.base=C:\Users\Danie\Downloads\apache-tomcat-10.1.41-windows-x64\apache-tomcat-10.1.41
15-May-2025 17:35:47.356 INFO [main] org.apache.catalina.startup.VersionLoggerListener.log Command line argument:             -Dcatalina.home=C:\Users\Danie\Downloads\apache-tomcat-10.1.41-windows-x64\apache-tomcat-10.1.41
15-May-2025 17:35:47.356 INFO [main] org.apache.catalina.startup.VersionLoggerListener.log Command line argument:             -Djava.io.tmpdir=C:\Users\Danie\Downloads\apache-tomcat-10.1.41-windows-x64\apache-tomcat-10.1.41\temp
15-May-2025 17:35:47.358 INFO [main] org.apache.catalina.core.AprLifecycleListener.lifecycleEvent Cargada la biblioteca nativa APR de Apache Tomcat [2.0.8] con la versión APR [1.7.4].
15-May-2025 17:35:47.364 INFO [main] org.apache.catalina.core.AprLifecycleListener.initializeSSL OpenSSL inicializado correctamente [OpenSSL 3.0.14 4 Jun 2024]
15-May-2025 17:35:47.523 INFO [main] org.apache.coyote.AbstractProtocol.init Inicializando el manejador de protocolo ["http-nio-8080"]

15-May-2025 17:35:47.542 INFO [main] org.apache.catalina.startup.Catalina.load Server initialization in [345] milliseconds
15-May-2025 17:35:47.580 INFO [main] org.apache.catalina.core.StandardService.startInternal Arrancando servicio [Catalina]
15-May-2025 17:35:47.580 INFO [main] org.apache.catalina.core.StandardEngine.startInternal Starting Servlet engine: [Apache Tomcat/10.1.41]
15-May-2025 17:35:47.596 INFO [main] org.apache.catalina.startup.HostConfig.deployWAR Despliegue del archivo [C:\Users\Danie\Downloads\apache-tomcat-10.1.41-windows-x64\apache-tomcat-10.1.41\webapps\backend.war] de la aplicación web
15-May-2025 17:35:47.917 INFO [main] org.apache.catalina.startup.HostConfig.deployWAR Deployment of web application archive [C:\Users\Danie\Downloads\apache-tomcat-10.1.41-windows-x64\apache-tomcat-10.1.41\webapps\backend.war] has finished in [319] ms
15-May-2025 17:35:47.917 INFO [main] org.apache.catalina.startup.HostConfig.deployDirectory Desplegando el directorio [C:\Users\Danie\Downloads\apache-tomcat-10.1.41-windows-x64\apache-tomcat-10.1.41\webapps\docs] de la aplicación web
15-May-2025 17:35:47.947 INFO [main] org.apache.catalina.startup.HostConfig.deployDirectory Deployment of web application directory [C:\Users\Danie\Downloads\apache-tomcat-10.1.41-windows-x64\apache-tomcat-10.1.41\webapps\docs] has finished in [30] ms
15-May-2025 17:35:47.948 INFO [main] org.apache.catalina.startup.HostConfig.deployDirectory Desplegando el directorio [C:\Users\Danie\Downloads\apache-tomcat-10.1.41-windows-x64\apache-tomcat-10.1.41\webapps\examples] de la aplicación web
15-May-2025 17:35:48.214 INFO [main] org.apache.catalina.startup.HostConfig.deployDirectory Deployment of web application directory [C:\Users\Danie\Downloads\apache-tomcat-10.1.41-windows-x64\apache-tomcat-10.1.41\webapps\examples] has finished in [265] ms
15-May-2025 17:35:48.214 INFO [main] org.apache.catalina.startup.HostConfig.deployDirectory Desplegando el directorio [C:\Users\Danie\Downloads\apache-tomcat-10.1.41-windows-x64\apache-tomcat-10.1.41\webapps\host-manager] de la aplicación web
15-May-2025 17:35:48.242 INFO [main] org.apache.catalina.startup.HostConfig.deployDirectory Deployment of web application directory [C:\Users\Danie\Downloads\apache-tomcat-10.1.41-windows-x64\apache-tomcat-10.1.41\webapps\host-manager] has finished in [28] ms
15-May-2025 17:35:48.243 INFO [main] org.apache.catalina.startup.HostConfig.deployDirectory Desplegando el directorio [C:\Users\Danie\Downloads\apache-tomcat-10.1.41-windows-x64\apache-tomcat-10.1.41\webapps\manager] de la aplicación web
15-May-2025 17:35:48.267 INFO [main] org.apache.catalina.startup.HostConfig.deployDirectory Deployment of web application directory [C:\Users\Danie\Downloads\apache-tomcat-10.1.41-windows-x64\apache-tomcat-10.1.41\webapps\manager] has finished in [24] ms
15-May-2025 17:35:48.267 INFO [main] org.apache.catalina.startup.HostConfig.deployDirectory Desplegando el directorio [C:\Users\Danie\Downloads\apache-tomcat-10.1.41-windows-x64\apache-tomcat-10.1.41\webapps\ROOT] de la aplicación web
15-May-2025 17:35:48.285 INFO [main] org.apache.catalina.startup.HostConfig.deployDirectory Deployment of web application directory [C:\Users\Danie\Downloads\apache-tomcat-10.1.41-windows-x64\apache-tomcat-10.1.41\webapps\ROOT] has finished in [18] ms
15-May-2025 17:35:48.289 INFO [main] org.apache.coyote.AbstractProtocol.start Starting ProtocolHandler ["http-nio-8080"]
15-May-2025 17:35:48.336 INFO [main] org.apache.catalina.startup.Catalina.start Server startup in [794] milliseconds
15-May-2025 18:22:09.342 INFO [main] org.apache.catalina.startup.VersionLoggerListener.log Nombre de la versión del servidor: Apache Tomcat/10.1.41
15-May-2025 18:22:09.346 INFO [main] org.apache.catalina.startup.VersionLoggerListener.log Server built:                      May 8 2025 12:44:02 UTC
15-May-2025 18:22:09.346 INFO [main] org.apache.catalina.startup.VersionLoggerListener.log Número de versión de servidor:     10.1.41.0
15-May-2025 18:22:09.347 INFO [main] org.apache.catalina.startup.VersionLoggerListener.log OS Name:                           Windows 11
15-May-2025 18:22:09.347 INFO [main] org.apache.catalina.startup.VersionLoggerListener.log Versión de Systema Operativo:      10.0
15-May-2025 18:22:09.347 INFO [main] org.apache.catalina.startup.VersionLoggerListener.log Arquitectura:                      amd64
15-May-2025 18:22:09.347 INFO [main] org.apache.catalina.startup.VersionLoggerListener.log Java Home:                         C:\Users\Danie\Downloads\jdk-17.0.12_windows-x64_bin\jdk-17.0.12
15-May-2025 18:22:09.347 INFO [main] org.apache.catalina.startup.VersionLoggerListener.log JVM Version:                       17.0.12+8-LTS-286
15-May-2025 18:22:09.347 INFO [main] org.apache.catalina.startup.VersionLoggerListener.log Vededor JVM:                       Oracle Corporation
15-May-2025 18:22:09.347 INFO [main] org.apache.catalina.startup.VersionLoggerListener.log CATALINA_BASE:                     C:\Users\Danie\Downloads\apache-tomcat-10.1.41-windows-x64\apache-tomcat-10.1.41
15-May-2025 18:22:09.347 INFO [main] org.apache.catalina.startup.VersionLoggerListener.log CATALINA_HOME:                     C:\Users\Danie\Downloads\apache-tomcat-10.1.41-windows-x64\apache-tomcat-10.1.41
15-May-2025 18:22:09.357 INFO [main] org.apache.catalina.startup.VersionLoggerListener.log Command line argument:             -Djava.util.logging.config.file=C:\Users\Danie\Downloads\apache-tomcat-10.1.41-windows-x64\apache-tomcat-10.1.41\conf\logging.properties
15-May-2025 18:22:09.357 INFO [main] org.apache.catalina.startup.VersionLoggerListener.log Command line argument:             -Djava.util.logging.manager=org.apache.juli.ClassLoaderLogManager
15-May-2025 18:22:09.357 INFO [main] org.apache.catalina.startup.VersionLoggerListener.log Command line argument:             -Djdk.tls.ephemeralDHKeySize=2048
15-May-2025 18:22:09.357 INFO [main] org.apache.catalina.startup.VersionLoggerListener.log Command line argument:             -Djava.protocol.handler.pkgs=org.apache.catalina.webresources
15-May-2025 18:22:09.357 INFO [main] org.apache.catalina.startup.VersionLoggerListener.log Command line argument:             -Dsun.io.useCanonCaches=false
15-May-2025 18:22:09.358 INFO [main] org.apache.catalina.startup.VersionLoggerListener.log Command line argument:             --add-opens=java.base/java.lang=ALL-UNNAMED
15-May-2025 18:22:09.358 INFO [main] org.apache.catalina.startup.VersionLoggerListener.log Command line argument:             --add-opens=java.base/java.lang.reflect=ALL-UNNAMED
15-May-2025 18:22:09.358 INFO [main] org.apache.catalina.startup.VersionLoggerListener.log Command line argument:             --add-opens=java.base/java.io=ALL-UNNAMED
15-May-2025 18:22:09.358 INFO [main] org.apache.catalina.startup.VersionLoggerListener.log Command line argument:             --add-opens=java.base/java.util=ALL-UNNAMED
15-May-2025 18:22:09.358 INFO [main] org.apache.catalina.startup.VersionLoggerListener.log Command line argument:             --add-opens=java.base/java.util.concurrent=ALL-UNNAMED
15-May-2025 18:22:09.358 INFO [main] org.apache.catalina.startup.VersionLoggerListener.log Command line argument:             --add-opens=java.rmi/sun.rmi.transport=ALL-UNNAMED
15-May-2025 18:22:09.358 INFO [main] org.apache.catalina.startup.VersionLoggerListener.log Command line argument:             -Dcatalina.base=C:\Users\Danie\Downloads\apache-tomcat-10.1.41-windows-x64\apache-tomcat-10.1.41
15-May-2025 18:22:09.358 INFO [main] org.apache.catalina.startup.VersionLoggerListener.log Command line argument:             -Dcatalina.home=C:\Users\Danie\Downloads\apache-tomcat-10.1.41-windows-x64\apache-tomcat-10.1.41
15-May-2025 18:22:09.359 INFO [main] org.apache.catalina.startup.VersionLoggerListener.log Command line argument:             -Djava.io.tmpdir=C:\Users\Danie\Downloads\apache-tomcat-10.1.41-windows-x64\apache-tomcat-10.1.41\temp
15-May-2025 18:22:09.363 INFO [main] org.apache.catalina.core.AprLifecycleListener.lifecycleEvent Cargada la biblioteca nativa APR de Apache Tomcat [2.0.8] con la versión APR [1.7.4].
15-May-2025 18:22:09.379 INFO [main] org.apache.catalina.core.AprLifecycleListener.initializeSSL OpenSSL inicializado correctamente [OpenSSL 3.0.14 4 Jun 2024]
15-May-2025 18:22:09.557 INFO [main] org.apache.coyote.AbstractProtocol.init Inicializando el manejador de protocolo ["http-nio-8080"]

15-May-2025 18:22:09.573 SEVERE [main] org.apache.catalina.util.LifecycleBase.handleSubClassException Fallo al iniciar el componente [Connector["http-nio-8080"]]
	org.apache.catalina.LifecycleException: Falló la inicialización del manejador de protocolo
		at org.apache.catalina.connector.Connector.initInternal(Connector.java:1051)
		at org.apache.catalina.util.LifecycleBase.init(LifecycleBase.java:122)
		at org.apache.catalina.core.StandardService.initInternal(StandardService.java:522)
		at org.apache.catalina.util.LifecycleBase.init(LifecycleBase.java:122)
		at org.apache.catalina.core.StandardServer.initInternal(StandardServer.java:957)
		at org.apache.catalina.util.LifecycleBase.init(LifecycleBase.java:122)
		at org.apache.catalina.startup.Catalina.load(Catalina.java:712)
		at org.apache.catalina.startup.Catalina.load(Catalina.java:735)
		at java.base/jdk.internal.reflect.NativeMethodAccessorImpl.invoke0(Native Method)
		at java.base/jdk.internal.reflect.NativeMethodAccessorImpl.invoke(NativeMethodAccessorImpl.java:77)
		at java.base/jdk.internal.reflect.DelegatingMethodAccessorImpl.invoke(DelegatingMethodAccessorImpl.java:43)
		at java.base/java.lang.reflect.Method.invoke(Method.java:568)
		at org.apache.catalina.startup.Bootstrap.load(Bootstrap.java:302)
		at org.apache.catalina.startup.Bootstrap.main(Bootstrap.java:475)
	Caused by: java.net.BindException: Address already in use: bind
		at java.base/sun.nio.ch.Net.bind0(Native Method)
		at java.base/sun.nio.ch.Net.bind(Net.java:555)
		at java.base/sun.nio.ch.ServerSocketChannelImpl.netBind(ServerSocketChannelImpl.java:337)
		at java.base/sun.nio.ch.ServerSocketChannelImpl.bind(ServerSocketChannelImpl.java:294)
		at org.apache.tomcat.util.net.NioEndpoint.initServerSocket(NioEndpoint.java:240)
		at org.apache.tomcat.util.net.NioEndpoint.bind(NioEndpoint.java:195)
		at org.apache.tomcat.util.net.AbstractEndpoint.bindWithCleanup(AbstractEndpoint.java:1304)
		at org.apache.tomcat.util.net.AbstractEndpoint.init(AbstractEndpoint.java:1317)
		at org.apache.coyote.AbstractProtocol.init(AbstractProtocol.java:633)
		at org.apache.coyote.http11.AbstractHttp11Protocol.init(AbstractHttp11Protocol.java:82)
		at org.apache.catalina.connector.Connector.initInternal(Connector.java:1049)
		... 13 more
15-May-2025 18:22:09.574 INFO [main] org.apache.catalina.startup.Catalina.load Server initialization in [410] milliseconds
15-May-2025 18:22:09.611 INFO [main] org.apache.catalina.core.StandardService.startInternal Arrancando servicio [Catalina]
15-May-2025 18:22:09.611 INFO [main] org.apache.catalina.core.StandardEngine.startInternal Starting Servlet engine: [Apache Tomcat/10.1.41]
15-May-2025 18:22:09.625 INFO [main] org.apache.catalina.startup.HostConfig.deployWAR Despliegue del archivo [C:\Users\Danie\Downloads\apache-tomcat-10.1.41-windows-x64\apache-tomcat-10.1.41\webapps\backend.war] de la aplicación web
15-May-2025 18:22:09.932 INFO [main] org.apache.catalina.startup.HostConfig.deployWAR Deployment of web application archive [C:\Users\Danie\Downloads\apache-tomcat-10.1.41-windows-x64\apache-tomcat-10.1.41\webapps\backend.war] has finished in [305] ms
15-May-2025 18:22:09.934 INFO [main] org.apache.catalina.startup.HostConfig.deployDirectory Desplegando el directorio [C:\Users\Danie\Downloads\apache-tomcat-10.1.41-windows-x64\apache-tomcat-10.1.41\webapps\docs] de la aplicación web
15-May-2025 18:22:09.962 INFO [main] org.apache.catalina.startup.HostConfig.deployDirectory Deployment of web application directory [C:\Users\Danie\Downloads\apache-tomcat-10.1.41-windows-x64\apache-tomcat-10.1.41\webapps\docs] has finished in [27] ms
15-May-2025 18:22:09.962 INFO [main] org.apache.catalina.startup.HostConfig.deployDirectory Desplegando el directorio [C:\Users\Danie\Downloads\apache-tomcat-10.1.41-windows-x64\apache-tomcat-10.1.41\webapps\examples] de la aplicación web
15-May-2025 18:22:10.296 INFO [main] org.apache.catalina.startup.HostConfig.deployDirectory Deployment of web application directory [C:\Users\Danie\Downloads\apache-tomcat-10.1.41-windows-x64\apache-tomcat-10.1.41\webapps\examples] has finished in [334] ms
15-May-2025 18:22:10.296 INFO [main] org.apache.catalina.startup.HostConfig.deployDirectory Desplegando el directorio [C:\Users\Danie\Downloads\apache-tomcat-10.1.41-windows-x64\apache-tomcat-10.1.41\webapps\host-manager] de la aplicación web
15-May-2025 18:22:10.331 INFO [main] org.apache.catalina.startup.HostConfig.deployDirectory Deployment of web application directory [C:\Users\Danie\Downloads\apache-tomcat-10.1.41-windows-x64\apache-tomcat-10.1.41\webapps\host-manager] has finished in [35] ms
15-May-2025 18:22:10.331 INFO [main] org.apache.catalina.startup.HostConfig.deployDirectory Desplegando el directorio [C:\Users\Danie\Downloads\apache-tomcat-10.1.41-windows-x64\apache-tomcat-10.1.41\webapps\manager] de la aplicación web
15-May-2025 18:22:10.360 INFO [main] org.apache.catalina.startup.HostConfig.deployDirectory Deployment of web application directory [C:\Users\Danie\Downloads\apache-tomcat-10.1.41-windows-x64\apache-tomcat-10.1.41\webapps\manager] has finished in [29] ms
15-May-2025 18:22:10.360 INFO [main] org.apache.catalina.startup.HostConfig.deployDirectory Desplegando el directorio [C:\Users\Danie\Downloads\apache-tomcat-10.1.41-windows-x64\apache-tomcat-10.1.41\webapps\ROOT] de la aplicación web
15-May-2025 18:22:10.379 INFO [main] org.apache.catalina.startup.HostConfig.deployDirectory Deployment of web application directory [C:\Users\Danie\Downloads\apache-tomcat-10.1.41-windows-x64\apache-tomcat-10.1.41\webapps\ROOT] has finished in [19] ms
15-May-2025 18:22:10.385 INFO [main] org.apache.catalina.startup.Catalina.start Server startup in [810] milliseconds
15-May-2025 18:22:10.393 SEVERE [main] org.apache.catalina.core.StandardServer.await Failed to create server shutdown socket on address [localhost] and port [8005] (base port [8005] and offset [0])
	java.net.BindException: Address already in use: bind
		at java.base/sun.nio.ch.Net.bind0(Native Method)
		at java.base/sun.nio.ch.Net.bind(Net.java:555)
		at java.base/sun.nio.ch.Net.bind(Net.java:544)
		at java.base/sun.nio.ch.NioSocketImpl.bind(NioSocketImpl.java:648)
		at java.base/java.net.ServerSocket.bind(ServerSocket.java:388)
		at java.base/java.net.ServerSocket.<init>(ServerSocket.java:274)
		at org.apache.catalina.core.StandardServer.await(StandardServer.java:533)
		at org.apache.catalina.startup.Catalina.await(Catalina.java:851)
		at org.apache.catalina.startup.Catalina.start(Catalina.java:799)
		at java.base/jdk.internal.reflect.NativeMethodAccessorImpl.invoke0(Native Method)
		at java.base/jdk.internal.reflect.NativeMethodAccessorImpl.invoke(NativeMethodAccessorImpl.java:77)
		at java.base/jdk.internal.reflect.DelegatingMethodAccessorImpl.invoke(DelegatingMethodAccessorImpl.java:43)
		at java.base/java.lang.reflect.Method.invoke(Method.java:568)
		at org.apache.catalina.startup.Bootstrap.start(Bootstrap.java:345)
		at org.apache.catalina.startup.Bootstrap.main(Bootstrap.java:476)
15-May-2025 18:22:10.393 INFO [main] org.apache.coyote.AbstractProtocol.pause Pausing ProtocolHandler ["http-nio-8080"]
15-May-2025 18:22:10.393 INFO [main] org.apache.catalina.core.StandardService.stopInternal Parando servicio [Catalina]
15-May-2025 18:22:10.415 INFO [main] org.apache.coyote.AbstractProtocol.stop Stopping ProtocolHandler ["http-nio-8080"]
15-May-2025 18:22:10.416 INFO [main] org.apache.coyote.AbstractProtocol.destroy Destroying ProtocolHandler ["http-nio-8080"]
15-May-2025 18:39:08.732 INFO [main] org.apache.catalina.startup.VersionLoggerListener.log Nombre de la versión del servidor: Apache Tomcat/10.1.41
15-May-2025 18:39:08.735 INFO [main] org.apache.catalina.startup.VersionLoggerListener.log Server built:                      May 8 2025 12:44:02 UTC
15-May-2025 18:39:08.735 INFO [main] org.apache.catalina.startup.VersionLoggerListener.log Número de versión de servidor:     10.1.41.0
15-May-2025 18:39:08.735 INFO [main] org.apache.catalina.startup.VersionLoggerListener.log OS Name:                           Windows 11
15-May-2025 18:39:08.735 INFO [main] org.apache.catalina.startup.VersionLoggerListener.log Versión de Systema Operativo:      10.0
15-May-2025 18:39:08.735 INFO [main] org.apache.catalina.startup.VersionLoggerListener.log Arquitectura:                      amd64
15-May-2025 18:39:08.735 INFO [main] org.apache.catalina.startup.VersionLoggerListener.log Java Home:                         C:\Users\Danie\.jdks\openjdk-23
15-May-2025 18:39:08.735 INFO [main] org.apache.catalina.startup.VersionLoggerListener.log JVM Version:                       23+37-2369
15-May-2025 18:39:08.735 INFO [main] org.apache.catalina.startup.VersionLoggerListener.log Vededor JVM:                       Oracle Corporation
15-May-2025 18:39:08.736 INFO [main] org.apache.catalina.startup.VersionLoggerListener.log CATALINA_BASE:                     C:\Users\Danie\Downloads\apache-tomcat-10.1.41-windows-x64\apache-tomcat-10.1.41
15-May-2025 18:39:08.736 INFO [main] org.apache.catalina.startup.VersionLoggerListener.log CATALINA_HOME:                     C:\Users\Danie\Downloads\apache-tomcat-10.1.41-windows-x64\apache-tomcat-10.1.41
15-May-2025 18:39:08.744 INFO [main] org.apache.catalina.startup.VersionLoggerListener.log Command line argument:             --add-opens=java.base/java.lang=ALL-UNNAMED
15-May-2025 18:39:08.744 INFO [main] org.apache.catalina.startup.VersionLoggerListener.log Command line argument:             --add-opens=java.base/java.io=ALL-UNNAMED
15-May-2025 18:39:08.744 INFO [main] org.apache.catalina.startup.VersionLoggerListener.log Command line argument:             --add-opens=java.base/java.util=ALL-UNNAMED
15-May-2025 18:39:08.744 INFO [main] org.apache.catalina.startup.VersionLoggerListener.log Command line argument:             --add-opens=java.base/java.util.concurrent=ALL-UNNAMED
15-May-2025 18:39:08.744 INFO [main] org.apache.catalina.startup.VersionLoggerListener.log Command line argument:             --add-opens=java.rmi/sun.rmi.transport=ALL-UNNAMED
15-May-2025 18:39:08.744 INFO [main] org.apache.catalina.startup.VersionLoggerListener.log Command line argument:             -Dcatalina.home=C:\Users\Danie\Downloads\apache-tomcat-10.1.41-windows-x64\apache-tomcat-10.1.41
15-May-2025 18:39:08.745 INFO [main] org.apache.catalina.startup.VersionLoggerListener.log Command line argument:             -Dcatalina.base=C:\Users\Danie\Downloads\apache-tomcat-10.1.41-windows-x64\apache-tomcat-10.1.41
15-May-2025 18:39:08.745 INFO [main] org.apache.catalina.startup.VersionLoggerListener.log Command line argument:             -Djava.io.tmpdir=C:\Users\Danie\Downloads\apache-tomcat-10.1.41-windows-x64\apache-tomcat-10.1.41\temp
15-May-2025 18:39:08.745 INFO [main] org.apache.catalina.startup.VersionLoggerListener.log Command line argument:             -Djava.util.logging.config.file=C:\Users\Danie\Downloads\apache-tomcat-10.1.41-windows-x64\apache-tomcat-10.1.41\conf\logging.properties
15-May-2025 18:39:08.745 INFO [main] org.apache.catalina.startup.VersionLoggerListener.log Command line argument:             -Djava.util.logging.manager=org.apache.juli.ClassLoaderLogManager
15-May-2025 18:39:08.745 INFO [main] org.apache.catalina.startup.VersionLoggerListener.log Command line argument:             -javaagent:C:\Users\Danie\OneDrive\Escritorio\COSAS CLASE\APLICACIONES\IntelliJ IDEA Community Edition 2024.2.3\lib\idea_rt.jar=64270:C:\Users\Danie\OneDrive\Escritorio\COSAS CLASE\APLICACIONES\IntelliJ IDEA Community Edition 2024.2.3\bin
15-May-2025 18:39:08.745 INFO [main] org.apache.catalina.startup.VersionLoggerListener.log Command line argument:             -Dfile.encoding=UTF-8
15-May-2025 18:39:08.745 INFO [main] org.apache.catalina.startup.VersionLoggerListener.log Command line argument:             -Dsun.stdout.encoding=UTF-8
15-May-2025 18:39:08.745 INFO [main] org.apache.catalina.startup.VersionLoggerListener.log Command line argument:             -Dsun.stderr.encoding=UTF-8
15-May-2025 18:39:08.751 INFO [main] org.apache.catalina.core.AprLifecycleListener.lifecycleEvent Cargada la biblioteca nativa APR de Apache Tomcat [2.0.8] con la versión APR [1.7.4].
15-May-2025 18:39:08.769 INFO [main] org.apache.catalina.core.AprLifecycleListener.initializeSSL OpenSSL inicializado correctamente [OpenSSL 3.0.14 4 Jun 2024]
15-May-2025 18:39:09.171 INFO [main] org.apache.coyote.AbstractProtocol.init Inicializando el manejador de protocolo ["http-nio-8080"]

15-May-2025 18:39:09.181 SEVERE [main] org.apache.catalina.util.LifecycleBase.handleSubClassException Fallo al iniciar el componente [Connector["http-nio-8080"]]
	org.apache.catalina.LifecycleException: Falló la inicialización del manejador de protocolo
		at org.apache.catalina.connector.Connector.initInternal(Connector.java:1051)
		at org.apache.catalina.util.LifecycleBase.init(LifecycleBase.java:122)
		at org.apache.catalina.core.StandardService.initInternal(StandardService.java:522)
		at org.apache.catalina.util.LifecycleBase.init(LifecycleBase.java:122)
		at org.apache.catalina.core.StandardServer.initInternal(StandardServer.java:957)
		at org.apache.catalina.util.LifecycleBase.init(LifecycleBase.java:122)
		at org.apache.catalina.startup.Catalina.load(Catalina.java:712)
		at org.apache.catalina.startup.Catalina.load(Catalina.java:735)
		at java.base/jdk.internal.reflect.DirectMethodHandleAccessor.invoke(DirectMethodHandleAccessor.java:103)
		at java.base/java.lang.reflect.Method.invoke(Method.java:580)
		at org.apache.catalina.startup.Bootstrap.load(Bootstrap.java:302)
		at org.apache.catalina.startup.Bootstrap.main(Bootstrap.java:475)
	Caused by: java.net.BindException: Address already in use: bind
		at java.base/sun.nio.ch.Net.bind0(Native Method)
		at java.base/sun.nio.ch.Net.bind(Net.java:565)
		at java.base/sun.nio.ch.ServerSocketChannelImpl.netBind(ServerSocketChannelImpl.java:344)
		at java.base/sun.nio.ch.ServerSocketChannelImpl.bind(ServerSocketChannelImpl.java:301)
		at org.apache.tomcat.util.net.NioEndpoint.initServerSocket(NioEndpoint.java:240)
		at org.apache.tomcat.util.net.NioEndpoint.bind(NioEndpoint.java:195)
		at org.apache.tomcat.util.net.AbstractEndpoint.bindWithCleanup(AbstractEndpoint.java:1304)
		at org.apache.tomcat.util.net.AbstractEndpoint.init(AbstractEndpoint.java:1317)
		at org.apache.coyote.AbstractProtocol.init(AbstractProtocol.java:633)
		at org.apache.coyote.http11.AbstractHttp11Protocol.init(AbstractHttp11Protocol.java:82)
		at org.apache.catalina.connector.Connector.initInternal(Connector.java:1049)
		... 11 more
15-May-2025 18:39:09.182 INFO [main] org.apache.catalina.startup.Catalina.load Server initialization in [712] milliseconds
15-May-2025 18:39:09.245 INFO [main] org.apache.catalina.core.StandardService.startInternal Arrancando servicio [Catalina]
15-May-2025 18:39:09.245 INFO [main] org.apache.catalina.core.StandardEngine.startInternal Starting Servlet engine: [Apache Tomcat/10.1.41]
15-May-2025 18:39:09.256 INFO [main] org.apache.catalina.startup.HostConfig.deployDescriptor Desplieque del descriptor de configuración [C:\Users\Danie\Downloads\apache-tomcat-10.1.41-windows-x64\apache-tomcat-10.1.41\conf\Catalina\localhost\ROOT.xml]
15-May-2025 18:39:09.274 WARNING [main] org.apache.catalina.startup.HostConfig.deployDescriptor Se ha especificado un docBase [C:\Users\Danie\Downloads\apache-tomcat-10.1.41-windows-x64\apache-tomcat-10.1.41\webapps] dentro del appBase de la máquina y será ignorado
15-May-2025 18:39:09.762 INFO [main] org.apache.jasper.servlet.TldScanner.scanJars Al menos un JAR, que se ha explorado buscando TLDs, aún no contenía TLDs. Activar historial de depuración para este historiador para una completa lista de los JARs que fueron explorados y de los que nos se halló TLDs. Saltarse JARs no necesarios durante la exploración puede dar lugar a una mejora de tiempo significativa en el arranque y compilación de JSP .
15-May-2025 18:39:09.810 INFO [main] org.apache.catalina.startup.HostConfig.deployDescriptor Deployment of deployment descriptor [C:\Users\Danie\Downloads\apache-tomcat-10.1.41-windows-x64\apache-tomcat-10.1.41\conf\Catalina\localhost\ROOT.xml] has finished in [551] ms
15-May-2025 18:39:09.813 INFO [main] org.apache.catalina.startup.HostConfig.deployWAR Despliegue del archivo [C:\Users\Danie\Downloads\apache-tomcat-10.1.41-windows-x64\apache-tomcat-10.1.41\webapps\backend.war] de la aplicación web
15-May-2025 18:39:09.870 INFO [main] org.apache.catalina.startup.HostConfig.deployWAR Deployment of web application archive [C:\Users\Danie\Downloads\apache-tomcat-10.1.41-windows-x64\apache-tomcat-10.1.41\webapps\backend.war] has finished in [57] ms
15-May-2025 18:39:09.872 INFO [main] org.apache.catalina.startup.HostConfig.deployDirectory Desplegando el directorio [C:\Users\Danie\Downloads\apache-tomcat-10.1.41-windows-x64\apache-tomcat-10.1.41\webapps\docs] de la aplicación web
15-May-2025 18:39:09.897 INFO [main] org.apache.catalina.startup.HostConfig.deployDirectory Deployment of web application directory [C:\Users\Danie\Downloads\apache-tomcat-10.1.41-windows-x64\apache-tomcat-10.1.41\webapps\docs] has finished in [25] ms
15-May-2025 18:39:09.897 INFO [main] org.apache.catalina.startup.HostConfig.deployDirectory Desplegando el directorio [C:\Users\Danie\Downloads\apache-tomcat-10.1.41-windows-x64\apache-tomcat-10.1.41\webapps\examples] de la aplicación web
15-May-2025 18:39:10.233 INFO [main] org.apache.catalina.startup.HostConfig.deployDirectory Deployment of web application directory [C:\Users\Danie\Downloads\apache-tomcat-10.1.41-windows-x64\apache-tomcat-10.1.41\webapps\examples] has finished in [336] ms
15-May-2025 18:39:10.233 INFO [main] org.apache.catalina.startup.HostConfig.deployDirectory Desplegando el directorio [C:\Users\Danie\Downloads\apache-tomcat-10.1.41-windows-x64\apache-tomcat-10.1.41\webapps\host-manager] de la aplicación web
15-May-2025 18:39:10.273 INFO [main] org.apache.catalina.startup.HostConfig.deployDirectory Deployment of web application directory [C:\Users\Danie\Downloads\apache-tomcat-10.1.41-windows-x64\apache-tomcat-10.1.41\webapps\host-manager] has finished in [40] ms
15-May-2025 18:39:10.273 INFO [main] org.apache.catalina.startup.HostConfig.deployDirectory Desplegando el directorio [C:\Users\Danie\Downloads\apache-tomcat-10.1.41-windows-x64\apache-tomcat-10.1.41\webapps\manager] de la aplicación web
15-May-2025 18:39:10.305 INFO [main] org.apache.catalina.startup.HostConfig.deployDirectory Deployment of web application directory [C:\Users\Danie\Downloads\apache-tomcat-10.1.41-windows-x64\apache-tomcat-10.1.41\webapps\manager] has finished in [31] ms
15-May-2025 18:39:10.310 INFO [main] org.apache.catalina.startup.Catalina.start Server startup in [1126] milliseconds
15-May-2025 18:39:10.320 SEVERE [main] org.apache.catalina.core.StandardServer.await Failed to create server shutdown socket on address [localhost] and port [8005] (base port [8005] and offset [0])
	java.net.BindException: Address already in use: bind
		at java.base/sun.nio.ch.Net.bind0(Native Method)
		at java.base/sun.nio.ch.Net.bind(Net.java:565)
		at java.base/sun.nio.ch.Net.bind(Net.java:554)
		at java.base/sun.nio.ch.NioSocketImpl.bind(NioSocketImpl.java:636)
		at java.base/java.net.ServerSocket.bind(ServerSocket.java:389)
		at java.base/java.net.ServerSocket.<init>(ServerSocket.java:276)
		at org.apache.catalina.core.StandardServer.await(StandardServer.java:533)
		at org.apache.catalina.startup.Catalina.await(Catalina.java:851)
		at org.apache.catalina.startup.Catalina.start(Catalina.java:799)
		at java.base/jdk.internal.reflect.DirectMethodHandleAccessor.invoke(DirectMethodHandleAccessor.java:103)
		at java.base/java.lang.reflect.Method.invoke(Method.java:580)
		at org.apache.catalina.startup.Bootstrap.start(Bootstrap.java:345)
		at org.apache.catalina.startup.Bootstrap.main(Bootstrap.java:476)
15-May-2025 18:39:10.320 INFO [main] org.apache.coyote.AbstractProtocol.pause Pausing ProtocolHandler ["http-nio-8080"]
15-May-2025 18:39:10.320 INFO [main] org.apache.catalina.core.StandardService.stopInternal Parando servicio [Catalina]
15-May-2025 18:39:10.341 INFO [main] org.apache.coyote.AbstractProtocol.stop Stopping ProtocolHandler ["http-nio-8080"]
15-May-2025 18:39:10.341 INFO [main] org.apache.coyote.AbstractProtocol.destroy Destroying ProtocolHandler ["http-nio-8080"]
15-May-2025 18:39:14.247 INFO [Catalina-utility-2] org.apache.catalina.startup.HostConfig.undeploy Repliegue (undeploy) de la aplicación web que tiene como trayectoria de contexto []
15-May-2025 18:39:14.312 INFO [Catalina-utility-2] org.apache.catalina.startup.HostConfig.deployDescriptor Desplieque del descriptor de configuración [C:\Users\Danie\Downloads\apache-tomcat-10.1.41-windows-x64\apache-tomcat-10.1.41\conf\Catalina\localhost\ROOT.xml]
15-May-2025 18:39:14.318 WARNING [Catalina-utility-2] org.apache.catalina.startup.HostConfig.deployDescriptor Se ha especificado un docBase [C:\Users\Danie\Downloads\apache-tomcat-10.1.41-windows-x64\apache-tomcat-10.1.41\webapps] dentro del appBase de la máquina y será ignorado
15-May-2025 18:39:14.934 INFO [Catalina-utility-2] org.apache.jasper.servlet.TldScanner.scanJars Al menos un JAR, que se ha explorado buscando TLDs, aún no contenía TLDs. Activar historial de depuración para este historiador para una completa lista de los JARs que fueron explorados y de los que nos se halló TLDs. Saltarse JARs no necesarios durante la exploración puede dar lugar a una mejora de tiempo significativa en el arranque y compilación de JSP .
15-May-2025 18:39:14.950 INFO [Catalina-utility-2] org.apache.catalina.startup.HostConfig.deployDescriptor Deployment of deployment descriptor [C:\Users\Danie\Downloads\apache-tomcat-10.1.41-windows-x64\apache-tomcat-10.1.41\conf\Catalina\localhost\ROOT.xml] has finished in [636] ms
15-May-2025 18:40:25.512 INFO [main] org.apache.catalina.startup.VersionLoggerListener.log Nombre de la versión del servidor: Apache Tomcat/10.1.41
15-May-2025 18:40:25.516 INFO [main] org.apache.catalina.startup.VersionLoggerListener.log Server built:                      May 8 2025 12:44:02 UTC
15-May-2025 18:40:25.517 INFO [main] org.apache.catalina.startup.VersionLoggerListener.log Número de versión de servidor:     10.1.41.0
15-May-2025 18:40:25.517 INFO [main] org.apache.catalina.startup.VersionLoggerListener.log OS Name:                           Windows 11
15-May-2025 18:40:25.517 INFO [main] org.apache.catalina.startup.VersionLoggerListener.log Versión de Systema Operativo:      10.0
15-May-2025 18:40:25.517 INFO [main] org.apache.catalina.startup.VersionLoggerListener.log Arquitectura:                      amd64
15-May-2025 18:40:25.517 INFO [main] org.apache.catalina.startup.VersionLoggerListener.log Java Home:                         C:\Users\Danie\Downloads\jdk-17.0.12_windows-x64_bin\jdk-17.0.12
15-May-2025 18:40:25.517 INFO [main] org.apache.catalina.startup.VersionLoggerListener.log JVM Version:                       17.0.12+8-LTS-286
15-May-2025 18:40:25.517 INFO [main] org.apache.catalina.startup.VersionLoggerListener.log Vededor JVM:                       Oracle Corporation
15-May-2025 18:40:25.517 INFO [main] org.apache.catalina.startup.VersionLoggerListener.log CATALINA_BASE:                     C:\Users\Danie\Downloads\apache-tomcat-10.1.41-windows-x64\apache-tomcat-10.1.41
15-May-2025 18:40:25.518 INFO [main] org.apache.catalina.startup.VersionLoggerListener.log CATALINA_HOME:                     C:\Users\Danie\Downloads\apache-tomcat-10.1.41-windows-x64\apache-tomcat-10.1.41
15-May-2025 18:40:25.529 INFO [main] org.apache.catalina.startup.VersionLoggerListener.log Command line argument:             -Djava.util.logging.config.file=C:\Users\Danie\Downloads\apache-tomcat-10.1.41-windows-x64\apache-tomcat-10.1.41\conf\logging.properties
15-May-2025 18:40:25.530 INFO [main] org.apache.catalina.startup.VersionLoggerListener.log Command line argument:             -Djava.util.logging.manager=org.apache.juli.ClassLoaderLogManager
15-May-2025 18:40:25.530 INFO [main] org.apache.catalina.startup.VersionLoggerListener.log Command line argument:             -Djdk.tls.ephemeralDHKeySize=2048
15-May-2025 18:40:25.530 INFO [main] org.apache.catalina.startup.VersionLoggerListener.log Command line argument:             -Djava.protocol.handler.pkgs=org.apache.catalina.webresources
15-May-2025 18:40:25.530 INFO [main] org.apache.catalina.startup.VersionLoggerListener.log Command line argument:             -Dsun.io.useCanonCaches=false
15-May-2025 18:40:25.530 INFO [main] org.apache.catalina.startup.VersionLoggerListener.log Command line argument:             --add-opens=java.base/java.lang=ALL-UNNAMED
15-May-2025 18:40:25.531 INFO [main] org.apache.catalina.startup.VersionLoggerListener.log Command line argument:             --add-opens=java.base/java.lang.reflect=ALL-UNNAMED
15-May-2025 18:40:25.531 INFO [main] org.apache.catalina.startup.VersionLoggerListener.log Command line argument:             --add-opens=java.base/java.io=ALL-UNNAMED
15-May-2025 18:40:25.531 INFO [main] org.apache.catalina.startup.VersionLoggerListener.log Command line argument:             --add-opens=java.base/java.util=ALL-UNNAMED
15-May-2025 18:40:25.531 INFO [main] org.apache.catalina.startup.VersionLoggerListener.log Command line argument:             --add-opens=java.base/java.util.concurrent=ALL-UNNAMED
15-May-2025 18:40:25.532 INFO [main] org.apache.catalina.startup.VersionLoggerListener.log Command line argument:             --add-opens=java.rmi/sun.rmi.transport=ALL-UNNAMED
15-May-2025 18:40:25.532 INFO [main] org.apache.catalina.startup.VersionLoggerListener.log Command line argument:             -Dcatalina.base=C:\Users\Danie\Downloads\apache-tomcat-10.1.41-windows-x64\apache-tomcat-10.1.41
15-May-2025 18:40:25.532 INFO [main] org.apache.catalina.startup.VersionLoggerListener.log Command line argument:             -Dcatalina.home=C:\Users\Danie\Downloads\apache-tomcat-10.1.41-windows-x64\apache-tomcat-10.1.41
15-May-2025 18:40:25.532 INFO [main] org.apache.catalina.startup.VersionLoggerListener.log Command line argument:             -Djava.io.tmpdir=C:\Users\Danie\Downloads\apache-tomcat-10.1.41-windows-x64\apache-tomcat-10.1.41\temp
15-May-2025 18:40:25.534 INFO [main] org.apache.catalina.core.AprLifecycleListener.lifecycleEvent Cargada la biblioteca nativa APR de Apache Tomcat [2.0.8] con la versión APR [1.7.4].
15-May-2025 18:40:25.540 INFO [main] org.apache.catalina.core.AprLifecycleListener.initializeSSL OpenSSL inicializado correctamente [OpenSSL 3.0.14 4 Jun 2024]
15-May-2025 18:40:25.732 INFO [main] org.apache.coyote.AbstractProtocol.init Inicializando el manejador de protocolo ["http-nio-8080"]

15-May-2025 18:40:25.756 SEVERE [main] org.apache.catalina.util.LifecycleBase.handleSubClassException Fallo al iniciar el componente [Connector["http-nio-8080"]]
	org.apache.catalina.LifecycleException: Falló la inicialización del manejador de protocolo
		at org.apache.catalina.connector.Connector.initInternal(Connector.java:1051)
		at org.apache.catalina.util.LifecycleBase.init(LifecycleBase.java:122)
		at org.apache.catalina.core.StandardService.initInternal(StandardService.java:522)
		at org.apache.catalina.util.LifecycleBase.init(LifecycleBase.java:122)
		at org.apache.catalina.core.StandardServer.initInternal(StandardServer.java:957)
		at org.apache.catalina.util.LifecycleBase.init(LifecycleBase.java:122)
		at org.apache.catalina.startup.Catalina.load(Catalina.java:712)
		at org.apache.catalina.startup.Catalina.load(Catalina.java:735)
		at java.base/jdk.internal.reflect.NativeMethodAccessorImpl.invoke0(Native Method)
		at java.base/jdk.internal.reflect.NativeMethodAccessorImpl.invoke(NativeMethodAccessorImpl.java:77)
		at java.base/jdk.internal.reflect.DelegatingMethodAccessorImpl.invoke(DelegatingMethodAccessorImpl.java:43)
		at java.base/java.lang.reflect.Method.invoke(Method.java:568)
		at org.apache.catalina.startup.Bootstrap.load(Bootstrap.java:302)
		at org.apache.catalina.startup.Bootstrap.main(Bootstrap.java:475)
	Caused by: java.net.BindException: Address already in use: bind
		at java.base/sun.nio.ch.Net.bind0(Native Method)
		at java.base/sun.nio.ch.Net.bind(Net.java:555)
		at java.base/sun.nio.ch.ServerSocketChannelImpl.netBind(ServerSocketChannelImpl.java:337)
		at java.base/sun.nio.ch.ServerSocketChannelImpl.bind(ServerSocketChannelImpl.java:294)
		at org.apache.tomcat.util.net.NioEndpoint.initServerSocket(NioEndpoint.java:240)
		at org.apache.tomcat.util.net.NioEndpoint.bind(NioEndpoint.java:195)
		at org.apache.tomcat.util.net.AbstractEndpoint.bindWithCleanup(AbstractEndpoint.java:1304)
		at org.apache.tomcat.util.net.AbstractEndpoint.init(AbstractEndpoint.java:1317)
		at org.apache.coyote.AbstractProtocol.init(AbstractProtocol.java:633)
		at org.apache.coyote.http11.AbstractHttp11Protocol.init(AbstractHttp11Protocol.java:82)
		at org.apache.catalina.connector.Connector.initInternal(Connector.java:1049)
		... 13 more
15-May-2025 18:40:25.757 INFO [main] org.apache.catalina.startup.Catalina.load Server initialization in [406] milliseconds
15-May-2025 18:40:25.800 INFO [main] org.apache.catalina.core.StandardService.startInternal Arrancando servicio [Catalina]
15-May-2025 18:40:25.800 INFO [main] org.apache.catalina.core.StandardEngine.startInternal Starting Servlet engine: [Apache Tomcat/10.1.41]
15-May-2025 18:40:25.808 INFO [main] org.apache.catalina.startup.HostConfig.deployDescriptor Desplieque del descriptor de configuración [C:\Users\Danie\Downloads\apache-tomcat-10.1.41-windows-x64\apache-tomcat-10.1.41\conf\Catalina\localhost\ROOT.xml]
15-May-2025 18:40:25.827 WARNING [main] org.apache.catalina.startup.HostConfig.deployDescriptor Se ha especificado un docBase [C:\Users\Danie\Downloads\apache-tomcat-10.1.41-windows-x64\apache-tomcat-10.1.41\webapps] dentro del appBase de la máquina y será ignorado
15-May-2025 18:40:26.163 INFO [main] org.apache.jasper.servlet.TldScanner.scanJars Al menos un JAR, que se ha explorado buscando TLDs, aún no contenía TLDs. Activar historial de depuración para este historiador para una completa lista de los JARs que fueron explorados y de los que nos se halló TLDs. Saltarse JARs no necesarios durante la exploración puede dar lugar a una mejora de tiempo significativa en el arranque y compilación de JSP .
15-May-2025 18:40:26.257 INFO [main] org.apache.catalina.startup.HostConfig.deployDescriptor Deployment of deployment descriptor [C:\Users\Danie\Downloads\apache-tomcat-10.1.41-windows-x64\apache-tomcat-10.1.41\conf\Catalina\localhost\ROOT.xml] has finished in [445] ms
15-May-2025 18:40:26.260 INFO [main] org.apache.catalina.startup.HostConfig.deployWAR Despliegue del archivo [C:\Users\Danie\Downloads\apache-tomcat-10.1.41-windows-x64\apache-tomcat-10.1.41\webapps\backend.war] de la aplicación web
15-May-2025 18:40:26.320 INFO [main] org.apache.catalina.startup.HostConfig.deployWAR Deployment of web application archive [C:\Users\Danie\Downloads\apache-tomcat-10.1.41-windows-x64\apache-tomcat-10.1.41\webapps\backend.war] has finished in [60] ms
15-May-2025 18:40:26.320 INFO [main] org.apache.catalina.startup.HostConfig.deployDirectory Desplegando el directorio [C:\Users\Danie\Downloads\apache-tomcat-10.1.41-windows-x64\apache-tomcat-10.1.41\webapps\docs] de la aplicación web
15-May-2025 18:40:26.351 INFO [main] org.apache.catalina.startup.HostConfig.deployDirectory Deployment of web application directory [C:\Users\Danie\Downloads\apache-tomcat-10.1.41-windows-x64\apache-tomcat-10.1.41\webapps\docs] has finished in [31] ms
15-May-2025 18:40:26.352 INFO [main] org.apache.catalina.startup.HostConfig.deployDirectory Desplegando el directorio [C:\Users\Danie\Downloads\apache-tomcat-10.1.41-windows-x64\apache-tomcat-10.1.41\webapps\examples] de la aplicación web
15-May-2025 18:40:26.625 INFO [main] org.apache.catalina.startup.HostConfig.deployDirectory Deployment of web application directory [C:\Users\Danie\Downloads\apache-tomcat-10.1.41-windows-x64\apache-tomcat-10.1.41\webapps\examples] has finished in [274] ms
15-May-2025 18:40:26.625 INFO [main] org.apache.catalina.startup.HostConfig.deployDirectory Desplegando el directorio [C:\Users\Danie\Downloads\apache-tomcat-10.1.41-windows-x64\apache-tomcat-10.1.41\webapps\host-manager] de la aplicación web
15-May-2025 18:40:26.663 INFO [main] org.apache.catalina.startup.HostConfig.deployDirectory Deployment of web application directory [C:\Users\Danie\Downloads\apache-tomcat-10.1.41-windows-x64\apache-tomcat-10.1.41\webapps\host-manager] has finished in [38] ms
15-May-2025 18:40:26.663 INFO [main] org.apache.catalina.startup.HostConfig.deployDirectory Desplegando el directorio [C:\Users\Danie\Downloads\apache-tomcat-10.1.41-windows-x64\apache-tomcat-10.1.41\webapps\manager] de la aplicación web
15-May-2025 18:40:26.695 INFO [main] org.apache.catalina.startup.HostConfig.deployDirectory Deployment of web application directory [C:\Users\Danie\Downloads\apache-tomcat-10.1.41-windows-x64\apache-tomcat-10.1.41\webapps\manager] has finished in [32] ms
15-May-2025 18:40:26.701 INFO [main] org.apache.catalina.startup.Catalina.start Server startup in [943] milliseconds
15-May-2025 18:40:26.712 SEVERE [main] org.apache.catalina.core.StandardServer.await Failed to create server shutdown socket on address [localhost] and port [8005] (base port [8005] and offset [0])
	java.net.BindException: Address already in use: bind
		at java.base/sun.nio.ch.Net.bind0(Native Method)
		at java.base/sun.nio.ch.Net.bind(Net.java:555)
		at java.base/sun.nio.ch.Net.bind(Net.java:544)
		at java.base/sun.nio.ch.NioSocketImpl.bind(NioSocketImpl.java:648)
		at java.base/java.net.ServerSocket.bind(ServerSocket.java:388)
		at java.base/java.net.ServerSocket.<init>(ServerSocket.java:274)
		at org.apache.catalina.core.StandardServer.await(StandardServer.java:533)
		at org.apache.catalina.startup.Catalina.await(Catalina.java:851)
		at org.apache.catalina.startup.Catalina.start(Catalina.java:799)
		at java.base/jdk.internal.reflect.NativeMethodAccessorImpl.invoke0(Native Method)
		at java.base/jdk.internal.reflect.NativeMethodAccessorImpl.invoke(NativeMethodAccessorImpl.java:77)
		at java.base/jdk.internal.reflect.DelegatingMethodAccessorImpl.invoke(DelegatingMethodAccessorImpl.java:43)
		at java.base/java.lang.reflect.Method.invoke(Method.java:568)
		at org.apache.catalina.startup.Bootstrap.start(Bootstrap.java:345)
		at org.apache.catalina.startup.Bootstrap.main(Bootstrap.java:476)
15-May-2025 18:40:26.713 INFO [main] org.apache.coyote.AbstractProtocol.pause Pausing ProtocolHandler ["http-nio-8080"]
15-May-2025 18:40:26.713 INFO [main] org.apache.catalina.core.StandardService.stopInternal Parando servicio [Catalina]
15-May-2025 18:40:26.733 INFO [main] org.apache.coyote.AbstractProtocol.stop Stopping ProtocolHandler ["http-nio-8080"]
15-May-2025 18:40:26.734 INFO [main] org.apache.coyote.AbstractProtocol.destroy Destroying ProtocolHandler ["http-nio-8080"]
