29-May-2025 18:47:25.996 INFO [main] org.apache.catalina.startup.VersionLoggerListener.log Nombre de la versión del servidor: Apache Tomcat/10.1.41
29-May-2025 18:47:26.003 INFO [main] org.apache.catalina.startup.VersionLoggerListener.log Server built:                      May 8 2025 12:44:02 UTC
29-May-2025 18:47:26.003 INFO [main] org.apache.catalina.startup.VersionLoggerListener.log Número de versión de servidor:     10.1.41.0
29-May-2025 18:47:26.004 INFO [main] org.apache.catalina.startup.VersionLoggerListener.log OS Name:                           Windows 11
29-May-2025 18:47:26.004 INFO [main] org.apache.catalina.startup.VersionLoggerListener.log Versión de Systema Operativo:      10.0
29-May-2025 18:47:26.004 INFO [main] org.apache.catalina.startup.VersionLoggerListener.log Arquitectura:                      amd64
29-May-2025 18:47:26.004 INFO [main] org.apache.catalina.startup.VersionLoggerListener.log Java Home:                         C:\Users\Danie\Downloads\jdk-17.0.12_windows-x64_bin\jdk-17.0.12
29-May-2025 18:47:26.005 INFO [main] org.apache.catalina.startup.VersionLoggerListener.log JVM Version:                       17.0.12+8-LTS-286
29-May-2025 18:47:26.005 INFO [main] org.apache.catalina.startup.VersionLoggerListener.log Vededor JVM:                       Oracle Corporation
29-May-2025 18:47:26.005 INFO [main] org.apache.catalina.startup.VersionLoggerListener.log CATALINA_BASE:                     C:\Users\Danie\Downloads\apache-tomcat-10.1.41-windows-x64\apache-tomcat-10.1.41
29-May-2025 18:47:26.005 INFO [main] org.apache.catalina.startup.VersionLoggerListener.log CATALINA_HOME:                     C:\Users\Danie\Downloads\apache-tomcat-10.1.41-windows-x64\apache-tomcat-10.1.41
29-May-2025 18:47:26.018 INFO [main] org.apache.catalina.startup.VersionLoggerListener.log Command line argument:             -Djava.util.logging.config.file=C:\Users\Danie\Downloads\apache-tomcat-10.1.41-windows-x64\apache-tomcat-10.1.41\conf\logging.properties
29-May-2025 18:47:26.018 INFO [main] org.apache.catalina.startup.VersionLoggerListener.log Command line argument:             -Djava.util.logging.manager=org.apache.juli.ClassLoaderLogManager
29-May-2025 18:47:26.018 INFO [main] org.apache.catalina.startup.VersionLoggerListener.log Command line argument:             -Djdk.tls.ephemeralDHKeySize=2048
29-May-2025 18:47:26.019 INFO [main] org.apache.catalina.startup.VersionLoggerListener.log Command line argument:             -Djava.protocol.handler.pkgs=org.apache.catalina.webresources
29-May-2025 18:47:26.019 INFO [main] org.apache.catalina.startup.VersionLoggerListener.log Command line argument:             -Dsun.io.useCanonCaches=false
29-May-2025 18:47:26.019 INFO [main] org.apache.catalina.startup.VersionLoggerListener.log Command line argument:             --add-opens=java.base/java.lang=ALL-UNNAMED
29-May-2025 18:47:26.019 INFO [main] org.apache.catalina.startup.VersionLoggerListener.log Command line argument:             --add-opens=java.base/java.lang.reflect=ALL-UNNAMED
29-May-2025 18:47:26.019 INFO [main] org.apache.catalina.startup.VersionLoggerListener.log Command line argument:             --add-opens=java.base/java.io=ALL-UNNAMED
29-May-2025 18:47:26.019 INFO [main] org.apache.catalina.startup.VersionLoggerListener.log Command line argument:             --add-opens=java.base/java.util=ALL-UNNAMED
29-May-2025 18:47:26.019 INFO [main] org.apache.catalina.startup.VersionLoggerListener.log Command line argument:             --add-opens=java.base/java.util.concurrent=ALL-UNNAMED
29-May-2025 18:47:26.021 INFO [main] org.apache.catalina.startup.VersionLoggerListener.log Command line argument:             --add-opens=java.rmi/sun.rmi.transport=ALL-UNNAMED
29-May-2025 18:47:26.021 INFO [main] org.apache.catalina.startup.VersionLoggerListener.log Command line argument:             -Dcatalina.base=C:\Users\Danie\Downloads\apache-tomcat-10.1.41-windows-x64\apache-tomcat-10.1.41
29-May-2025 18:47:26.021 INFO [main] org.apache.catalina.startup.VersionLoggerListener.log Command line argument:             -Dcatalina.home=C:\Users\Danie\Downloads\apache-tomcat-10.1.41-windows-x64\apache-tomcat-10.1.41
29-May-2025 18:47:26.021 INFO [main] org.apache.catalina.startup.VersionLoggerListener.log Command line argument:             -Djava.io.tmpdir=C:\Users\Danie\Downloads\apache-tomcat-10.1.41-windows-x64\apache-tomcat-10.1.41\temp
29-May-2025 18:47:26.245 INFO [main] org.apache.catalina.core.AprLifecycleListener.lifecycleEvent Cargada la biblioteca nativa APR de Apache Tomcat [2.0.8] con la versión APR [1.7.4].
29-May-2025 18:47:26.277 INFO [main] org.apache.catalina.core.AprLifecycleListener.initializeSSL OpenSSL inicializado correctamente [OpenSSL 3.0.14 4 Jun 2024]
29-May-2025 18:47:26.756 INFO [main] org.apache.coyote.AbstractProtocol.init Inicializando el manejador de protocolo ["http-nio-8080"]

29-May-2025 18:47:26.810 INFO [main] org.apache.catalina.startup.Catalina.load Server initialization in [1286] milliseconds
29-May-2025 18:47:26.927 INFO [main] org.apache.catalina.core.StandardService.startInternal Arrancando servicio [Catalina]
29-May-2025 18:47:26.928 INFO [main] org.apache.catalina.core.StandardEngine.startInternal Starting Servlet engine: [Apache Tomcat/10.1.41]
29-May-2025 18:47:26.955 INFO [main] org.apache.catalina.startup.HostConfig.deployDescriptor Desplieque del descriptor de configuración [C:\Users\Danie\Downloads\apache-tomcat-10.1.41-windows-x64\apache-tomcat-10.1.41\conf\Catalina\localhost\ROOT.xml]
29-May-2025 18:47:27.019 WARNING [main] org.apache.catalina.startup.HostConfig.deployDescriptor Deployment of deployment descriptor [C:\Users\Danie\Downloads\apache-tomcat-10.1.41-windows-x64\apache-tomcat-10.1.41\conf\Catalina\localhost\ROOT.xml] with an external docBase means the directory [C:\Users\Danie\Downloads\apache-tomcat-10.1.41-windows-x64\apache-tomcat-10.1.41\webapps\ROOT] in the appBase will be ignored
29-May-2025 18:47:28.479 INFO [main] org.apache.jasper.servlet.TldScanner.scanJars Al menos un JAR, que se ha explorado buscando TLDs, aún no contenía TLDs. Activar historial de depuración para este historiador para una completa lista de los JARs que fueron explorados y de los que nos se halló TLDs. Saltarse JARs no necesarios durante la exploración puede dar lugar a una mejora de tiempo significativa en el arranque y compilación de JSP .
29-May-2025 18:47:28.728 WARNING [main] org.apache.catalina.util.SessionIdGeneratorBase.createSecureRandom Creation of SecureRandom instance for session ID generation using [SHA1PRNG] took [176] milliseconds.
29-May-2025 18:47:28.788 INFO [main] org.apache.catalina.startup.HostConfig.deployDescriptor Deployment of deployment descriptor [C:\Users\Danie\Downloads\apache-tomcat-10.1.41-windows-x64\apache-tomcat-10.1.41\conf\Catalina\localhost\ROOT.xml] has finished in [1.832] ms
29-May-2025 18:47:28.794 INFO [main] org.apache.catalina.startup.HostConfig.deployWAR Despliegue del archivo [C:\Users\Danie\Downloads\apache-tomcat-10.1.41-windows-x64\apache-tomcat-10.1.41\webapps\miProyectoBackend.war] de la aplicación web
29-May-2025 18:47:29.224 INFO [main] org.apache.jasper.servlet.TldScanner.scanJars Al menos un JAR, que se ha explorado buscando TLDs, aún no contenía TLDs. Activar historial de depuración para este historiador para una completa lista de los JARs que fueron explorados y de los que nos se halló TLDs. Saltarse JARs no necesarios durante la exploración puede dar lugar a una mejora de tiempo significativa en el arranque y compilación de JSP .
29-May-2025 18:47:29.233 INFO [main] org.apache.catalina.startup.HostConfig.deployWAR Deployment of web application archive [C:\Users\Danie\Downloads\apache-tomcat-10.1.41-windows-x64\apache-tomcat-10.1.41\webapps\miProyectoBackend.war] has finished in [439] ms
29-May-2025 18:47:29.236 INFO [main] org.apache.catalina.startup.HostConfig.deployDirectory Desplegando el directorio [C:\Users\Danie\Downloads\apache-tomcat-10.1.41-windows-x64\apache-tomcat-10.1.41\webapps\docs] de la aplicación web
29-May-2025 18:47:29.349 INFO [main] org.apache.catalina.startup.HostConfig.deployDirectory Deployment of web application directory [C:\Users\Danie\Downloads\apache-tomcat-10.1.41-windows-x64\apache-tomcat-10.1.41\webapps\docs] has finished in [113] ms
29-May-2025 18:47:29.351 INFO [main] org.apache.catalina.startup.HostConfig.deployDirectory Desplegando el directorio [C:\Users\Danie\Downloads\apache-tomcat-10.1.41-windows-x64\apache-tomcat-10.1.41\webapps\examples] de la aplicación web
29-May-2025 18:47:33.437 INFO [main] org.apache.catalina.startup.HostConfig.deployDirectory Deployment of web application directory [C:\Users\Danie\Downloads\apache-tomcat-10.1.41-windows-x64\apache-tomcat-10.1.41\webapps\examples] has finished in [4.086] ms
29-May-2025 18:47:33.438 INFO [main] org.apache.catalina.startup.HostConfig.deployDirectory Desplegando el directorio [C:\Users\Danie\Downloads\apache-tomcat-10.1.41-windows-x64\apache-tomcat-10.1.41\webapps\host-manager] de la aplicación web
29-May-2025 18:47:33.583 INFO [main] org.apache.catalina.startup.HostConfig.deployDirectory Deployment of web application directory [C:\Users\Danie\Downloads\apache-tomcat-10.1.41-windows-x64\apache-tomcat-10.1.41\webapps\host-manager] has finished in [144] ms
29-May-2025 18:47:33.584 INFO [main] org.apache.catalina.startup.HostConfig.deployDirectory Desplegando el directorio [C:\Users\Danie\Downloads\apache-tomcat-10.1.41-windows-x64\apache-tomcat-10.1.41\webapps\manager] de la aplicación web
29-May-2025 18:47:33.709 INFO [main] org.apache.catalina.startup.HostConfig.deployDirectory Deployment of web application directory [C:\Users\Danie\Downloads\apache-tomcat-10.1.41-windows-x64\apache-tomcat-10.1.41\webapps\manager] has finished in [124] ms
29-May-2025 18:47:33.721 INFO [main] org.apache.coyote.AbstractProtocol.start Starting ProtocolHandler ["http-nio-8080"]
29-May-2025 18:47:33.927 INFO [main] org.apache.catalina.startup.Catalina.start Server startup in [7115] milliseconds
29-May-2025 18:52:04.143 INFO [Catalina-utility-1] org.apache.catalina.startup.HostConfig.undeploy Repliegue (undeploy) de la aplicación web que tiene como trayectoria de contexto [/miProyectoBackend]
29-May-2025 18:52:04.191 INFO [Catalina-utility-1] org.apache.catalina.startup.HostConfig.deployWAR Despliegue del archivo [C:\Users\Danie\Downloads\apache-tomcat-10.1.41-windows-x64\apache-tomcat-10.1.41\webapps\miProyectoBackend.war] de la aplicación web
29-May-2025 18:52:04.569 INFO [Catalina-utility-1] org.apache.jasper.servlet.TldScanner.scanJars Al menos un JAR, que se ha explorado buscando TLDs, aún no contenía TLDs. Activar historial de depuración para este historiador para una completa lista de los JARs que fueron explorados y de los que nos se halló TLDs. Saltarse JARs no necesarios durante la exploración puede dar lugar a una mejora de tiempo significativa en el arranque y compilación de JSP .
29-May-2025 18:52:04.578 INFO [Catalina-utility-1] org.apache.catalina.startup.HostConfig.deployWAR Deployment of web application archive [C:\Users\Danie\Downloads\apache-tomcat-10.1.41-windows-x64\apache-tomcat-10.1.41\webapps\miProyectoBackend.war] has finished in [387] ms
29-May-2025 18:52:07.285 INFO [main] org.apache.catalina.core.StandardServer.await Se ha recibido un comando de apagado a través del puerto de apagado. Parando la instancia del Servidor.
29-May-2025 18:52:07.286 INFO [main] org.apache.coyote.AbstractProtocol.pause Pausing ProtocolHandler ["http-nio-8080"]
29-May-2025 18:52:07.463 INFO [main] org.apache.catalina.core.StandardService.stopInternal Parando servicio [Catalina]
29-May-2025 18:52:07.498 INFO [main] org.apache.coyote.AbstractProtocol.stop Stopping ProtocolHandler ["http-nio-8080"]
29-May-2025 18:52:07.513 INFO [main] org.apache.coyote.AbstractProtocol.destroy Destroying ProtocolHandler ["http-nio-8080"]
29-May-2025 18:52:09.313 INFO [main] org.apache.catalina.startup.VersionLoggerListener.log Nombre de la versión del servidor: Apache Tomcat/10.1.41
29-May-2025 18:52:09.317 INFO [main] org.apache.catalina.startup.VersionLoggerListener.log Server built:                      May 8 2025 12:44:02 UTC
29-May-2025 18:52:09.317 INFO [main] org.apache.catalina.startup.VersionLoggerListener.log Número de versión de servidor:     10.1.41.0
29-May-2025 18:52:09.319 INFO [main] org.apache.catalina.startup.VersionLoggerListener.log OS Name:                           Windows 11
29-May-2025 18:52:09.319 INFO [main] org.apache.catalina.startup.VersionLoggerListener.log Versión de Systema Operativo:      10.0
29-May-2025 18:52:09.319 INFO [main] org.apache.catalina.startup.VersionLoggerListener.log Arquitectura:                      amd64
29-May-2025 18:52:09.319 INFO [main] org.apache.catalina.startup.VersionLoggerListener.log Java Home:                         C:\Users\Danie\Downloads\jdk-17.0.12_windows-x64_bin\jdk-17.0.12
29-May-2025 18:52:09.319 INFO [main] org.apache.catalina.startup.VersionLoggerListener.log JVM Version:                       17.0.12+8-LTS-286
29-May-2025 18:52:09.319 INFO [main] org.apache.catalina.startup.VersionLoggerListener.log Vededor JVM:                       Oracle Corporation
29-May-2025 18:52:09.320 INFO [main] org.apache.catalina.startup.VersionLoggerListener.log CATALINA_BASE:                     C:\Users\Danie\Downloads\apache-tomcat-10.1.41-windows-x64\apache-tomcat-10.1.41
29-May-2025 18:52:09.320 INFO [main] org.apache.catalina.startup.VersionLoggerListener.log CATALINA_HOME:                     C:\Users\Danie\Downloads\apache-tomcat-10.1.41-windows-x64\apache-tomcat-10.1.41
29-May-2025 18:52:09.326 INFO [main] org.apache.catalina.startup.VersionLoggerListener.log Command line argument:             -Djava.util.logging.config.file=C:\Users\Danie\Downloads\apache-tomcat-10.1.41-windows-x64\apache-tomcat-10.1.41\conf\logging.properties
29-May-2025 18:52:09.326 INFO [main] org.apache.catalina.startup.VersionLoggerListener.log Command line argument:             -Djava.util.logging.manager=org.apache.juli.ClassLoaderLogManager
29-May-2025 18:52:09.326 INFO [main] org.apache.catalina.startup.VersionLoggerListener.log Command line argument:             -Djdk.tls.ephemeralDHKeySize=2048
29-May-2025 18:52:09.326 INFO [main] org.apache.catalina.startup.VersionLoggerListener.log Command line argument:             -Djava.protocol.handler.pkgs=org.apache.catalina.webresources
29-May-2025 18:52:09.326 INFO [main] org.apache.catalina.startup.VersionLoggerListener.log Command line argument:             -Dsun.io.useCanonCaches=false
29-May-2025 18:52:09.327 INFO [main] org.apache.catalina.startup.VersionLoggerListener.log Command line argument:             --add-opens=java.base/java.lang=ALL-UNNAMED
29-May-2025 18:52:09.327 INFO [main] org.apache.catalina.startup.VersionLoggerListener.log Command line argument:             --add-opens=java.base/java.lang.reflect=ALL-UNNAMED
29-May-2025 18:52:09.327 INFO [main] org.apache.catalina.startup.VersionLoggerListener.log Command line argument:             --add-opens=java.base/java.io=ALL-UNNAMED
29-May-2025 18:52:09.327 INFO [main] org.apache.catalina.startup.VersionLoggerListener.log Command line argument:             --add-opens=java.base/java.util=ALL-UNNAMED
29-May-2025 18:52:09.327 INFO [main] org.apache.catalina.startup.VersionLoggerListener.log Command line argument:             --add-opens=java.base/java.util.concurrent=ALL-UNNAMED
29-May-2025 18:52:09.327 INFO [main] org.apache.catalina.startup.VersionLoggerListener.log Command line argument:             --add-opens=java.rmi/sun.rmi.transport=ALL-UNNAMED
29-May-2025 18:52:09.328 INFO [main] org.apache.catalina.startup.VersionLoggerListener.log Command line argument:             -Dcatalina.base=C:\Users\Danie\Downloads\apache-tomcat-10.1.41-windows-x64\apache-tomcat-10.1.41
29-May-2025 18:52:09.328 INFO [main] org.apache.catalina.startup.VersionLoggerListener.log Command line argument:             -Dcatalina.home=C:\Users\Danie\Downloads\apache-tomcat-10.1.41-windows-x64\apache-tomcat-10.1.41
29-May-2025 18:52:09.328 INFO [main] org.apache.catalina.startup.VersionLoggerListener.log Command line argument:             -Djava.io.tmpdir=C:\Users\Danie\Downloads\apache-tomcat-10.1.41-windows-x64\apache-tomcat-10.1.41\temp
29-May-2025 18:52:09.330 INFO [main] org.apache.catalina.core.AprLifecycleListener.lifecycleEvent Cargada la biblioteca nativa APR de Apache Tomcat [2.0.8] con la versión APR [1.7.4].
29-May-2025 18:52:09.335 INFO [main] org.apache.catalina.core.AprLifecycleListener.initializeSSL OpenSSL inicializado correctamente [OpenSSL 3.0.14 4 Jun 2024]
29-May-2025 18:52:09.518 INFO [main] org.apache.coyote.AbstractProtocol.init Inicializando el manejador de protocolo ["http-nio-8080"]

29-May-2025 18:52:09.535 INFO [main] org.apache.catalina.startup.Catalina.load Server initialization in [358] milliseconds
29-May-2025 18:52:09.570 INFO [main] org.apache.catalina.core.StandardService.startInternal Arrancando servicio [Catalina]
29-May-2025 18:52:09.570 INFO [main] org.apache.catalina.core.StandardEngine.startInternal Starting Servlet engine: [Apache Tomcat/10.1.41]
29-May-2025 18:52:09.579 INFO [main] org.apache.catalina.startup.HostConfig.deployDescriptor Desplieque del descriptor de configuración [C:\Users\Danie\Downloads\apache-tomcat-10.1.41-windows-x64\apache-tomcat-10.1.41\conf\Catalina\localhost\ROOT.xml]
29-May-2025 18:52:09.596 WARNING [main] org.apache.catalina.startup.HostConfig.deployDescriptor Deployment of deployment descriptor [C:\Users\Danie\Downloads\apache-tomcat-10.1.41-windows-x64\apache-tomcat-10.1.41\conf\Catalina\localhost\ROOT.xml] with an external docBase means the directory [C:\Users\Danie\Downloads\apache-tomcat-10.1.41-windows-x64\apache-tomcat-10.1.41\webapps\ROOT] in the appBase will be ignored
29-May-2025 18:52:09.909 INFO [main] org.apache.jasper.servlet.TldScanner.scanJars Al menos un JAR, que se ha explorado buscando TLDs, aún no contenía TLDs. Activar historial de depuración para este historiador para una completa lista de los JARs que fueron explorados y de los que nos se halló TLDs. Saltarse JARs no necesarios durante la exploración puede dar lugar a una mejora de tiempo significativa en el arranque y compilación de JSP .
29-May-2025 18:52:09.981 INFO [main] org.apache.catalina.startup.HostConfig.deployDescriptor Deployment of deployment descriptor [C:\Users\Danie\Downloads\apache-tomcat-10.1.41-windows-x64\apache-tomcat-10.1.41\conf\Catalina\localhost\ROOT.xml] has finished in [401] ms
29-May-2025 18:52:09.983 INFO [main] org.apache.catalina.startup.HostConfig.deployWAR Despliegue del archivo [C:\Users\Danie\Downloads\apache-tomcat-10.1.41-windows-x64\apache-tomcat-10.1.41\webapps\miProyectoBackend.war] de la aplicación web
29-May-2025 18:52:10.044 INFO [main] org.apache.jasper.servlet.TldScanner.scanJars Al menos un JAR, que se ha explorado buscando TLDs, aún no contenía TLDs. Activar historial de depuración para este historiador para una completa lista de los JARs que fueron explorados y de los que nos se halló TLDs. Saltarse JARs no necesarios durante la exploración puede dar lugar a una mejora de tiempo significativa en el arranque y compilación de JSP .
29-May-2025 18:52:10.046 INFO [main] org.apache.catalina.startup.HostConfig.deployWAR Deployment of web application archive [C:\Users\Danie\Downloads\apache-tomcat-10.1.41-windows-x64\apache-tomcat-10.1.41\webapps\miProyectoBackend.war] has finished in [63] ms
29-May-2025 18:52:10.048 INFO [main] org.apache.catalina.startup.HostConfig.deployDirectory Desplegando el directorio [C:\Users\Danie\Downloads\apache-tomcat-10.1.41-windows-x64\apache-tomcat-10.1.41\webapps\docs] de la aplicación web
29-May-2025 18:52:10.069 INFO [main] org.apache.catalina.startup.HostConfig.deployDirectory Deployment of web application directory [C:\Users\Danie\Downloads\apache-tomcat-10.1.41-windows-x64\apache-tomcat-10.1.41\webapps\docs] has finished in [23] ms
29-May-2025 18:52:10.069 INFO [main] org.apache.catalina.startup.HostConfig.deployDirectory Desplegando el directorio [C:\Users\Danie\Downloads\apache-tomcat-10.1.41-windows-x64\apache-tomcat-10.1.41\webapps\examples] de la aplicación web
29-May-2025 18:52:10.314 INFO [main] org.apache.catalina.startup.HostConfig.deployDirectory Deployment of web application directory [C:\Users\Danie\Downloads\apache-tomcat-10.1.41-windows-x64\apache-tomcat-10.1.41\webapps\examples] has finished in [245] ms
29-May-2025 18:52:10.314 INFO [main] org.apache.catalina.startup.HostConfig.deployDirectory Desplegando el directorio [C:\Users\Danie\Downloads\apache-tomcat-10.1.41-windows-x64\apache-tomcat-10.1.41\webapps\host-manager] de la aplicación web
29-May-2025 18:52:10.344 INFO [main] org.apache.catalina.startup.HostConfig.deployDirectory Deployment of web application directory [C:\Users\Danie\Downloads\apache-tomcat-10.1.41-windows-x64\apache-tomcat-10.1.41\webapps\host-manager] has finished in [30] ms
29-May-2025 18:52:10.345 INFO [main] org.apache.catalina.startup.HostConfig.deployDirectory Desplegando el directorio [C:\Users\Danie\Downloads\apache-tomcat-10.1.41-windows-x64\apache-tomcat-10.1.41\webapps\manager] de la aplicación web
29-May-2025 18:52:10.371 INFO [main] org.apache.catalina.startup.HostConfig.deployDirectory Deployment of web application directory [C:\Users\Danie\Downloads\apache-tomcat-10.1.41-windows-x64\apache-tomcat-10.1.41\webapps\manager] has finished in [27] ms
29-May-2025 18:52:10.374 INFO [main] org.apache.coyote.AbstractProtocol.start Starting ProtocolHandler ["http-nio-8080"]
29-May-2025 18:52:10.424 INFO [main] org.apache.catalina.startup.Catalina.start Server startup in [888] milliseconds
29-May-2025 18:54:20.562 INFO [Catalina-utility-1] org.apache.catalina.startup.HostConfig.undeploy Repliegue (undeploy) de la aplicación web que tiene como trayectoria de contexto [/miProyectoBackend]
29-May-2025 18:54:20.587 INFO [Catalina-utility-1] org.apache.catalina.startup.HostConfig.deployWAR Despliegue del archivo [C:\Users\Danie\Downloads\apache-tomcat-10.1.41-windows-x64\apache-tomcat-10.1.41\webapps\miProyectoBackend.war] de la aplicación web
29-May-2025 18:54:21.333 INFO [Catalina-utility-1] org.apache.jasper.servlet.TldScanner.scanJars Al menos un JAR, que se ha explorado buscando TLDs, aún no contenía TLDs. Activar historial de depuración para este historiador para una completa lista de los JARs que fueron explorados y de los que nos se halló TLDs. Saltarse JARs no necesarios durante la exploración puede dar lugar a una mejora de tiempo significativa en el arranque y compilación de JSP .
29-May-2025 18:54:21.341 INFO [Catalina-utility-1] org.apache.catalina.startup.HostConfig.deployWAR Deployment of web application archive [C:\Users\Danie\Downloads\apache-tomcat-10.1.41-windows-x64\apache-tomcat-10.1.41\webapps\miProyectoBackend.war] has finished in [753] ms
29-May-2025 18:54:24.378 INFO [main] org.apache.catalina.core.StandardServer.await Se ha recibido un comando de apagado a través del puerto de apagado. Parando la instancia del Servidor.
29-May-2025 18:54:24.378 INFO [main] org.apache.coyote.AbstractProtocol.pause Pausing ProtocolHandler ["http-nio-8080"]
29-May-2025 18:54:24.555 INFO [main] org.apache.catalina.core.StandardService.stopInternal Parando servicio [Catalina]
29-May-2025 18:54:24.584 INFO [main] org.apache.coyote.AbstractProtocol.stop Stopping ProtocolHandler ["http-nio-8080"]
29-May-2025 18:54:24.598 INFO [main] org.apache.coyote.AbstractProtocol.destroy Destroying ProtocolHandler ["http-nio-8080"]
29-May-2025 18:54:26.557 INFO [main] org.apache.catalina.startup.VersionLoggerListener.log Nombre de la versión del servidor: Apache Tomcat/10.1.41
29-May-2025 18:54:26.560 INFO [main] org.apache.catalina.startup.VersionLoggerListener.log Server built:                      May 8 2025 12:44:02 UTC
29-May-2025 18:54:26.561 INFO [main] org.apache.catalina.startup.VersionLoggerListener.log Número de versión de servidor:     10.1.41.0
29-May-2025 18:54:26.561 INFO [main] org.apache.catalina.startup.VersionLoggerListener.log OS Name:                           Windows 11
29-May-2025 18:54:26.561 INFO [main] org.apache.catalina.startup.VersionLoggerListener.log Versión de Systema Operativo:      10.0
29-May-2025 18:54:26.561 INFO [main] org.apache.catalina.startup.VersionLoggerListener.log Arquitectura:                      amd64
29-May-2025 18:54:26.561 INFO [main] org.apache.catalina.startup.VersionLoggerListener.log Java Home:                         C:\Users\Danie\Downloads\jdk-17.0.12_windows-x64_bin\jdk-17.0.12
29-May-2025 18:54:26.562 INFO [main] org.apache.catalina.startup.VersionLoggerListener.log JVM Version:                       17.0.12+8-LTS-286
29-May-2025 18:54:26.562 INFO [main] org.apache.catalina.startup.VersionLoggerListener.log Vededor JVM:                       Oracle Corporation
29-May-2025 18:54:26.562 INFO [main] org.apache.catalina.startup.VersionLoggerListener.log CATALINA_BASE:                     C:\Users\Danie\Downloads\apache-tomcat-10.1.41-windows-x64\apache-tomcat-10.1.41
29-May-2025 18:54:26.562 INFO [main] org.apache.catalina.startup.VersionLoggerListener.log CATALINA_HOME:                     C:\Users\Danie\Downloads\apache-tomcat-10.1.41-windows-x64\apache-tomcat-10.1.41
29-May-2025 18:54:26.568 INFO [main] org.apache.catalina.startup.VersionLoggerListener.log Command line argument:             -Djava.util.logging.config.file=C:\Users\Danie\Downloads\apache-tomcat-10.1.41-windows-x64\apache-tomcat-10.1.41\conf\logging.properties
29-May-2025 18:54:26.568 INFO [main] org.apache.catalina.startup.VersionLoggerListener.log Command line argument:             -Djava.util.logging.manager=org.apache.juli.ClassLoaderLogManager
29-May-2025 18:54:26.569 INFO [main] org.apache.catalina.startup.VersionLoggerListener.log Command line argument:             -Djdk.tls.ephemeralDHKeySize=2048
29-May-2025 18:54:26.569 INFO [main] org.apache.catalina.startup.VersionLoggerListener.log Command line argument:             -Djava.protocol.handler.pkgs=org.apache.catalina.webresources
29-May-2025 18:54:26.569 INFO [main] org.apache.catalina.startup.VersionLoggerListener.log Command line argument:             -Dsun.io.useCanonCaches=false
29-May-2025 18:54:26.569 INFO [main] org.apache.catalina.startup.VersionLoggerListener.log Command line argument:             --add-opens=java.base/java.lang=ALL-UNNAMED
29-May-2025 18:54:26.569 INFO [main] org.apache.catalina.startup.VersionLoggerListener.log Command line argument:             --add-opens=java.base/java.lang.reflect=ALL-UNNAMED
29-May-2025 18:54:26.569 INFO [main] org.apache.catalina.startup.VersionLoggerListener.log Command line argument:             --add-opens=java.base/java.io=ALL-UNNAMED
29-May-2025 18:54:26.570 INFO [main] org.apache.catalina.startup.VersionLoggerListener.log Command line argument:             --add-opens=java.base/java.util=ALL-UNNAMED
29-May-2025 18:54:26.570 INFO [main] org.apache.catalina.startup.VersionLoggerListener.log Command line argument:             --add-opens=java.base/java.util.concurrent=ALL-UNNAMED
29-May-2025 18:54:26.570 INFO [main] org.apache.catalina.startup.VersionLoggerListener.log Command line argument:             --add-opens=java.rmi/sun.rmi.transport=ALL-UNNAMED
29-May-2025 18:54:26.570 INFO [main] org.apache.catalina.startup.VersionLoggerListener.log Command line argument:             -Dcatalina.base=C:\Users\Danie\Downloads\apache-tomcat-10.1.41-windows-x64\apache-tomcat-10.1.41
29-May-2025 18:54:26.570 INFO [main] org.apache.catalina.startup.VersionLoggerListener.log Command line argument:             -Dcatalina.home=C:\Users\Danie\Downloads\apache-tomcat-10.1.41-windows-x64\apache-tomcat-10.1.41
29-May-2025 18:54:26.570 INFO [main] org.apache.catalina.startup.VersionLoggerListener.log Command line argument:             -Djava.io.tmpdir=C:\Users\Danie\Downloads\apache-tomcat-10.1.41-windows-x64\apache-tomcat-10.1.41\temp
29-May-2025 18:54:26.572 INFO [main] org.apache.catalina.core.AprLifecycleListener.lifecycleEvent Cargada la biblioteca nativa APR de Apache Tomcat [2.0.8] con la versión APR [1.7.4].
29-May-2025 18:54:26.576 INFO [main] org.apache.catalina.core.AprLifecycleListener.initializeSSL OpenSSL inicializado correctamente [OpenSSL 3.0.14 4 Jun 2024]
29-May-2025 18:54:26.727 INFO [main] org.apache.coyote.AbstractProtocol.init Inicializando el manejador de protocolo ["http-nio-8080"]

29-May-2025 18:54:26.742 INFO [main] org.apache.catalina.startup.Catalina.load Server initialization in [315] milliseconds
29-May-2025 18:54:26.777 INFO [main] org.apache.catalina.core.StandardService.startInternal Arrancando servicio [Catalina]
29-May-2025 18:54:26.777 INFO [main] org.apache.catalina.core.StandardEngine.startInternal Starting Servlet engine: [Apache Tomcat/10.1.41]
29-May-2025 18:54:26.787 INFO [main] org.apache.catalina.startup.HostConfig.deployDescriptor Desplieque del descriptor de configuración [C:\Users\Danie\Downloads\apache-tomcat-10.1.41-windows-x64\apache-tomcat-10.1.41\conf\Catalina\localhost\ROOT.xml]
29-May-2025 18:54:26.803 WARNING [main] org.apache.catalina.startup.HostConfig.deployDescriptor Deployment of deployment descriptor [C:\Users\Danie\Downloads\apache-tomcat-10.1.41-windows-x64\apache-tomcat-10.1.41\conf\Catalina\localhost\ROOT.xml] with an external docBase means the directory [C:\Users\Danie\Downloads\apache-tomcat-10.1.41-windows-x64\apache-tomcat-10.1.41\webapps\ROOT] in the appBase will be ignored
29-May-2025 18:54:27.116 INFO [main] org.apache.jasper.servlet.TldScanner.scanJars Al menos un JAR, que se ha explorado buscando TLDs, aún no contenía TLDs. Activar historial de depuración para este historiador para una completa lista de los JARs que fueron explorados y de los que nos se halló TLDs. Saltarse JARs no necesarios durante la exploración puede dar lugar a una mejora de tiempo significativa en el arranque y compilación de JSP .
29-May-2025 18:54:27.190 INFO [main] org.apache.catalina.startup.HostConfig.deployDescriptor Deployment of deployment descriptor [C:\Users\Danie\Downloads\apache-tomcat-10.1.41-windows-x64\apache-tomcat-10.1.41\conf\Catalina\localhost\ROOT.xml] has finished in [402] ms
29-May-2025 18:54:27.193 INFO [main] org.apache.catalina.startup.HostConfig.deployWAR Despliegue del archivo [C:\Users\Danie\Downloads\apache-tomcat-10.1.41-windows-x64\apache-tomcat-10.1.41\webapps\miProyectoBackend.war] de la aplicación web
29-May-2025 18:54:27.337 INFO [main] org.apache.jasper.servlet.TldScanner.scanJars Al menos un JAR, que se ha explorado buscando TLDs, aún no contenía TLDs. Activar historial de depuración para este historiador para una completa lista de los JARs que fueron explorados y de los que nos se halló TLDs. Saltarse JARs no necesarios durante la exploración puede dar lugar a una mejora de tiempo significativa en el arranque y compilación de JSP .
29-May-2025 18:54:27.339 INFO [main] org.apache.catalina.startup.HostConfig.deployWAR Deployment of web application archive [C:\Users\Danie\Downloads\apache-tomcat-10.1.41-windows-x64\apache-tomcat-10.1.41\webapps\miProyectoBackend.war] has finished in [146] ms
29-May-2025 18:54:27.340 INFO [main] org.apache.catalina.startup.HostConfig.deployDirectory Desplegando el directorio [C:\Users\Danie\Downloads\apache-tomcat-10.1.41-windows-x64\apache-tomcat-10.1.41\webapps\docs] de la aplicación web
29-May-2025 18:54:27.363 INFO [main] org.apache.catalina.startup.HostConfig.deployDirectory Deployment of web application directory [C:\Users\Danie\Downloads\apache-tomcat-10.1.41-windows-x64\apache-tomcat-10.1.41\webapps\docs] has finished in [23] ms
29-May-2025 18:54:27.364 INFO [main] org.apache.catalina.startup.HostConfig.deployDirectory Desplegando el directorio [C:\Users\Danie\Downloads\apache-tomcat-10.1.41-windows-x64\apache-tomcat-10.1.41\webapps\examples] de la aplicación web
29-May-2025 18:54:27.607 INFO [main] org.apache.catalina.startup.HostConfig.deployDirectory Deployment of web application directory [C:\Users\Danie\Downloads\apache-tomcat-10.1.41-windows-x64\apache-tomcat-10.1.41\webapps\examples] has finished in [242] ms
29-May-2025 18:54:27.607 INFO [main] org.apache.catalina.startup.HostConfig.deployDirectory Desplegando el directorio [C:\Users\Danie\Downloads\apache-tomcat-10.1.41-windows-x64\apache-tomcat-10.1.41\webapps\host-manager] de la aplicación web
29-May-2025 18:54:27.633 INFO [main] org.apache.catalina.startup.HostConfig.deployDirectory Deployment of web application directory [C:\Users\Danie\Downloads\apache-tomcat-10.1.41-windows-x64\apache-tomcat-10.1.41\webapps\host-manager] has finished in [25] ms
29-May-2025 18:54:27.633 INFO [main] org.apache.catalina.startup.HostConfig.deployDirectory Desplegando el directorio [C:\Users\Danie\Downloads\apache-tomcat-10.1.41-windows-x64\apache-tomcat-10.1.41\webapps\manager] de la aplicación web
29-May-2025 18:54:27.657 INFO [main] org.apache.catalina.startup.HostConfig.deployDirectory Deployment of web application directory [C:\Users\Danie\Downloads\apache-tomcat-10.1.41-windows-x64\apache-tomcat-10.1.41\webapps\manager] has finished in [23] ms
29-May-2025 18:54:27.661 INFO [main] org.apache.coyote.AbstractProtocol.start Starting ProtocolHandler ["http-nio-8080"]
29-May-2025 18:54:27.707 INFO [main] org.apache.catalina.startup.Catalina.start Server startup in [964] milliseconds
29-May-2025 19:17:19.006 INFO [main] org.apache.catalina.core.StandardServer.await Se ha recibido un comando de apagado a través del puerto de apagado. Parando la instancia del Servidor.
29-May-2025 19:17:19.006 INFO [main] org.apache.coyote.AbstractProtocol.pause Pausing ProtocolHandler ["http-nio-8080"]
29-May-2025 19:17:19.211 INFO [main] org.apache.catalina.core.StandardService.stopInternal Parando servicio [Catalina]
29-May-2025 19:17:19.267 WARNING [main] org.apache.catalina.loader.WebappClassLoaderBase.clearReferencesJdbc La aplicación web [miProyectoBackend] registró el conductor JDBC [org.postgresql.Driver] pero falló al anular el registro mientras la aplicación web estaba parada. Para prevenir un fallo de memoria, se ha anulado el registro del conductor JDBC por la fuerza.
29-May-2025 19:17:19.279 INFO [main] org.apache.coyote.AbstractProtocol.stop Stopping ProtocolHandler ["http-nio-8080"]
29-May-2025 19:17:19.298 INFO [main] org.apache.coyote.AbstractProtocol.destroy Destroying ProtocolHandler ["http-nio-8080"]
29-May-2025 19:17:21.316 INFO [main] org.apache.catalina.startup.VersionLoggerListener.log Nombre de la versión del servidor: Apache Tomcat/10.1.41
29-May-2025 19:17:21.319 INFO [main] org.apache.catalina.startup.VersionLoggerListener.log Server built:                      May 8 2025 12:44:02 UTC
29-May-2025 19:17:21.320 INFO [main] org.apache.catalina.startup.VersionLoggerListener.log Número de versión de servidor:     10.1.41.0
29-May-2025 19:17:21.320 INFO [main] org.apache.catalina.startup.VersionLoggerListener.log OS Name:                           Windows 11
29-May-2025 19:17:21.320 INFO [main] org.apache.catalina.startup.VersionLoggerListener.log Versión de Systema Operativo:      10.0
29-May-2025 19:17:21.320 INFO [main] org.apache.catalina.startup.VersionLoggerListener.log Arquitectura:                      amd64
29-May-2025 19:17:21.320 INFO [main] org.apache.catalina.startup.VersionLoggerListener.log Java Home:                         C:\Users\Danie\Downloads\jdk-17.0.12_windows-x64_bin\jdk-17.0.12
29-May-2025 19:17:21.321 INFO [main] org.apache.catalina.startup.VersionLoggerListener.log JVM Version:                       17.0.12+8-LTS-286
29-May-2025 19:17:21.321 INFO [main] org.apache.catalina.startup.VersionLoggerListener.log Vededor JVM:                       Oracle Corporation
29-May-2025 19:17:21.321 INFO [main] org.apache.catalina.startup.VersionLoggerListener.log CATALINA_BASE:                     C:\Users\Danie\Downloads\apache-tomcat-10.1.41-windows-x64\apache-tomcat-10.1.41
29-May-2025 19:17:21.321 INFO [main] org.apache.catalina.startup.VersionLoggerListener.log CATALINA_HOME:                     C:\Users\Danie\Downloads\apache-tomcat-10.1.41-windows-x64\apache-tomcat-10.1.41
29-May-2025 19:17:21.326 INFO [main] org.apache.catalina.startup.VersionLoggerListener.log Command line argument:             -Djava.util.logging.config.file=C:\Users\Danie\Downloads\apache-tomcat-10.1.41-windows-x64\apache-tomcat-10.1.41\conf\logging.properties
29-May-2025 19:17:21.326 INFO [main] org.apache.catalina.startup.VersionLoggerListener.log Command line argument:             -Djava.util.logging.manager=org.apache.juli.ClassLoaderLogManager
29-May-2025 19:17:21.327 INFO [main] org.apache.catalina.startup.VersionLoggerListener.log Command line argument:             -Djdk.tls.ephemeralDHKeySize=2048
29-May-2025 19:17:21.327 INFO [main] org.apache.catalina.startup.VersionLoggerListener.log Command line argument:             -Djava.protocol.handler.pkgs=org.apache.catalina.webresources
29-May-2025 19:17:21.327 INFO [main] org.apache.catalina.startup.VersionLoggerListener.log Command line argument:             -Dsun.io.useCanonCaches=false
29-May-2025 19:17:21.328 INFO [main] org.apache.catalina.startup.VersionLoggerListener.log Command line argument:             --add-opens=java.base/java.lang=ALL-UNNAMED
29-May-2025 19:17:21.328 INFO [main] org.apache.catalina.startup.VersionLoggerListener.log Command line argument:             --add-opens=java.base/java.lang.reflect=ALL-UNNAMED
29-May-2025 19:17:21.328 INFO [main] org.apache.catalina.startup.VersionLoggerListener.log Command line argument:             --add-opens=java.base/java.io=ALL-UNNAMED
29-May-2025 19:17:21.328 INFO [main] org.apache.catalina.startup.VersionLoggerListener.log Command line argument:             --add-opens=java.base/java.util=ALL-UNNAMED
29-May-2025 19:17:21.328 INFO [main] org.apache.catalina.startup.VersionLoggerListener.log Command line argument:             --add-opens=java.base/java.util.concurrent=ALL-UNNAMED
29-May-2025 19:17:21.328 INFO [main] org.apache.catalina.startup.VersionLoggerListener.log Command line argument:             --add-opens=java.rmi/sun.rmi.transport=ALL-UNNAMED
29-May-2025 19:17:21.329 INFO [main] org.apache.catalina.startup.VersionLoggerListener.log Command line argument:             -Dcatalina.base=C:\Users\Danie\Downloads\apache-tomcat-10.1.41-windows-x64\apache-tomcat-10.1.41
29-May-2025 19:17:21.329 INFO [main] org.apache.catalina.startup.VersionLoggerListener.log Command line argument:             -Dcatalina.home=C:\Users\Danie\Downloads\apache-tomcat-10.1.41-windows-x64\apache-tomcat-10.1.41
29-May-2025 19:17:21.329 INFO [main] org.apache.catalina.startup.VersionLoggerListener.log Command line argument:             -Djava.io.tmpdir=C:\Users\Danie\Downloads\apache-tomcat-10.1.41-windows-x64\apache-tomcat-10.1.41\temp
29-May-2025 19:17:21.331 INFO [main] org.apache.catalina.core.AprLifecycleListener.lifecycleEvent Cargada la biblioteca nativa APR de Apache Tomcat [2.0.8] con la versión APR [1.7.4].
29-May-2025 19:17:21.335 INFO [main] org.apache.catalina.core.AprLifecycleListener.initializeSSL OpenSSL inicializado correctamente [OpenSSL 3.0.14 4 Jun 2024]
29-May-2025 19:17:21.500 INFO [main] org.apache.coyote.AbstractProtocol.init Inicializando el manejador de protocolo ["http-nio-8080"]

29-May-2025 19:17:21.518 INFO [main] org.apache.catalina.startup.Catalina.load Server initialization in [334] milliseconds
29-May-2025 19:17:21.555 INFO [main] org.apache.catalina.core.StandardService.startInternal Arrancando servicio [Catalina]
29-May-2025 19:17:21.555 INFO [main] org.apache.catalina.core.StandardEngine.startInternal Starting Servlet engine: [Apache Tomcat/10.1.41]
29-May-2025 19:17:21.564 INFO [main] org.apache.catalina.startup.HostConfig.deployDescriptor Desplieque del descriptor de configuración [C:\Users\Danie\Downloads\apache-tomcat-10.1.41-windows-x64\apache-tomcat-10.1.41\conf\Catalina\localhost\ROOT.xml]
29-May-2025 19:17:21.580 WARNING [main] org.apache.catalina.startup.HostConfig.deployDescriptor Deployment of deployment descriptor [C:\Users\Danie\Downloads\apache-tomcat-10.1.41-windows-x64\apache-tomcat-10.1.41\conf\Catalina\localhost\ROOT.xml] with an external docBase means the directory [C:\Users\Danie\Downloads\apache-tomcat-10.1.41-windows-x64\apache-tomcat-10.1.41\webapps\ROOT] in the appBase will be ignored
29-May-2025 19:17:21.882 INFO [main] org.apache.jasper.servlet.TldScanner.scanJars Al menos un JAR, que se ha explorado buscando TLDs, aún no contenía TLDs. Activar historial de depuración para este historiador para una completa lista de los JARs que fueron explorados y de los que nos se halló TLDs. Saltarse JARs no necesarios durante la exploración puede dar lugar a una mejora de tiempo significativa en el arranque y compilación de JSP .
29-May-2025 19:17:21.957 INFO [main] org.apache.catalina.startup.HostConfig.deployDescriptor Deployment of deployment descriptor [C:\Users\Danie\Downloads\apache-tomcat-10.1.41-windows-x64\apache-tomcat-10.1.41\conf\Catalina\localhost\ROOT.xml] has finished in [391] ms
29-May-2025 19:17:21.958 INFO [main] org.apache.catalina.startup.HostConfig.deployWAR Despliegue del archivo [C:\Users\Danie\Downloads\apache-tomcat-10.1.41-windows-x64\apache-tomcat-10.1.41\webapps\miProyectoBackend.war] de la aplicación web
29-May-2025 19:17:22.240 INFO [main] org.apache.jasper.servlet.TldScanner.scanJars Al menos un JAR, que se ha explorado buscando TLDs, aún no contenía TLDs. Activar historial de depuración para este historiador para una completa lista de los JARs que fueron explorados y de los que nos se halló TLDs. Saltarse JARs no necesarios durante la exploración puede dar lugar a una mejora de tiempo significativa en el arranque y compilación de JSP .
29-May-2025 19:17:22.243 INFO [main] org.apache.catalina.startup.HostConfig.deployWAR Deployment of web application archive [C:\Users\Danie\Downloads\apache-tomcat-10.1.41-windows-x64\apache-tomcat-10.1.41\webapps\miProyectoBackend.war] has finished in [284] ms
29-May-2025 19:17:22.243 INFO [main] org.apache.catalina.startup.HostConfig.deployDirectory Desplegando el directorio [C:\Users\Danie\Downloads\apache-tomcat-10.1.41-windows-x64\apache-tomcat-10.1.41\webapps\docs] de la aplicación web
29-May-2025 19:17:22.268 INFO [main] org.apache.catalina.startup.HostConfig.deployDirectory Deployment of web application directory [C:\Users\Danie\Downloads\apache-tomcat-10.1.41-windows-x64\apache-tomcat-10.1.41\webapps\docs] has finished in [24] ms
29-May-2025 19:17:22.268 INFO [main] org.apache.catalina.startup.HostConfig.deployDirectory Desplegando el directorio [C:\Users\Danie\Downloads\apache-tomcat-10.1.41-windows-x64\apache-tomcat-10.1.41\webapps\examples] de la aplicación web
29-May-2025 19:17:22.508 INFO [main] org.apache.catalina.startup.HostConfig.deployDirectory Deployment of web application directory [C:\Users\Danie\Downloads\apache-tomcat-10.1.41-windows-x64\apache-tomcat-10.1.41\webapps\examples] has finished in [240] ms
29-May-2025 19:17:22.509 INFO [main] org.apache.catalina.startup.HostConfig.deployDirectory Desplegando el directorio [C:\Users\Danie\Downloads\apache-tomcat-10.1.41-windows-x64\apache-tomcat-10.1.41\webapps\host-manager] de la aplicación web
29-May-2025 19:17:22.538 INFO [main] org.apache.catalina.startup.HostConfig.deployDirectory Deployment of web application directory [C:\Users\Danie\Downloads\apache-tomcat-10.1.41-windows-x64\apache-tomcat-10.1.41\webapps\host-manager] has finished in [29] ms
29-May-2025 19:17:22.539 INFO [main] org.apache.catalina.startup.HostConfig.deployDirectory Desplegando el directorio [C:\Users\Danie\Downloads\apache-tomcat-10.1.41-windows-x64\apache-tomcat-10.1.41\webapps\manager] de la aplicación web
29-May-2025 19:17:22.562 INFO [main] org.apache.catalina.startup.HostConfig.deployDirectory Deployment of web application directory [C:\Users\Danie\Downloads\apache-tomcat-10.1.41-windows-x64\apache-tomcat-10.1.41\webapps\manager] has finished in [23] ms
29-May-2025 19:17:22.566 INFO [main] org.apache.coyote.AbstractProtocol.start Starting ProtocolHandler ["http-nio-8080"]
29-May-2025 19:17:22.614 INFO [main] org.apache.catalina.startup.Catalina.start Server startup in [1095] milliseconds
29-May-2025 19:42:04.832 INFO [Catalina-utility-2] org.apache.catalina.startup.HostConfig.undeploy Repliegue (undeploy) de la aplicación web que tiene como trayectoria de contexto [/miProyectoBackend]
29-May-2025 19:42:04.840 WARNING [Catalina-utility-2] org.apache.catalina.loader.WebappClassLoaderBase.clearReferencesJdbc La aplicación web [miProyectoBackend] registró el conductor JDBC [org.postgresql.Driver] pero falló al anular el registro mientras la aplicación web estaba parada. Para prevenir un fallo de memoria, se ha anulado el registro del conductor JDBC por la fuerza.
29-May-2025 19:42:09.950 INFO [main] org.apache.catalina.core.StandardServer.await Se ha recibido un comando de apagado a través del puerto de apagado. Parando la instancia del Servidor.
29-May-2025 19:42:09.951 INFO [main] org.apache.coyote.AbstractProtocol.pause Pausing ProtocolHandler ["http-nio-8080"]
29-May-2025 19:42:10.137 INFO [main] org.apache.catalina.core.StandardService.stopInternal Parando servicio [Catalina]
29-May-2025 19:42:10.164 INFO [main] org.apache.coyote.AbstractProtocol.stop Stopping ProtocolHandler ["http-nio-8080"]
29-May-2025 19:42:10.183 INFO [main] org.apache.coyote.AbstractProtocol.destroy Destroying ProtocolHandler ["http-nio-8080"]
29-May-2025 19:42:11.950 INFO [main] org.apache.catalina.startup.VersionLoggerListener.log Nombre de la versión del servidor: Apache Tomcat/10.1.41
29-May-2025 19:42:11.954 INFO [main] org.apache.catalina.startup.VersionLoggerListener.log Server built:                      May 8 2025 12:44:02 UTC
29-May-2025 19:42:11.954 INFO [main] org.apache.catalina.startup.VersionLoggerListener.log Número de versión de servidor:     10.1.41.0
29-May-2025 19:42:11.954 INFO [main] org.apache.catalina.startup.VersionLoggerListener.log OS Name:                           Windows 11
29-May-2025 19:42:11.954 INFO [main] org.apache.catalina.startup.VersionLoggerListener.log Versión de Systema Operativo:      10.0
29-May-2025 19:42:11.954 INFO [main] org.apache.catalina.startup.VersionLoggerListener.log Arquitectura:                      amd64
29-May-2025 19:42:11.954 INFO [main] org.apache.catalina.startup.VersionLoggerListener.log Java Home:                         C:\Users\Danie\Downloads\jdk-17.0.12_windows-x64_bin\jdk-17.0.12
29-May-2025 19:42:11.954 INFO [main] org.apache.catalina.startup.VersionLoggerListener.log JVM Version:                       17.0.12+8-LTS-286
29-May-2025 19:42:11.955 INFO [main] org.apache.catalina.startup.VersionLoggerListener.log Vededor JVM:                       Oracle Corporation
29-May-2025 19:42:11.955 INFO [main] org.apache.catalina.startup.VersionLoggerListener.log CATALINA_BASE:                     C:\Users\Danie\Downloads\apache-tomcat-10.1.41-windows-x64\apache-tomcat-10.1.41
29-May-2025 19:42:11.955 INFO [main] org.apache.catalina.startup.VersionLoggerListener.log CATALINA_HOME:                     C:\Users\Danie\Downloads\apache-tomcat-10.1.41-windows-x64\apache-tomcat-10.1.41
29-May-2025 19:42:11.964 INFO [main] org.apache.catalina.startup.VersionLoggerListener.log Command line argument:             -Djava.util.logging.config.file=C:\Users\Danie\Downloads\apache-tomcat-10.1.41-windows-x64\apache-tomcat-10.1.41\conf\logging.properties
29-May-2025 19:42:11.964 INFO [main] org.apache.catalina.startup.VersionLoggerListener.log Command line argument:             -Djava.util.logging.manager=org.apache.juli.ClassLoaderLogManager
29-May-2025 19:42:11.964 INFO [main] org.apache.catalina.startup.VersionLoggerListener.log Command line argument:             -Djdk.tls.ephemeralDHKeySize=2048
29-May-2025 19:42:11.964 INFO [main] org.apache.catalina.startup.VersionLoggerListener.log Command line argument:             -Djava.protocol.handler.pkgs=org.apache.catalina.webresources
29-May-2025 19:42:11.964 INFO [main] org.apache.catalina.startup.VersionLoggerListener.log Command line argument:             -Dsun.io.useCanonCaches=false
29-May-2025 19:42:11.964 INFO [main] org.apache.catalina.startup.VersionLoggerListener.log Command line argument:             --add-opens=java.base/java.lang=ALL-UNNAMED
29-May-2025 19:42:11.965 INFO [main] org.apache.catalina.startup.VersionLoggerListener.log Command line argument:             --add-opens=java.base/java.lang.reflect=ALL-UNNAMED
29-May-2025 19:42:11.965 INFO [main] org.apache.catalina.startup.VersionLoggerListener.log Command line argument:             --add-opens=java.base/java.io=ALL-UNNAMED
29-May-2025 19:42:11.965 INFO [main] org.apache.catalina.startup.VersionLoggerListener.log Command line argument:             --add-opens=java.base/java.util=ALL-UNNAMED
29-May-2025 19:42:11.965 INFO [main] org.apache.catalina.startup.VersionLoggerListener.log Command line argument:             --add-opens=java.base/java.util.concurrent=ALL-UNNAMED
29-May-2025 19:42:11.965 INFO [main] org.apache.catalina.startup.VersionLoggerListener.log Command line argument:             --add-opens=java.rmi/sun.rmi.transport=ALL-UNNAMED
29-May-2025 19:42:11.965 INFO [main] org.apache.catalina.startup.VersionLoggerListener.log Command line argument:             -Dcatalina.base=C:\Users\Danie\Downloads\apache-tomcat-10.1.41-windows-x64\apache-tomcat-10.1.41
29-May-2025 19:42:11.965 INFO [main] org.apache.catalina.startup.VersionLoggerListener.log Command line argument:             -Dcatalina.home=C:\Users\Danie\Downloads\apache-tomcat-10.1.41-windows-x64\apache-tomcat-10.1.41
29-May-2025 19:42:11.965 INFO [main] org.apache.catalina.startup.VersionLoggerListener.log Command line argument:             -Djava.io.tmpdir=C:\Users\Danie\Downloads\apache-tomcat-10.1.41-windows-x64\apache-tomcat-10.1.41\temp
29-May-2025 19:42:11.968 INFO [main] org.apache.catalina.core.AprLifecycleListener.lifecycleEvent Cargada la biblioteca nativa APR de Apache Tomcat [2.0.8] con la versión APR [1.7.4].
29-May-2025 19:42:11.973 INFO [main] org.apache.catalina.core.AprLifecycleListener.initializeSSL OpenSSL inicializado correctamente [OpenSSL 3.0.14 4 Jun 2024]
29-May-2025 19:42:12.140 INFO [main] org.apache.coyote.AbstractProtocol.init Inicializando el manejador de protocolo ["http-nio-8080"]

29-May-2025 19:42:12.155 INFO [main] org.apache.catalina.startup.Catalina.load Server initialization in [356] milliseconds
29-May-2025 19:42:12.191 INFO [main] org.apache.catalina.core.StandardService.startInternal Arrancando servicio [Catalina]
29-May-2025 19:42:12.191 INFO [main] org.apache.catalina.core.StandardEngine.startInternal Starting Servlet engine: [Apache Tomcat/10.1.41]
29-May-2025 19:42:12.204 INFO [main] org.apache.catalina.startup.HostConfig.deployDescriptor Desplieque del descriptor de configuración [C:\Users\Danie\Downloads\apache-tomcat-10.1.41-windows-x64\apache-tomcat-10.1.41\conf\Catalina\localhost\ROOT.xml]
29-May-2025 19:42:12.223 WARNING [main] org.apache.catalina.startup.HostConfig.deployDescriptor Deployment of deployment descriptor [C:\Users\Danie\Downloads\apache-tomcat-10.1.41-windows-x64\apache-tomcat-10.1.41\conf\Catalina\localhost\ROOT.xml] with an external docBase means the directory [C:\Users\Danie\Downloads\apache-tomcat-10.1.41-windows-x64\apache-tomcat-10.1.41\webapps\ROOT] in the appBase will be ignored
29-May-2025 19:42:12.544 INFO [main] org.apache.jasper.servlet.TldScanner.scanJars Al menos un JAR, que se ha explorado buscando TLDs, aún no contenía TLDs. Activar historial de depuración para este historiador para una completa lista de los JARs que fueron explorados y de los que nos se halló TLDs. Saltarse JARs no necesarios durante la exploración puede dar lugar a una mejora de tiempo significativa en el arranque y compilación de JSP .
29-May-2025 19:42:12.628 INFO [main] org.apache.catalina.startup.HostConfig.deployDescriptor Deployment of deployment descriptor [C:\Users\Danie\Downloads\apache-tomcat-10.1.41-windows-x64\apache-tomcat-10.1.41\conf\Catalina\localhost\ROOT.xml] has finished in [423] ms
29-May-2025 19:42:12.632 INFO [main] org.apache.catalina.startup.HostConfig.deployWAR Despliegue del archivo [C:\Users\Danie\Downloads\apache-tomcat-10.1.41-windows-x64\apache-tomcat-10.1.41\webapps\miProyectoBackend.war] de la aplicación web
29-May-2025 19:42:12.935 INFO [main] org.apache.jasper.servlet.TldScanner.scanJars Al menos un JAR, que se ha explorado buscando TLDs, aún no contenía TLDs. Activar historial de depuración para este historiador para una completa lista de los JARs que fueron explorados y de los que nos se halló TLDs. Saltarse JARs no necesarios durante la exploración puede dar lugar a una mejora de tiempo significativa en el arranque y compilación de JSP .
29-May-2025 19:42:12.938 INFO [main] org.apache.catalina.startup.HostConfig.deployWAR Deployment of web application archive [C:\Users\Danie\Downloads\apache-tomcat-10.1.41-windows-x64\apache-tomcat-10.1.41\webapps\miProyectoBackend.war] has finished in [306] ms
29-May-2025 19:42:12.939 INFO [main] org.apache.catalina.startup.HostConfig.deployDirectory Desplegando el directorio [C:\Users\Danie\Downloads\apache-tomcat-10.1.41-windows-x64\apache-tomcat-10.1.41\webapps\docs] de la aplicación web
29-May-2025 19:42:12.966 INFO [main] org.apache.catalina.startup.HostConfig.deployDirectory Deployment of web application directory [C:\Users\Danie\Downloads\apache-tomcat-10.1.41-windows-x64\apache-tomcat-10.1.41\webapps\docs] has finished in [27] ms
29-May-2025 19:42:12.967 INFO [main] org.apache.catalina.startup.HostConfig.deployDirectory Desplegando el directorio [C:\Users\Danie\Downloads\apache-tomcat-10.1.41-windows-x64\apache-tomcat-10.1.41\webapps\examples] de la aplicación web
29-May-2025 19:42:13.229 INFO [main] org.apache.catalina.startup.HostConfig.deployDirectory Deployment of web application directory [C:\Users\Danie\Downloads\apache-tomcat-10.1.41-windows-x64\apache-tomcat-10.1.41\webapps\examples] has finished in [262] ms
29-May-2025 19:42:13.229 INFO [main] org.apache.catalina.startup.HostConfig.deployDirectory Desplegando el directorio [C:\Users\Danie\Downloads\apache-tomcat-10.1.41-windows-x64\apache-tomcat-10.1.41\webapps\host-manager] de la aplicación web
29-May-2025 19:42:13.257 INFO [main] org.apache.catalina.startup.HostConfig.deployDirectory Deployment of web application directory [C:\Users\Danie\Downloads\apache-tomcat-10.1.41-windows-x64\apache-tomcat-10.1.41\webapps\host-manager] has finished in [28] ms
29-May-2025 19:42:13.258 INFO [main] org.apache.catalina.startup.HostConfig.deployDirectory Desplegando el directorio [C:\Users\Danie\Downloads\apache-tomcat-10.1.41-windows-x64\apache-tomcat-10.1.41\webapps\manager] de la aplicación web
29-May-2025 19:42:13.285 INFO [main] org.apache.catalina.startup.HostConfig.deployDirectory Deployment of web application directory [C:\Users\Danie\Downloads\apache-tomcat-10.1.41-windows-x64\apache-tomcat-10.1.41\webapps\manager] has finished in [27] ms
29-May-2025 19:42:13.289 INFO [main] org.apache.coyote.AbstractProtocol.start Starting ProtocolHandler ["http-nio-8080"]
29-May-2025 19:42:13.348 INFO [main] org.apache.catalina.startup.Catalina.start Server startup in [1191] milliseconds
29-May-2025 22:27:18.970 INFO [Catalina-utility-1] org.apache.catalina.startup.HostConfig.undeploy Repliegue (undeploy) de la aplicación web que tiene como trayectoria de contexto [/miProyectoBackend]
29-May-2025 22:27:19.013 WARNING [Catalina-utility-1] org.apache.catalina.loader.WebappClassLoaderBase.clearReferencesJdbc La aplicación web [miProyectoBackend] registró el conductor JDBC [org.postgresql.Driver] pero falló al anular el registro mientras la aplicación web estaba parada. Para prevenir un fallo de memoria, se ha anulado el registro del conductor JDBC por la fuerza.
29-May-2025 22:27:25.855 INFO [main] org.apache.catalina.core.StandardServer.await Se ha recibido un comando de apagado a través del puerto de apagado. Parando la instancia del Servidor.
29-May-2025 22:27:25.855 INFO [main] org.apache.coyote.AbstractProtocol.pause Pausing ProtocolHandler ["http-nio-8080"]
29-May-2025 22:27:26.032 INFO [main] org.apache.catalina.core.StandardService.stopInternal Parando servicio [Catalina]
29-May-2025 22:27:26.070 INFO [main] org.apache.coyote.AbstractProtocol.stop Stopping ProtocolHandler ["http-nio-8080"]
29-May-2025 22:27:26.102 INFO [main] org.apache.coyote.AbstractProtocol.destroy Destroying ProtocolHandler ["http-nio-8080"]
29-May-2025 22:27:28.504 INFO [main] org.apache.catalina.startup.VersionLoggerListener.log Nombre de la versión del servidor: Apache Tomcat/10.1.41
29-May-2025 22:27:28.507 INFO [main] org.apache.catalina.startup.VersionLoggerListener.log Server built:                      May 8 2025 12:44:02 UTC
29-May-2025 22:27:28.509 INFO [main] org.apache.catalina.startup.VersionLoggerListener.log Número de versión de servidor:     10.1.41.0
29-May-2025 22:27:28.509 INFO [main] org.apache.catalina.startup.VersionLoggerListener.log OS Name:                           Windows 11
29-May-2025 22:27:28.509 INFO [main] org.apache.catalina.startup.VersionLoggerListener.log Versión de Systema Operativo:      10.0
29-May-2025 22:27:28.509 INFO [main] org.apache.catalina.startup.VersionLoggerListener.log Arquitectura:                      amd64
29-May-2025 22:27:28.509 INFO [main] org.apache.catalina.startup.VersionLoggerListener.log Java Home:                         C:\Users\Danie\Downloads\jdk-17.0.12_windows-x64_bin\jdk-17.0.12
29-May-2025 22:27:28.510 INFO [main] org.apache.catalina.startup.VersionLoggerListener.log JVM Version:                       17.0.12+8-LTS-286
29-May-2025 22:27:28.510 INFO [main] org.apache.catalina.startup.VersionLoggerListener.log Vededor JVM:                       Oracle Corporation
29-May-2025 22:27:28.510 INFO [main] org.apache.catalina.startup.VersionLoggerListener.log CATALINA_BASE:                     C:\Users\Danie\Downloads\apache-tomcat-10.1.41-windows-x64\apache-tomcat-10.1.41
29-May-2025 22:27:28.510 INFO [main] org.apache.catalina.startup.VersionLoggerListener.log CATALINA_HOME:                     C:\Users\Danie\Downloads\apache-tomcat-10.1.41-windows-x64\apache-tomcat-10.1.41
29-May-2025 22:27:28.521 INFO [main] org.apache.catalina.startup.VersionLoggerListener.log Command line argument:             -Djava.util.logging.config.file=C:\Users\Danie\Downloads\apache-tomcat-10.1.41-windows-x64\apache-tomcat-10.1.41\conf\logging.properties
29-May-2025 22:27:28.521 INFO [main] org.apache.catalina.startup.VersionLoggerListener.log Command line argument:             -Djava.util.logging.manager=org.apache.juli.ClassLoaderLogManager
29-May-2025 22:27:28.522 INFO [main] org.apache.catalina.startup.VersionLoggerListener.log Command line argument:             -Djdk.tls.ephemeralDHKeySize=2048
29-May-2025 22:27:28.522 INFO [main] org.apache.catalina.startup.VersionLoggerListener.log Command line argument:             -Djava.protocol.handler.pkgs=org.apache.catalina.webresources
29-May-2025 22:27:28.522 INFO [main] org.apache.catalina.startup.VersionLoggerListener.log Command line argument:             -Dsun.io.useCanonCaches=false
29-May-2025 22:27:28.522 INFO [main] org.apache.catalina.startup.VersionLoggerListener.log Command line argument:             --add-opens=java.base/java.lang=ALL-UNNAMED
29-May-2025 22:27:28.522 INFO [main] org.apache.catalina.startup.VersionLoggerListener.log Command line argument:             --add-opens=java.base/java.lang.reflect=ALL-UNNAMED
29-May-2025 22:27:28.522 INFO [main] org.apache.catalina.startup.VersionLoggerListener.log Command line argument:             --add-opens=java.base/java.io=ALL-UNNAMED
29-May-2025 22:27:28.522 INFO [main] org.apache.catalina.startup.VersionLoggerListener.log Command line argument:             --add-opens=java.base/java.util=ALL-UNNAMED
29-May-2025 22:27:28.523 INFO [main] org.apache.catalina.startup.VersionLoggerListener.log Command line argument:             --add-opens=java.base/java.util.concurrent=ALL-UNNAMED
29-May-2025 22:27:28.523 INFO [main] org.apache.catalina.startup.VersionLoggerListener.log Command line argument:             --add-opens=java.rmi/sun.rmi.transport=ALL-UNNAMED
29-May-2025 22:27:28.523 INFO [main] org.apache.catalina.startup.VersionLoggerListener.log Command line argument:             -Dcatalina.base=C:\Users\Danie\Downloads\apache-tomcat-10.1.41-windows-x64\apache-tomcat-10.1.41
29-May-2025 22:27:28.523 INFO [main] org.apache.catalina.startup.VersionLoggerListener.log Command line argument:             -Dcatalina.home=C:\Users\Danie\Downloads\apache-tomcat-10.1.41-windows-x64\apache-tomcat-10.1.41
29-May-2025 22:27:28.523 INFO [main] org.apache.catalina.startup.VersionLoggerListener.log Command line argument:             -Djava.io.tmpdir=C:\Users\Danie\Downloads\apache-tomcat-10.1.41-windows-x64\apache-tomcat-10.1.41\temp
29-May-2025 22:27:28.526 INFO [main] org.apache.catalina.core.AprLifecycleListener.lifecycleEvent Cargada la biblioteca nativa APR de Apache Tomcat [2.0.8] con la versión APR [1.7.4].
29-May-2025 22:27:28.531 INFO [main] org.apache.catalina.core.AprLifecycleListener.initializeSSL OpenSSL inicializado correctamente [OpenSSL 3.0.14 4 Jun 2024]
29-May-2025 22:27:28.700 INFO [main] org.apache.coyote.AbstractProtocol.init Inicializando el manejador de protocolo ["http-nio-8080"]

29-May-2025 22:27:28.720 INFO [main] org.apache.catalina.startup.Catalina.load Server initialization in [357] milliseconds
29-May-2025 22:27:28.761 INFO [main] org.apache.catalina.core.StandardService.startInternal Arrancando servicio [Catalina]
29-May-2025 22:27:28.761 INFO [main] org.apache.catalina.core.StandardEngine.startInternal Starting Servlet engine: [Apache Tomcat/10.1.41]
29-May-2025 22:27:28.770 INFO [main] org.apache.catalina.startup.HostConfig.deployDescriptor Desplieque del descriptor de configuración [C:\Users\Danie\Downloads\apache-tomcat-10.1.41-windows-x64\apache-tomcat-10.1.41\conf\Catalina\localhost\ROOT.xml]
29-May-2025 22:27:28.786 WARNING [main] org.apache.catalina.startup.HostConfig.deployDescriptor Deployment of deployment descriptor [C:\Users\Danie\Downloads\apache-tomcat-10.1.41-windows-x64\apache-tomcat-10.1.41\conf\Catalina\localhost\ROOT.xml] with an external docBase means the directory [C:\Users\Danie\Downloads\apache-tomcat-10.1.41-windows-x64\apache-tomcat-10.1.41\webapps\ROOT] in the appBase will be ignored
29-May-2025 22:27:29.115 INFO [main] org.apache.jasper.servlet.TldScanner.scanJars Al menos un JAR, que se ha explorado buscando TLDs, aún no contenía TLDs. Activar historial de depuración para este historiador para una completa lista de los JARs que fueron explorados y de los que nos se halló TLDs. Saltarse JARs no necesarios durante la exploración puede dar lugar a una mejora de tiempo significativa en el arranque y compilación de JSP .
29-May-2025 22:27:29.195 INFO [main] org.apache.catalina.startup.HostConfig.deployDescriptor Deployment of deployment descriptor [C:\Users\Danie\Downloads\apache-tomcat-10.1.41-windows-x64\apache-tomcat-10.1.41\conf\Catalina\localhost\ROOT.xml] has finished in [424] ms
29-May-2025 22:27:29.199 INFO [main] org.apache.catalina.startup.HostConfig.deployWAR Despliegue del archivo [C:\Users\Danie\Downloads\apache-tomcat-10.1.41-windows-x64\apache-tomcat-10.1.41\webapps\miProyectoBackend.war] de la aplicación web
29-May-2025 22:27:29.475 INFO [main] org.apache.jasper.servlet.TldScanner.scanJars Al menos un JAR, que se ha explorado buscando TLDs, aún no contenía TLDs. Activar historial de depuración para este historiador para una completa lista de los JARs que fueron explorados y de los que nos se halló TLDs. Saltarse JARs no necesarios durante la exploración puede dar lugar a una mejora de tiempo significativa en el arranque y compilación de JSP .
29-May-2025 22:27:29.479 INFO [main] org.apache.catalina.startup.HostConfig.deployWAR Deployment of web application archive [C:\Users\Danie\Downloads\apache-tomcat-10.1.41-windows-x64\apache-tomcat-10.1.41\webapps\miProyectoBackend.war] has finished in [279] ms
29-May-2025 22:27:29.480 INFO [main] org.apache.catalina.startup.HostConfig.deployDirectory Desplegando el directorio [C:\Users\Danie\Downloads\apache-tomcat-10.1.41-windows-x64\apache-tomcat-10.1.41\webapps\docs] de la aplicación web
29-May-2025 22:27:29.505 INFO [main] org.apache.catalina.startup.HostConfig.deployDirectory Deployment of web application directory [C:\Users\Danie\Downloads\apache-tomcat-10.1.41-windows-x64\apache-tomcat-10.1.41\webapps\docs] has finished in [25] ms
29-May-2025 22:27:29.506 INFO [main] org.apache.catalina.startup.HostConfig.deployDirectory Desplegando el directorio [C:\Users\Danie\Downloads\apache-tomcat-10.1.41-windows-x64\apache-tomcat-10.1.41\webapps\examples] de la aplicación web
29-May-2025 22:27:29.822 INFO [main] org.apache.catalina.startup.HostConfig.deployDirectory Deployment of web application directory [C:\Users\Danie\Downloads\apache-tomcat-10.1.41-windows-x64\apache-tomcat-10.1.41\webapps\examples] has finished in [317] ms
29-May-2025 22:27:29.823 INFO [main] org.apache.catalina.startup.HostConfig.deployDirectory Desplegando el directorio [C:\Users\Danie\Downloads\apache-tomcat-10.1.41-windows-x64\apache-tomcat-10.1.41\webapps\host-manager] de la aplicación web
29-May-2025 22:27:29.856 INFO [main] org.apache.catalina.startup.HostConfig.deployDirectory Deployment of web application directory [C:\Users\Danie\Downloads\apache-tomcat-10.1.41-windows-x64\apache-tomcat-10.1.41\webapps\host-manager] has finished in [33] ms
29-May-2025 22:27:29.858 INFO [main] org.apache.catalina.startup.HostConfig.deployDirectory Desplegando el directorio [C:\Users\Danie\Downloads\apache-tomcat-10.1.41-windows-x64\apache-tomcat-10.1.41\webapps\manager] de la aplicación web
29-May-2025 22:27:29.886 INFO [main] org.apache.catalina.startup.HostConfig.deployDirectory Deployment of web application directory [C:\Users\Danie\Downloads\apache-tomcat-10.1.41-windows-x64\apache-tomcat-10.1.41\webapps\manager] has finished in [28] ms
29-May-2025 22:27:29.891 INFO [main] org.apache.coyote.AbstractProtocol.start Starting ProtocolHandler ["http-nio-8080"]
29-May-2025 22:27:29.947 INFO [main] org.apache.catalina.startup.Catalina.start Server startup in [1227] milliseconds
29-May-2025 22:55:41.973 INFO [main] org.apache.catalina.startup.VersionLoggerListener.log Nombre de la versión del servidor: Apache Tomcat/10.1.41
29-May-2025 22:55:41.977 INFO [main] org.apache.catalina.startup.VersionLoggerListener.log Server built:                      May 8 2025 12:44:02 UTC
29-May-2025 22:55:41.977 INFO [main] org.apache.catalina.startup.VersionLoggerListener.log Número de versión de servidor:     10.1.41.0
29-May-2025 22:55:41.977 INFO [main] org.apache.catalina.startup.VersionLoggerListener.log OS Name:                           Windows 11
29-May-2025 22:55:41.977 INFO [main] org.apache.catalina.startup.VersionLoggerListener.log Versión de Systema Operativo:      10.0
29-May-2025 22:55:41.977 INFO [main] org.apache.catalina.startup.VersionLoggerListener.log Arquitectura:                      amd64
29-May-2025 22:55:41.977 INFO [main] org.apache.catalina.startup.VersionLoggerListener.log Java Home:                         C:\Users\Danie\Downloads\jdk-17.0.12_windows-x64_bin\jdk-17.0.12
29-May-2025 22:55:41.978 INFO [main] org.apache.catalina.startup.VersionLoggerListener.log JVM Version:                       17.0.12+8-LTS-286
29-May-2025 22:55:41.978 INFO [main] org.apache.catalina.startup.VersionLoggerListener.log Vededor JVM:                       Oracle Corporation
29-May-2025 22:55:41.978 INFO [main] org.apache.catalina.startup.VersionLoggerListener.log CATALINA_BASE:                     C:\BACKEND-ATARI\pruebaAutoria\apache-tomcat-10.1.41-windows-x64\apache-tomcat-10.1.41
29-May-2025 22:55:41.978 INFO [main] org.apache.catalina.startup.VersionLoggerListener.log CATALINA_HOME:                     C:\BACKEND-ATARI\pruebaAutoria\apache-tomcat-10.1.41-windows-x64\apache-tomcat-10.1.41
29-May-2025 22:55:41.984 INFO [main] org.apache.catalina.startup.VersionLoggerListener.log Command line argument:             -Djava.util.logging.config.file=C:\BACKEND-ATARI\pruebaAutoria\apache-tomcat-10.1.41-windows-x64\apache-tomcat-10.1.41\conf\logging.properties
29-May-2025 22:55:41.984 INFO [main] org.apache.catalina.startup.VersionLoggerListener.log Command line argument:             -Djava.util.logging.manager=org.apache.juli.ClassLoaderLogManager
29-May-2025 22:55:41.984 INFO [main] org.apache.catalina.startup.VersionLoggerListener.log Command line argument:             -Djdk.tls.ephemeralDHKeySize=2048
29-May-2025 22:55:41.984 INFO [main] org.apache.catalina.startup.VersionLoggerListener.log Command line argument:             -Djava.protocol.handler.pkgs=org.apache.catalina.webresources
29-May-2025 22:55:41.984 INFO [main] org.apache.catalina.startup.VersionLoggerListener.log Command line argument:             -Dsun.io.useCanonCaches=false
29-May-2025 22:55:41.984 INFO [main] org.apache.catalina.startup.VersionLoggerListener.log Command line argument:             --add-opens=java.base/java.lang=ALL-UNNAMED
29-May-2025 22:55:41.986 INFO [main] org.apache.catalina.startup.VersionLoggerListener.log Command line argument:             --add-opens=java.base/java.lang.reflect=ALL-UNNAMED
29-May-2025 22:55:41.986 INFO [main] org.apache.catalina.startup.VersionLoggerListener.log Command line argument:             --add-opens=java.base/java.io=ALL-UNNAMED
29-May-2025 22:55:41.986 INFO [main] org.apache.catalina.startup.VersionLoggerListener.log Command line argument:             --add-opens=java.base/java.util=ALL-UNNAMED
29-May-2025 22:55:41.986 INFO [main] org.apache.catalina.startup.VersionLoggerListener.log Command line argument:             --add-opens=java.base/java.util.concurrent=ALL-UNNAMED
29-May-2025 22:55:41.986 INFO [main] org.apache.catalina.startup.VersionLoggerListener.log Command line argument:             --add-opens=java.rmi/sun.rmi.transport=ALL-UNNAMED
29-May-2025 22:55:41.986 INFO [main] org.apache.catalina.startup.VersionLoggerListener.log Command line argument:             -Dcatalina.base=C:\BACKEND-ATARI\pruebaAutoria\apache-tomcat-10.1.41-windows-x64\apache-tomcat-10.1.41
29-May-2025 22:55:41.986 INFO [main] org.apache.catalina.startup.VersionLoggerListener.log Command line argument:             -Dcatalina.home=C:\BACKEND-ATARI\pruebaAutoria\apache-tomcat-10.1.41-windows-x64\apache-tomcat-10.1.41
29-May-2025 22:55:41.986 INFO [main] org.apache.catalina.startup.VersionLoggerListener.log Command line argument:             -Djava.io.tmpdir=C:\BACKEND-ATARI\pruebaAutoria\apache-tomcat-10.1.41-windows-x64\apache-tomcat-10.1.41\temp
29-May-2025 22:55:42.184 INFO [main] org.apache.catalina.core.AprLifecycleListener.lifecycleEvent Cargada la biblioteca nativa APR de Apache Tomcat [2.0.8] con la versión APR [1.7.4].
29-May-2025 22:55:42.188 INFO [main] org.apache.catalina.core.AprLifecycleListener.initializeSSL OpenSSL inicializado correctamente [OpenSSL 3.0.14 4 Jun 2024]
29-May-2025 22:55:42.355 INFO [main] org.apache.coyote.AbstractProtocol.init Inicializando el manejador de protocolo ["http-nio-8080"]

29-May-2025 22:55:42.373 INFO [main] org.apache.catalina.startup.Catalina.load Server initialization in [542] milliseconds
29-May-2025 22:55:42.425 INFO [main] org.apache.catalina.core.StandardService.startInternal Arrancando servicio [Catalina]
29-May-2025 22:55:42.425 INFO [main] org.apache.catalina.core.StandardEngine.startInternal Starting Servlet engine: [Apache Tomcat/10.1.41]
29-May-2025 22:55:42.435 INFO [main] org.apache.catalina.startup.HostConfig.deployDescriptor Desplieque del descriptor de configuración [C:\BACKEND-ATARI\pruebaAutoria\apache-tomcat-10.1.41-windows-x64\apache-tomcat-10.1.41\conf\Catalina\localhost\ROOT.xml]
29-May-2025 22:55:42.452 WARNING [main] org.apache.catalina.startup.HostConfig.deployDescriptor Deployment of deployment descriptor [C:\BACKEND-ATARI\pruebaAutoria\apache-tomcat-10.1.41-windows-x64\apache-tomcat-10.1.41\conf\Catalina\localhost\ROOT.xml] with an external docBase means the directory [C:\BACKEND-ATARI\pruebaAutoria\apache-tomcat-10.1.41-windows-x64\apache-tomcat-10.1.41\webapps\ROOT] in the appBase will be ignored
29-May-2025 22:55:42.840 INFO [main] org.apache.jasper.servlet.TldScanner.scanJars Al menos un JAR, que se ha explorado buscando TLDs, aún no contenía TLDs. Activar historial de depuración para este historiador para una completa lista de los JARs que fueron explorados y de los que nos se halló TLDs. Saltarse JARs no necesarios durante la exploración puede dar lugar a una mejora de tiempo significativa en el arranque y compilación de JSP .
29-May-2025 22:55:42.918 INFO [main] org.apache.catalina.startup.HostConfig.deployDescriptor Deployment of deployment descriptor [C:\BACKEND-ATARI\pruebaAutoria\apache-tomcat-10.1.41-windows-x64\apache-tomcat-10.1.41\conf\Catalina\localhost\ROOT.xml] has finished in [482] ms
29-May-2025 22:55:42.921 INFO [main] org.apache.catalina.startup.HostConfig.deployWAR Despliegue del archivo [C:\BACKEND-ATARI\pruebaAutoria\apache-tomcat-10.1.41-windows-x64\apache-tomcat-10.1.41\webapps\miProyectoBackend.war] de la aplicación web
29-May-2025 22:55:43.235 INFO [main] org.apache.jasper.servlet.TldScanner.scanJars Al menos un JAR, que se ha explorado buscando TLDs, aún no contenía TLDs. Activar historial de depuración para este historiador para una completa lista de los JARs que fueron explorados y de los que nos se halló TLDs. Saltarse JARs no necesarios durante la exploración puede dar lugar a una mejora de tiempo significativa en el arranque y compilación de JSP .
29-May-2025 22:55:43.238 INFO [main] org.apache.catalina.startup.HostConfig.deployWAR Deployment of web application archive [C:\BACKEND-ATARI\pruebaAutoria\apache-tomcat-10.1.41-windows-x64\apache-tomcat-10.1.41\webapps\miProyectoBackend.war] has finished in [318] ms
29-May-2025 22:55:43.240 INFO [main] org.apache.catalina.startup.HostConfig.deployDirectory Desplegando el directorio [C:\BACKEND-ATARI\pruebaAutoria\apache-tomcat-10.1.41-windows-x64\apache-tomcat-10.1.41\webapps\docs] de la aplicación web
29-May-2025 22:55:43.301 INFO [main] org.apache.catalina.startup.HostConfig.deployDirectory Deployment of web application directory [C:\BACKEND-ATARI\pruebaAutoria\apache-tomcat-10.1.41-windows-x64\apache-tomcat-10.1.41\webapps\docs] has finished in [61] ms
29-May-2025 22:55:43.301 INFO [main] org.apache.catalina.startup.HostConfig.deployDirectory Desplegando el directorio [C:\BACKEND-ATARI\pruebaAutoria\apache-tomcat-10.1.41-windows-x64\apache-tomcat-10.1.41\webapps\examples] de la aplicación web
29-May-2025 22:55:46.023 INFO [main] org.apache.catalina.startup.HostConfig.deployDirectory Deployment of web application directory [C:\BACKEND-ATARI\pruebaAutoria\apache-tomcat-10.1.41-windows-x64\apache-tomcat-10.1.41\webapps\examples] has finished in [2.721] ms
29-May-2025 22:55:46.024 INFO [main] org.apache.catalina.startup.HostConfig.deployDirectory Desplegando el directorio [C:\BACKEND-ATARI\pruebaAutoria\apache-tomcat-10.1.41-windows-x64\apache-tomcat-10.1.41\webapps\host-manager] de la aplicación web
29-May-2025 22:55:46.139 INFO [main] org.apache.catalina.startup.HostConfig.deployDirectory Deployment of web application directory [C:\BACKEND-ATARI\pruebaAutoria\apache-tomcat-10.1.41-windows-x64\apache-tomcat-10.1.41\webapps\host-manager] has finished in [115] ms
29-May-2025 22:55:46.140 INFO [main] org.apache.catalina.startup.HostConfig.deployDirectory Desplegando el directorio [C:\BACKEND-ATARI\pruebaAutoria\apache-tomcat-10.1.41-windows-x64\apache-tomcat-10.1.41\webapps\manager] de la aplicación web
29-May-2025 22:55:46.234 INFO [main] org.apache.catalina.startup.HostConfig.deployDirectory Deployment of web application directory [C:\BACKEND-ATARI\pruebaAutoria\apache-tomcat-10.1.41-windows-x64\apache-tomcat-10.1.41\webapps\manager] has finished in [95] ms
29-May-2025 22:55:46.244 INFO [main] org.apache.coyote.AbstractProtocol.start Starting ProtocolHandler ["http-nio-8080"]
29-May-2025 22:55:46.416 INFO [main] org.apache.catalina.startup.Catalina.start Server startup in [4041] milliseconds
