19-May-2025 07:58:57.228 SEVERE [main] org.apache.catalina.startup.Catalina.stopServer Could not contact [localhost:8005] (base port [8005] and offset [0]). Tomcat may not be running.
19-May-2025 07:58:57.241 SEVERE [main] org.apache.catalina.startup.Catalina.stopServer Error stopping Catalina
	java.net.ConnectException: Connection refused: connect
		at java.base/sun.nio.ch.Net.connect0(Native Method)
		at java.base/sun.nio.ch.Net.connect(Net.java:579)
		at java.base/sun.nio.ch.Net.connect(Net.java:568)
		at java.base/sun.nio.ch.NioSocketImpl.connect(NioSocketImpl.java:593)
		at java.base/java.net.SocksSocketImpl.connect(SocksSocketImpl.java:327)
		at java.base/java.net.Socket.connect(Socket.java:633)
		at java.base/java.net.Socket.connect(Socket.java:583)
		at java.base/java.net.Socket.<init>(Socket.java:507)
		at java.base/java.net.Socket.<init>(Socket.java:287)
		at org.apache.catalina.startup.Catalina.stopServer(Catalina.java:657)
		at java.base/jdk.internal.reflect.NativeMethodAccessorImpl.invoke0(Native Method)
		at java.base/jdk.internal.reflect.NativeMethodAccessorImpl.invoke(NativeMethodAccessorImpl.java:77)
		at java.base/jdk.internal.reflect.DelegatingMethodAccessorImpl.invoke(DelegatingMethodAccessorImpl.java:43)
		at java.base/java.lang.reflect.Method.invoke(Method.java:568)
		at org.apache.catalina.startup.Bootstrap.stopServer(Bootstrap.java:393)
		at org.apache.catalina.startup.Bootstrap.main(Bootstrap.java:482)
19-May-2025 07:59:00.006 INFO [main] org.apache.catalina.startup.VersionLoggerListener.log Nombre de la versión del servidor: Apache Tomcat/10.1.41
19-May-2025 07:59:00.011 INFO [main] org.apache.catalina.startup.VersionLoggerListener.log Server built:                      May 8 2025 12:44:02 UTC
19-May-2025 07:59:00.011 INFO [main] org.apache.catalina.startup.VersionLoggerListener.log Número de versión de servidor:     10.1.41.0
19-May-2025 07:59:00.011 INFO [main] org.apache.catalina.startup.VersionLoggerListener.log OS Name:                           Windows 11
19-May-2025 07:59:00.011 INFO [main] org.apache.catalina.startup.VersionLoggerListener.log Versión de Systema Operativo:      10.0
19-May-2025 07:59:00.011 INFO [main] org.apache.catalina.startup.VersionLoggerListener.log Arquitectura:                      amd64
19-May-2025 07:59:00.011 INFO [main] org.apache.catalina.startup.VersionLoggerListener.log Java Home:                         C:\Users\Danie\Downloads\jdk-17.0.12_windows-x64_bin\jdk-17.0.12
19-May-2025 07:59:00.011 INFO [main] org.apache.catalina.startup.VersionLoggerListener.log JVM Version:                       17.0.12+8-LTS-286
19-May-2025 07:59:00.011 INFO [main] org.apache.catalina.startup.VersionLoggerListener.log Vededor JVM:                       Oracle Corporation
19-May-2025 07:59:00.011 INFO [main] org.apache.catalina.startup.VersionLoggerListener.log CATALINA_BASE:                     C:\Users\Danie\Downloads\apache-tomcat-10.1.41-windows-x64\apache-tomcat-10.1.41
19-May-2025 07:59:00.011 INFO [main] org.apache.catalina.startup.VersionLoggerListener.log CATALINA_HOME:                     C:\Users\Danie\Downloads\apache-tomcat-10.1.41-windows-x64\apache-tomcat-10.1.41
19-May-2025 07:59:00.021 INFO [main] org.apache.catalina.startup.VersionLoggerListener.log Command line argument:             -Djava.util.logging.config.file=C:\Users\Danie\Downloads\apache-tomcat-10.1.41-windows-x64\apache-tomcat-10.1.41\conf\logging.properties
19-May-2025 07:59:00.021 INFO [main] org.apache.catalina.startup.VersionLoggerListener.log Command line argument:             -Djava.util.logging.manager=org.apache.juli.ClassLoaderLogManager
19-May-2025 07:59:00.021 INFO [main] org.apache.catalina.startup.VersionLoggerListener.log Command line argument:             -Djdk.tls.ephemeralDHKeySize=2048
19-May-2025 07:59:00.021 INFO [main] org.apache.catalina.startup.VersionLoggerListener.log Command line argument:             -Djava.protocol.handler.pkgs=org.apache.catalina.webresources
19-May-2025 07:59:00.021 INFO [main] org.apache.catalina.startup.VersionLoggerListener.log Command line argument:             -Dsun.io.useCanonCaches=false
19-May-2025 07:59:00.021 INFO [main] org.apache.catalina.startup.VersionLoggerListener.log Command line argument:             --add-opens=java.base/java.lang=ALL-UNNAMED
19-May-2025 07:59:00.021 INFO [main] org.apache.catalina.startup.VersionLoggerListener.log Command line argument:             --add-opens=java.base/java.lang.reflect=ALL-UNNAMED
19-May-2025 07:59:00.021 INFO [main] org.apache.catalina.startup.VersionLoggerListener.log Command line argument:             --add-opens=java.base/java.io=ALL-UNNAMED
19-May-2025 07:59:00.021 INFO [main] org.apache.catalina.startup.VersionLoggerListener.log Command line argument:             --add-opens=java.base/java.util=ALL-UNNAMED
19-May-2025 07:59:00.021 INFO [main] org.apache.catalina.startup.VersionLoggerListener.log Command line argument:             --add-opens=java.base/java.util.concurrent=ALL-UNNAMED
19-May-2025 07:59:00.021 INFO [main] org.apache.catalina.startup.VersionLoggerListener.log Command line argument:             --add-opens=java.rmi/sun.rmi.transport=ALL-UNNAMED
19-May-2025 07:59:00.021 INFO [main] org.apache.catalina.startup.VersionLoggerListener.log Command line argument:             -Dcatalina.base=C:\Users\Danie\Downloads\apache-tomcat-10.1.41-windows-x64\apache-tomcat-10.1.41
19-May-2025 07:59:00.021 INFO [main] org.apache.catalina.startup.VersionLoggerListener.log Command line argument:             -Dcatalina.home=C:\Users\Danie\Downloads\apache-tomcat-10.1.41-windows-x64\apache-tomcat-10.1.41
19-May-2025 07:59:00.021 INFO [main] org.apache.catalina.startup.VersionLoggerListener.log Command line argument:             -Djava.io.tmpdir=C:\Users\Danie\Downloads\apache-tomcat-10.1.41-windows-x64\apache-tomcat-10.1.41\temp
19-May-2025 07:59:00.164 INFO [main] org.apache.catalina.core.AprLifecycleListener.lifecycleEvent Cargada la biblioteca nativa APR de Apache Tomcat [2.0.8] con la versión APR [1.7.4].
19-May-2025 07:59:00.180 INFO [main] org.apache.catalina.core.AprLifecycleListener.initializeSSL OpenSSL inicializado correctamente [OpenSSL 3.0.14 4 Jun 2024]
19-May-2025 07:59:00.371 INFO [main] org.apache.coyote.AbstractProtocol.init Inicializando el manejador de protocolo ["http-nio-8080"]

19-May-2025 07:59:00.418 INFO [main] org.apache.catalina.startup.Catalina.load Server initialization in [571] milliseconds
19-May-2025 07:59:00.465 INFO [main] org.apache.catalina.core.StandardService.startInternal Arrancando servicio [Catalina]
19-May-2025 07:59:00.465 INFO [main] org.apache.catalina.core.StandardEngine.startInternal Starting Servlet engine: [Apache Tomcat/10.1.41]
19-May-2025 07:59:00.465 INFO [main] org.apache.catalina.startup.HostConfig.deployDescriptor Desplieque del descriptor de configuración [C:\Users\Danie\Downloads\apache-tomcat-10.1.41-windows-x64\apache-tomcat-10.1.41\conf\Catalina\localhost\ROOT.xml]
19-May-2025 07:59:00.502 WARNING [main] org.apache.catalina.startup.HostConfig.deployDescriptor Deployment of deployment descriptor [C:\Users\Danie\Downloads\apache-tomcat-10.1.41-windows-x64\apache-tomcat-10.1.41\conf\Catalina\localhost\ROOT.xml] with an external docBase means the directory [C:\Users\Danie\Downloads\apache-tomcat-10.1.41-windows-x64\apache-tomcat-10.1.41\webapps\ROOT] in the appBase will be ignored
19-May-2025 07:59:01.018 INFO [main] org.apache.jasper.servlet.TldScanner.scanJars Al menos un JAR, que se ha explorado buscando TLDs, aún no contenía TLDs. Activar historial de depuración para este historiador para una completa lista de los JARs que fueron explorados y de los que nos se halló TLDs. Saltarse JARs no necesarios durante la exploración puede dar lugar a una mejora de tiempo significativa en el arranque y compilación de JSP .
19-May-2025 07:59:01.129 INFO [main] org.apache.catalina.startup.HostConfig.deployDescriptor Deployment of deployment descriptor [C:\Users\Danie\Downloads\apache-tomcat-10.1.41-windows-x64\apache-tomcat-10.1.41\conf\Catalina\localhost\ROOT.xml] has finished in [664] ms
19-May-2025 07:59:01.129 INFO [main] org.apache.catalina.startup.HostConfig.deployWAR Despliegue del archivo [C:\Users\Danie\Downloads\apache-tomcat-10.1.41-windows-x64\apache-tomcat-10.1.41\webapps\backend.war] de la aplicación web
19-May-2025 07:59:04.135 INFO [main] org.apache.jasper.servlet.TldScanner.scanJars Al menos un JAR, que se ha explorado buscando TLDs, aún no contenía TLDs. Activar historial de depuración para este historiador para una completa lista de los JARs que fueron explorados y de los que nos se halló TLDs. Saltarse JARs no necesarios durante la exploración puede dar lugar a una mejora de tiempo significativa en el arranque y compilación de JSP .
19-May-2025 07:59:04.151 INFO [main] org.apache.catalina.startup.HostConfig.deployWAR Deployment of web application archive [C:\Users\Danie\Downloads\apache-tomcat-10.1.41-windows-x64\apache-tomcat-10.1.41\webapps\backend.war] has finished in [3.022] ms
19-May-2025 07:59:04.151 INFO [main] org.apache.catalina.startup.HostConfig.deployDirectory Desplegando el directorio [C:\Users\Danie\Downloads\apache-tomcat-10.1.41-windows-x64\apache-tomcat-10.1.41\webapps\docs] de la aplicación web
19-May-2025 07:59:04.263 INFO [main] org.apache.catalina.startup.HostConfig.deployDirectory Deployment of web application directory [C:\Users\Danie\Downloads\apache-tomcat-10.1.41-windows-x64\apache-tomcat-10.1.41\webapps\docs] has finished in [112] ms
19-May-2025 07:59:04.263 INFO [main] org.apache.catalina.startup.HostConfig.deployDirectory Desplegando el directorio [C:\Users\Danie\Downloads\apache-tomcat-10.1.41-windows-x64\apache-tomcat-10.1.41\webapps\examples] de la aplicación web
19-May-2025 07:59:08.042 INFO [main] org.apache.catalina.startup.HostConfig.deployDirectory Deployment of web application directory [C:\Users\Danie\Downloads\apache-tomcat-10.1.41-windows-x64\apache-tomcat-10.1.41\webapps\examples] has finished in [3.779] ms
19-May-2025 07:59:08.042 INFO [main] org.apache.catalina.startup.HostConfig.deployDirectory Desplegando el directorio [C:\Users\Danie\Downloads\apache-tomcat-10.1.41-windows-x64\apache-tomcat-10.1.41\webapps\host-manager] de la aplicación web
19-May-2025 07:59:08.173 INFO [main] org.apache.catalina.startup.HostConfig.deployDirectory Deployment of web application directory [C:\Users\Danie\Downloads\apache-tomcat-10.1.41-windows-x64\apache-tomcat-10.1.41\webapps\host-manager] has finished in [131] ms
19-May-2025 07:59:08.175 INFO [main] org.apache.catalina.startup.HostConfig.deployDirectory Desplegando el directorio [C:\Users\Danie\Downloads\apache-tomcat-10.1.41-windows-x64\apache-tomcat-10.1.41\webapps\manager] de la aplicación web
19-May-2025 07:59:08.294 INFO [main] org.apache.catalina.startup.HostConfig.deployDirectory Deployment of web application directory [C:\Users\Danie\Downloads\apache-tomcat-10.1.41-windows-x64\apache-tomcat-10.1.41\webapps\manager] has finished in [117] ms
19-May-2025 07:59:08.301 INFO [main] org.apache.coyote.AbstractProtocol.start Starting ProtocolHandler ["http-nio-8080"]
19-May-2025 07:59:08.493 INFO [main] org.apache.catalina.startup.Catalina.start Server startup in [8084] milliseconds
19-May-2025 08:04:55.399 INFO [main] org.apache.catalina.startup.VersionLoggerListener.log Nombre de la versión del servidor: Apache Tomcat/10.1.41
19-May-2025 08:04:55.399 INFO [main] org.apache.catalina.startup.VersionLoggerListener.log Server built:                      May 8 2025 12:44:02 UTC
19-May-2025 08:04:55.399 INFO [main] org.apache.catalina.startup.VersionLoggerListener.log Número de versión de servidor:     10.1.41.0
19-May-2025 08:04:55.399 INFO [main] org.apache.catalina.startup.VersionLoggerListener.log OS Name:                           Windows 11
19-May-2025 08:04:55.399 INFO [main] org.apache.catalina.startup.VersionLoggerListener.log Versión de Systema Operativo:      10.0
19-May-2025 08:04:55.399 INFO [main] org.apache.catalina.startup.VersionLoggerListener.log Arquitectura:                      amd64
19-May-2025 08:04:55.399 INFO [main] org.apache.catalina.startup.VersionLoggerListener.log Java Home:                         C:\Users\Danie\Downloads\jdk-17.0.12_windows-x64_bin\jdk-17.0.12
19-May-2025 08:04:55.399 INFO [main] org.apache.catalina.startup.VersionLoggerListener.log JVM Version:                       17.0.12+8-LTS-286
19-May-2025 08:04:55.399 INFO [main] org.apache.catalina.startup.VersionLoggerListener.log Vededor JVM:                       Oracle Corporation
19-May-2025 08:04:55.399 INFO [main] org.apache.catalina.startup.VersionLoggerListener.log CATALINA_BASE:                     C:\Users\Danie\Downloads\apache-tomcat-10.1.41-windows-x64\apache-tomcat-10.1.41
19-May-2025 08:04:55.399 INFO [main] org.apache.catalina.startup.VersionLoggerListener.log CATALINA_HOME:                     C:\Users\Danie\Downloads\apache-tomcat-10.1.41-windows-x64\apache-tomcat-10.1.41
19-May-2025 08:04:55.418 INFO [main] org.apache.catalina.startup.VersionLoggerListener.log Command line argument:             -Djava.util.logging.config.file=C:\Users\Danie\Downloads\apache-tomcat-10.1.41-windows-x64\apache-tomcat-10.1.41\conf\logging.properties
19-May-2025 08:04:55.418 INFO [main] org.apache.catalina.startup.VersionLoggerListener.log Command line argument:             -Djava.util.logging.manager=org.apache.juli.ClassLoaderLogManager
19-May-2025 08:04:55.418 INFO [main] org.apache.catalina.startup.VersionLoggerListener.log Command line argument:             -Djdk.tls.ephemeralDHKeySize=2048
19-May-2025 08:04:55.418 INFO [main] org.apache.catalina.startup.VersionLoggerListener.log Command line argument:             -Djava.protocol.handler.pkgs=org.apache.catalina.webresources
19-May-2025 08:04:55.418 INFO [main] org.apache.catalina.startup.VersionLoggerListener.log Command line argument:             -Dsun.io.useCanonCaches=false
19-May-2025 08:04:55.418 INFO [main] org.apache.catalina.startup.VersionLoggerListener.log Command line argument:             --add-opens=java.base/java.lang=ALL-UNNAMED
19-May-2025 08:04:55.418 INFO [main] org.apache.catalina.startup.VersionLoggerListener.log Command line argument:             --add-opens=java.base/java.lang.reflect=ALL-UNNAMED
19-May-2025 08:04:55.418 INFO [main] org.apache.catalina.startup.VersionLoggerListener.log Command line argument:             --add-opens=java.base/java.io=ALL-UNNAMED
19-May-2025 08:04:55.418 INFO [main] org.apache.catalina.startup.VersionLoggerListener.log Command line argument:             --add-opens=java.base/java.util=ALL-UNNAMED
19-May-2025 08:04:55.418 INFO [main] org.apache.catalina.startup.VersionLoggerListener.log Command line argument:             --add-opens=java.base/java.util.concurrent=ALL-UNNAMED
19-May-2025 08:04:55.418 INFO [main] org.apache.catalina.startup.VersionLoggerListener.log Command line argument:             --add-opens=java.rmi/sun.rmi.transport=ALL-UNNAMED
19-May-2025 08:04:55.418 INFO [main] org.apache.catalina.startup.VersionLoggerListener.log Command line argument:             -Dcatalina.base=C:\Users\Danie\Downloads\apache-tomcat-10.1.41-windows-x64\apache-tomcat-10.1.41
19-May-2025 08:04:55.418 INFO [main] org.apache.catalina.startup.VersionLoggerListener.log Command line argument:             -Dcatalina.home=C:\Users\Danie\Downloads\apache-tomcat-10.1.41-windows-x64\apache-tomcat-10.1.41
19-May-2025 08:04:55.418 INFO [main] org.apache.catalina.startup.VersionLoggerListener.log Command line argument:             -Djava.io.tmpdir=C:\Users\Danie\Downloads\apache-tomcat-10.1.41-windows-x64\apache-tomcat-10.1.41\temp
19-May-2025 08:04:55.418 INFO [main] org.apache.catalina.core.AprLifecycleListener.lifecycleEvent Cargada la biblioteca nativa APR de Apache Tomcat [2.0.8] con la versión APR [1.7.4].
19-May-2025 08:04:55.423 INFO [main] org.apache.catalina.core.AprLifecycleListener.initializeSSL OpenSSL inicializado correctamente [OpenSSL 3.0.14 4 Jun 2024]
19-May-2025 08:04:55.577 INFO [main] org.apache.coyote.AbstractProtocol.init Inicializando el manejador de protocolo ["http-nio-8080"]

19-May-2025 08:04:55.599 INFO [main] org.apache.catalina.startup.Catalina.load Server initialization in [346] milliseconds
19-May-2025 08:04:55.624 INFO [main] org.apache.catalina.core.StandardService.startInternal Arrancando servicio [Catalina]
19-May-2025 08:04:55.624 INFO [main] org.apache.catalina.core.StandardEngine.startInternal Starting Servlet engine: [Apache Tomcat/10.1.41]
19-May-2025 08:04:55.640 INFO [main] org.apache.catalina.startup.HostConfig.deployDescriptor Desplieque del descriptor de configuración [C:\Users\Danie\Downloads\apache-tomcat-10.1.41-windows-x64\apache-tomcat-10.1.41\conf\Catalina\localhost\ROOT.xml]
19-May-2025 08:04:55.659 WARNING [main] org.apache.catalina.startup.HostConfig.deployDescriptor Deployment of deployment descriptor [C:\Users\Danie\Downloads\apache-tomcat-10.1.41-windows-x64\apache-tomcat-10.1.41\conf\Catalina\localhost\ROOT.xml] with an external docBase means the directory [C:\Users\Danie\Downloads\apache-tomcat-10.1.41-windows-x64\apache-tomcat-10.1.41\webapps\ROOT] in the appBase will be ignored
19-May-2025 08:04:55.974 INFO [main] org.apache.jasper.servlet.TldScanner.scanJars Al menos un JAR, que se ha explorado buscando TLDs, aún no contenía TLDs. Activar historial de depuración para este historiador para una completa lista de los JARs que fueron explorados y de los que nos se halló TLDs. Saltarse JARs no necesarios durante la exploración puede dar lugar a una mejora de tiempo significativa en el arranque y compilación de JSP .
19-May-2025 08:04:56.051 INFO [main] org.apache.catalina.startup.HostConfig.deployDescriptor Deployment of deployment descriptor [C:\Users\Danie\Downloads\apache-tomcat-10.1.41-windows-x64\apache-tomcat-10.1.41\conf\Catalina\localhost\ROOT.xml] has finished in [408] ms
19-May-2025 08:04:56.051 INFO [main] org.apache.catalina.startup.HostConfig.deployWAR Despliegue del archivo [C:\Users\Danie\Downloads\apache-tomcat-10.1.41-windows-x64\apache-tomcat-10.1.41\webapps\backend.war] de la aplicación web
19-May-2025 08:04:57.638 INFO [main] org.apache.jasper.servlet.TldScanner.scanJars Al menos un JAR, que se ha explorado buscando TLDs, aún no contenía TLDs. Activar historial de depuración para este historiador para una completa lista de los JARs que fueron explorados y de los que nos se halló TLDs. Saltarse JARs no necesarios durante la exploración puede dar lugar a una mejora de tiempo significativa en el arranque y compilación de JSP .
19-May-2025 08:04:57.641 INFO [main] org.apache.catalina.startup.HostConfig.deployWAR Deployment of web application archive [C:\Users\Danie\Downloads\apache-tomcat-10.1.41-windows-x64\apache-tomcat-10.1.41\webapps\backend.war] has finished in [1.590] ms
19-May-2025 08:04:57.641 INFO [main] org.apache.catalina.startup.HostConfig.deployDirectory Desplegando el directorio [C:\Users\Danie\Downloads\apache-tomcat-10.1.41-windows-x64\apache-tomcat-10.1.41\webapps\docs] de la aplicación web
19-May-2025 08:04:57.663 INFO [main] org.apache.catalina.startup.HostConfig.deployDirectory Deployment of web application directory [C:\Users\Danie\Downloads\apache-tomcat-10.1.41-windows-x64\apache-tomcat-10.1.41\webapps\docs] has finished in [22] ms
19-May-2025 08:04:57.663 INFO [main] org.apache.catalina.startup.HostConfig.deployDirectory Desplegando el directorio [C:\Users\Danie\Downloads\apache-tomcat-10.1.41-windows-x64\apache-tomcat-10.1.41\webapps\examples] de la aplicación web
19-May-2025 08:04:58.457 INFO [main] org.apache.catalina.startup.HostConfig.deployDirectory Deployment of web application directory [C:\Users\Danie\Downloads\apache-tomcat-10.1.41-windows-x64\apache-tomcat-10.1.41\webapps\examples] has finished in [794] ms
19-May-2025 08:04:58.457 INFO [main] org.apache.catalina.startup.HostConfig.deployDirectory Desplegando el directorio [C:\Users\Danie\Downloads\apache-tomcat-10.1.41-windows-x64\apache-tomcat-10.1.41\webapps\host-manager] de la aplicación web
19-May-2025 08:04:58.561 INFO [main] org.apache.catalina.startup.HostConfig.deployDirectory Deployment of web application directory [C:\Users\Danie\Downloads\apache-tomcat-10.1.41-windows-x64\apache-tomcat-10.1.41\webapps\host-manager] has finished in [103] ms
19-May-2025 08:04:58.562 INFO [main] org.apache.catalina.startup.HostConfig.deployDirectory Desplegando el directorio [C:\Users\Danie\Downloads\apache-tomcat-10.1.41-windows-x64\apache-tomcat-10.1.41\webapps\manager] de la aplicación web
19-May-2025 08:04:58.648 INFO [main] org.apache.catalina.startup.HostConfig.deployDirectory Deployment of web application directory [C:\Users\Danie\Downloads\apache-tomcat-10.1.41-windows-x64\apache-tomcat-10.1.41\webapps\manager] has finished in [86] ms
19-May-2025 08:04:58.667 INFO [main] org.apache.coyote.AbstractProtocol.start Starting ProtocolHandler ["http-nio-8080"]
19-May-2025 08:04:58.840 INFO [main] org.apache.catalina.startup.Catalina.start Server startup in [3251] milliseconds
19-May-2025 09:50:28.307 INFO [Catalina-utility-1] org.apache.catalina.startup.HostConfig.undeploy Repliegue (undeploy) de la aplicación web que tiene como trayectoria de contexto [/backend]
19-May-2025 09:50:28.331 WARNING [Catalina-utility-1] org.apache.catalina.loader.WebappClassLoaderBase.clearReferencesJdbc La aplicación web [backend] registró el conductor JDBC [org.postgresql.Driver] pero falló al anular el registro mientras la aplicación web estaba parada. Para prevenir un fallo de memoria, se ha anulado el registro del conductor JDBC por la fuerza.
19-May-2025 09:50:28.369 INFO [Catalina-utility-1] org.apache.catalina.startup.HostConfig.deployWAR Despliegue del archivo [C:\Users\Danie\Downloads\apache-tomcat-10.1.41-windows-x64\apache-tomcat-10.1.41\webapps\backend.war] de la aplicación web
19-May-2025 09:50:32.676 INFO [Catalina-utility-1] org.apache.jasper.servlet.TldScanner.scanJars Al menos un JAR, que se ha explorado buscando TLDs, aún no contenía TLDs. Activar historial de depuración para este historiador para una completa lista de los JARs que fueron explorados y de los que nos se halló TLDs. Saltarse JARs no necesarios durante la exploración puede dar lugar a una mejora de tiempo significativa en el arranque y compilación de JSP .
19-May-2025 09:50:32.689 INFO [Catalina-utility-1] org.apache.catalina.startup.HostConfig.deployWAR Deployment of web application archive [C:\Users\Danie\Downloads\apache-tomcat-10.1.41-windows-x64\apache-tomcat-10.1.41\webapps\backend.war] has finished in [4.318] ms
19-May-2025 09:50:39.741 INFO [main] org.apache.catalina.core.StandardServer.await Se ha recibido un comando de apagado a través del puerto de apagado. Parando la instancia del Servidor.
19-May-2025 09:50:39.741 INFO [main] org.apache.coyote.AbstractProtocol.pause Pausing ProtocolHandler ["http-nio-8080"]
19-May-2025 09:50:39.917 INFO [main] org.apache.catalina.core.StandardService.stopInternal Parando servicio [Catalina]
19-May-2025 09:50:39.947 INFO [main] org.apache.coyote.AbstractProtocol.stop Stopping ProtocolHandler ["http-nio-8080"]
19-May-2025 09:50:39.956 INFO [main] org.apache.coyote.AbstractProtocol.destroy Destroying ProtocolHandler ["http-nio-8080"]
19-May-2025 09:50:43.841 INFO [main] org.apache.catalina.startup.VersionLoggerListener.log Nombre de la versión del servidor: Apache Tomcat/10.1.41
19-May-2025 09:50:43.847 INFO [main] org.apache.catalina.startup.VersionLoggerListener.log Server built:                      May 8 2025 12:44:02 UTC
19-May-2025 09:50:43.847 INFO [main] org.apache.catalina.startup.VersionLoggerListener.log Número de versión de servidor:     10.1.41.0
19-May-2025 09:50:43.847 INFO [main] org.apache.catalina.startup.VersionLoggerListener.log OS Name:                           Windows 11
19-May-2025 09:50:43.847 INFO [main] org.apache.catalina.startup.VersionLoggerListener.log Versión de Systema Operativo:      10.0
19-May-2025 09:50:43.847 INFO [main] org.apache.catalina.startup.VersionLoggerListener.log Arquitectura:                      amd64
19-May-2025 09:50:43.847 INFO [main] org.apache.catalina.startup.VersionLoggerListener.log Java Home:                         C:\Users\Danie\Downloads\jdk-17.0.12_windows-x64_bin\jdk-17.0.12
19-May-2025 09:50:43.847 INFO [main] org.apache.catalina.startup.VersionLoggerListener.log JVM Version:                       17.0.12+8-LTS-286
19-May-2025 09:50:43.847 INFO [main] org.apache.catalina.startup.VersionLoggerListener.log Vededor JVM:                       Oracle Corporation
19-May-2025 09:50:43.847 INFO [main] org.apache.catalina.startup.VersionLoggerListener.log CATALINA_BASE:                     C:\Users\Danie\Downloads\apache-tomcat-10.1.41-windows-x64\apache-tomcat-10.1.41
19-May-2025 09:50:43.850 INFO [main] org.apache.catalina.startup.VersionLoggerListener.log CATALINA_HOME:                     C:\Users\Danie\Downloads\apache-tomcat-10.1.41-windows-x64\apache-tomcat-10.1.41
19-May-2025 09:50:43.862 INFO [main] org.apache.catalina.startup.VersionLoggerListener.log Command line argument:             -Djava.util.logging.config.file=C:\Users\Danie\Downloads\apache-tomcat-10.1.41-windows-x64\apache-tomcat-10.1.41\conf\logging.properties
19-May-2025 09:50:43.862 INFO [main] org.apache.catalina.startup.VersionLoggerListener.log Command line argument:             -Djava.util.logging.manager=org.apache.juli.ClassLoaderLogManager
19-May-2025 09:50:43.862 INFO [main] org.apache.catalina.startup.VersionLoggerListener.log Command line argument:             -Djdk.tls.ephemeralDHKeySize=2048
19-May-2025 09:50:43.862 INFO [main] org.apache.catalina.startup.VersionLoggerListener.log Command line argument:             -Djava.protocol.handler.pkgs=org.apache.catalina.webresources
19-May-2025 09:50:43.862 INFO [main] org.apache.catalina.startup.VersionLoggerListener.log Command line argument:             -Dsun.io.useCanonCaches=false
19-May-2025 09:50:43.862 INFO [main] org.apache.catalina.startup.VersionLoggerListener.log Command line argument:             --add-opens=java.base/java.lang=ALL-UNNAMED
19-May-2025 09:50:43.862 INFO [main] org.apache.catalina.startup.VersionLoggerListener.log Command line argument:             --add-opens=java.base/java.lang.reflect=ALL-UNNAMED
19-May-2025 09:50:43.862 INFO [main] org.apache.catalina.startup.VersionLoggerListener.log Command line argument:             --add-opens=java.base/java.io=ALL-UNNAMED
19-May-2025 09:50:43.862 INFO [main] org.apache.catalina.startup.VersionLoggerListener.log Command line argument:             --add-opens=java.base/java.util=ALL-UNNAMED
19-May-2025 09:50:43.862 INFO [main] org.apache.catalina.startup.VersionLoggerListener.log Command line argument:             --add-opens=java.base/java.util.concurrent=ALL-UNNAMED
19-May-2025 09:50:43.862 INFO [main] org.apache.catalina.startup.VersionLoggerListener.log Command line argument:             --add-opens=java.rmi/sun.rmi.transport=ALL-UNNAMED
19-May-2025 09:50:43.862 INFO [main] org.apache.catalina.startup.VersionLoggerListener.log Command line argument:             -Dcatalina.base=C:\Users\Danie\Downloads\apache-tomcat-10.1.41-windows-x64\apache-tomcat-10.1.41
19-May-2025 09:50:43.862 INFO [main] org.apache.catalina.startup.VersionLoggerListener.log Command line argument:             -Dcatalina.home=C:\Users\Danie\Downloads\apache-tomcat-10.1.41-windows-x64\apache-tomcat-10.1.41
19-May-2025 09:50:43.862 INFO [main] org.apache.catalina.startup.VersionLoggerListener.log Command line argument:             -Djava.io.tmpdir=C:\Users\Danie\Downloads\apache-tomcat-10.1.41-windows-x64\apache-tomcat-10.1.41\temp
19-May-2025 09:50:43.997 INFO [main] org.apache.catalina.core.AprLifecycleListener.lifecycleEvent Cargada la biblioteca nativa APR de Apache Tomcat [2.0.8] con la versión APR [1.7.4].
19-May-2025 09:50:44.006 INFO [main] org.apache.catalina.core.AprLifecycleListener.initializeSSL OpenSSL inicializado correctamente [OpenSSL 3.0.14 4 Jun 2024]
19-May-2025 09:50:44.187 INFO [main] org.apache.coyote.AbstractProtocol.init Inicializando el manejador de protocolo ["http-nio-8080"]

19-May-2025 09:50:44.205 INFO [main] org.apache.catalina.startup.Catalina.load Server initialization in [513] milliseconds
19-May-2025 09:50:44.240 INFO [main] org.apache.catalina.core.StandardService.startInternal Arrancando servicio [Catalina]
19-May-2025 09:50:44.242 INFO [main] org.apache.catalina.core.StandardEngine.startInternal Starting Servlet engine: [Apache Tomcat/10.1.41]
19-May-2025 09:50:44.247 INFO [main] org.apache.catalina.startup.HostConfig.deployDescriptor Desplieque del descriptor de configuración [C:\Users\Danie\Downloads\apache-tomcat-10.1.41-windows-x64\apache-tomcat-10.1.41\conf\Catalina\localhost\ROOT.xml]
19-May-2025 09:50:44.289 WARNING [main] org.apache.catalina.startup.HostConfig.deployDescriptor Deployment of deployment descriptor [C:\Users\Danie\Downloads\apache-tomcat-10.1.41-windows-x64\apache-tomcat-10.1.41\conf\Catalina\localhost\ROOT.xml] with an external docBase means the directory [C:\Users\Danie\Downloads\apache-tomcat-10.1.41-windows-x64\apache-tomcat-10.1.41\webapps\ROOT] in the appBase will be ignored
19-May-2025 09:50:44.706 INFO [main] org.apache.jasper.servlet.TldScanner.scanJars Al menos un JAR, que se ha explorado buscando TLDs, aún no contenía TLDs. Activar historial de depuración para este historiador para una completa lista de los JARs que fueron explorados y de los que nos se halló TLDs. Saltarse JARs no necesarios durante la exploración puede dar lugar a una mejora de tiempo significativa en el arranque y compilación de JSP .
19-May-2025 09:50:44.791 INFO [main] org.apache.catalina.startup.HostConfig.deployDescriptor Deployment of deployment descriptor [C:\Users\Danie\Downloads\apache-tomcat-10.1.41-windows-x64\apache-tomcat-10.1.41\conf\Catalina\localhost\ROOT.xml] has finished in [540] ms
19-May-2025 09:50:44.791 INFO [main] org.apache.catalina.startup.HostConfig.deployWAR Despliegue del archivo [C:\Users\Danie\Downloads\apache-tomcat-10.1.41-windows-x64\apache-tomcat-10.1.41\webapps\backend.war] de la aplicación web
19-May-2025 09:50:45.507 INFO [main] org.apache.jasper.servlet.TldScanner.scanJars Al menos un JAR, que se ha explorado buscando TLDs, aún no contenía TLDs. Activar historial de depuración para este historiador para una completa lista de los JARs que fueron explorados y de los que nos se halló TLDs. Saltarse JARs no necesarios durante la exploración puede dar lugar a una mejora de tiempo significativa en el arranque y compilación de JSP .
19-May-2025 09:50:45.516 INFO [main] org.apache.catalina.startup.HostConfig.deployWAR Deployment of web application archive [C:\Users\Danie\Downloads\apache-tomcat-10.1.41-windows-x64\apache-tomcat-10.1.41\webapps\backend.war] has finished in [725] ms
19-May-2025 09:50:45.519 INFO [main] org.apache.catalina.startup.HostConfig.deployDirectory Desplegando el directorio [C:\Users\Danie\Downloads\apache-tomcat-10.1.41-windows-x64\apache-tomcat-10.1.41\webapps\docs] de la aplicación web
19-May-2025 09:50:45.565 INFO [main] org.apache.catalina.startup.HostConfig.deployDirectory Deployment of web application directory [C:\Users\Danie\Downloads\apache-tomcat-10.1.41-windows-x64\apache-tomcat-10.1.41\webapps\docs] has finished in [46] ms
19-May-2025 09:50:45.565 INFO [main] org.apache.catalina.startup.HostConfig.deployDirectory Desplegando el directorio [C:\Users\Danie\Downloads\apache-tomcat-10.1.41-windows-x64\apache-tomcat-10.1.41\webapps\examples] de la aplicación web
19-May-2025 09:50:49.497 INFO [main] org.apache.catalina.startup.HostConfig.deployDirectory Deployment of web application directory [C:\Users\Danie\Downloads\apache-tomcat-10.1.41-windows-x64\apache-tomcat-10.1.41\webapps\examples] has finished in [3.932] ms
19-May-2025 09:50:49.497 INFO [main] org.apache.catalina.startup.HostConfig.deployDirectory Desplegando el directorio [C:\Users\Danie\Downloads\apache-tomcat-10.1.41-windows-x64\apache-tomcat-10.1.41\webapps\host-manager] de la aplicación web
19-May-2025 09:50:49.633 INFO [main] org.apache.catalina.startup.HostConfig.deployDirectory Deployment of web application directory [C:\Users\Danie\Downloads\apache-tomcat-10.1.41-windows-x64\apache-tomcat-10.1.41\webapps\host-manager] has finished in [136] ms
19-May-2025 09:50:49.633 INFO [main] org.apache.catalina.startup.HostConfig.deployDirectory Desplegando el directorio [C:\Users\Danie\Downloads\apache-tomcat-10.1.41-windows-x64\apache-tomcat-10.1.41\webapps\manager] de la aplicación web
19-May-2025 09:50:49.777 INFO [main] org.apache.catalina.startup.HostConfig.deployDirectory Deployment of web application directory [C:\Users\Danie\Downloads\apache-tomcat-10.1.41-windows-x64\apache-tomcat-10.1.41\webapps\manager] has finished in [144] ms
19-May-2025 09:50:49.789 INFO [main] org.apache.coyote.AbstractProtocol.start Starting ProtocolHandler ["http-nio-8080"]
19-May-2025 09:50:50.000 INFO [main] org.apache.catalina.startup.Catalina.start Server startup in [5797] milliseconds
19-May-2025 10:34:46.999 INFO [main] org.apache.catalina.startup.VersionLoggerListener.log Nombre de la versión del servidor: Apache Tomcat/10.1.41
19-May-2025 10:34:47.006 INFO [main] org.apache.catalina.startup.VersionLoggerListener.log Server built:                      May 8 2025 12:44:02 UTC
19-May-2025 10:34:47.006 INFO [main] org.apache.catalina.startup.VersionLoggerListener.log Número de versión de servidor:     10.1.41.0
19-May-2025 10:34:47.007 INFO [main] org.apache.catalina.startup.VersionLoggerListener.log OS Name:                           Windows 11
19-May-2025 10:34:47.007 INFO [main] org.apache.catalina.startup.VersionLoggerListener.log Versión de Systema Operativo:      10.0
19-May-2025 10:34:47.007 INFO [main] org.apache.catalina.startup.VersionLoggerListener.log Arquitectura:                      amd64
19-May-2025 10:34:47.008 INFO [main] org.apache.catalina.startup.VersionLoggerListener.log Java Home:                         C:\Users\Danie\Downloads\jdk-17.0.12_windows-x64_bin\jdk-17.0.12
19-May-2025 10:34:47.008 INFO [main] org.apache.catalina.startup.VersionLoggerListener.log JVM Version:                       17.0.12+8-LTS-286
19-May-2025 10:34:47.008 INFO [main] org.apache.catalina.startup.VersionLoggerListener.log Vededor JVM:                       Oracle Corporation
19-May-2025 10:34:47.008 INFO [main] org.apache.catalina.startup.VersionLoggerListener.log CATALINA_BASE:                     C:\Users\Danie\Downloads\apache-tomcat-10.1.41-windows-x64\apache-tomcat-10.1.41
19-May-2025 10:34:47.009 INFO [main] org.apache.catalina.startup.VersionLoggerListener.log CATALINA_HOME:                     C:\Users\Danie\Downloads\apache-tomcat-10.1.41-windows-x64\apache-tomcat-10.1.41
19-May-2025 10:34:47.016 INFO [main] org.apache.catalina.startup.VersionLoggerListener.log Command line argument:             -Djava.util.logging.config.file=C:\Users\Danie\Downloads\apache-tomcat-10.1.41-windows-x64\apache-tomcat-10.1.41\conf\logging.properties
19-May-2025 10:34:47.016 INFO [main] org.apache.catalina.startup.VersionLoggerListener.log Command line argument:             -Djava.util.logging.manager=org.apache.juli.ClassLoaderLogManager
19-May-2025 10:34:47.016 INFO [main] org.apache.catalina.startup.VersionLoggerListener.log Command line argument:             -Djdk.tls.ephemeralDHKeySize=2048
19-May-2025 10:34:47.016 INFO [main] org.apache.catalina.startup.VersionLoggerListener.log Command line argument:             -Djava.protocol.handler.pkgs=org.apache.catalina.webresources
19-May-2025 10:34:47.017 INFO [main] org.apache.catalina.startup.VersionLoggerListener.log Command line argument:             -Dsun.io.useCanonCaches=false
19-May-2025 10:34:47.017 INFO [main] org.apache.catalina.startup.VersionLoggerListener.log Command line argument:             --add-opens=java.base/java.lang=ALL-UNNAMED
19-May-2025 10:34:47.017 INFO [main] org.apache.catalina.startup.VersionLoggerListener.log Command line argument:             --add-opens=java.base/java.lang.reflect=ALL-UNNAMED
19-May-2025 10:34:47.017 INFO [main] org.apache.catalina.startup.VersionLoggerListener.log Command line argument:             --add-opens=java.base/java.io=ALL-UNNAMED
19-May-2025 10:34:47.017 INFO [main] org.apache.catalina.startup.VersionLoggerListener.log Command line argument:             --add-opens=java.base/java.util=ALL-UNNAMED
19-May-2025 10:34:47.018 INFO [main] org.apache.catalina.startup.VersionLoggerListener.log Command line argument:             --add-opens=java.base/java.util.concurrent=ALL-UNNAMED
19-May-2025 10:34:47.018 INFO [main] org.apache.catalina.startup.VersionLoggerListener.log Command line argument:             --add-opens=java.rmi/sun.rmi.transport=ALL-UNNAMED
19-May-2025 10:34:47.018 INFO [main] org.apache.catalina.startup.VersionLoggerListener.log Command line argument:             -Dcatalina.base=C:\Users\Danie\Downloads\apache-tomcat-10.1.41-windows-x64\apache-tomcat-10.1.41
19-May-2025 10:34:47.018 INFO [main] org.apache.catalina.startup.VersionLoggerListener.log Command line argument:             -Dcatalina.home=C:\Users\Danie\Downloads\apache-tomcat-10.1.41-windows-x64\apache-tomcat-10.1.41
19-May-2025 10:34:47.018 INFO [main] org.apache.catalina.startup.VersionLoggerListener.log Command line argument:             -Djava.io.tmpdir=C:\Users\Danie\Downloads\apache-tomcat-10.1.41-windows-x64\apache-tomcat-10.1.41\temp
19-May-2025 10:34:47.021 INFO [main] org.apache.catalina.core.AprLifecycleListener.lifecycleEvent Cargada la biblioteca nativa APR de Apache Tomcat [2.0.8] con la versión APR [1.7.4].
19-May-2025 10:34:47.027 INFO [main] org.apache.catalina.core.AprLifecycleListener.initializeSSL OpenSSL inicializado correctamente [OpenSSL 3.0.14 4 Jun 2024]
19-May-2025 10:34:47.244 INFO [main] org.apache.coyote.AbstractProtocol.init Inicializando el manejador de protocolo ["http-nio-8080"]

19-May-2025 10:34:47.279 INFO [main] org.apache.catalina.startup.Catalina.load Server initialization in [461] milliseconds
19-May-2025 10:34:47.347 INFO [main] org.apache.catalina.core.StandardService.startInternal Arrancando servicio [Catalina]
19-May-2025 10:34:47.347 INFO [main] org.apache.catalina.core.StandardEngine.startInternal Starting Servlet engine: [Apache Tomcat/10.1.41]
19-May-2025 10:34:47.365 INFO [main] org.apache.catalina.startup.HostConfig.deployDescriptor Desplieque del descriptor de configuración [C:\Users\Danie\Downloads\apache-tomcat-10.1.41-windows-x64\apache-tomcat-10.1.41\conf\Catalina\localhost\ROOT.xml]
19-May-2025 10:34:47.386 WARNING [main] org.apache.catalina.startup.HostConfig.deployDescriptor Deployment of deployment descriptor [C:\Users\Danie\Downloads\apache-tomcat-10.1.41-windows-x64\apache-tomcat-10.1.41\conf\Catalina\localhost\ROOT.xml] with an external docBase means the directory [C:\Users\Danie\Downloads\apache-tomcat-10.1.41-windows-x64\apache-tomcat-10.1.41\webapps\ROOT] in the appBase will be ignored
19-May-2025 10:34:47.808 INFO [main] org.apache.jasper.servlet.TldScanner.scanJars Al menos un JAR, que se ha explorado buscando TLDs, aún no contenía TLDs. Activar historial de depuración para este historiador para una completa lista de los JARs que fueron explorados y de los que nos se halló TLDs. Saltarse JARs no necesarios durante la exploración puede dar lugar a una mejora de tiempo significativa en el arranque y compilación de JSP .
19-May-2025 10:34:47.903 INFO [main] org.apache.catalina.startup.HostConfig.deployDescriptor Deployment of deployment descriptor [C:\Users\Danie\Downloads\apache-tomcat-10.1.41-windows-x64\apache-tomcat-10.1.41\conf\Catalina\localhost\ROOT.xml] has finished in [536] ms
19-May-2025 10:34:47.907 INFO [main] org.apache.catalina.startup.HostConfig.deployWAR Despliegue del archivo [C:\Users\Danie\Downloads\apache-tomcat-10.1.41-windows-x64\apache-tomcat-10.1.41\webapps\backend.war] de la aplicación web
19-May-2025 10:34:48.781 INFO [main] org.apache.jasper.servlet.TldScanner.scanJars Al menos un JAR, que se ha explorado buscando TLDs, aún no contenía TLDs. Activar historial de depuración para este historiador para una completa lista de los JARs que fueron explorados y de los que nos se halló TLDs. Saltarse JARs no necesarios durante la exploración puede dar lugar a una mejora de tiempo significativa en el arranque y compilación de JSP .
19-May-2025 10:34:48.786 INFO [main] org.apache.catalina.startup.HostConfig.deployWAR Deployment of web application archive [C:\Users\Danie\Downloads\apache-tomcat-10.1.41-windows-x64\apache-tomcat-10.1.41\webapps\backend.war] has finished in [880] ms
19-May-2025 10:34:48.787 INFO [main] org.apache.catalina.startup.HostConfig.deployDirectory Desplegando el directorio [C:\Users\Danie\Downloads\apache-tomcat-10.1.41-windows-x64\apache-tomcat-10.1.41\webapps\docs] de la aplicación web
19-May-2025 10:34:48.820 INFO [main] org.apache.catalina.startup.HostConfig.deployDirectory Deployment of web application directory [C:\Users\Danie\Downloads\apache-tomcat-10.1.41-windows-x64\apache-tomcat-10.1.41\webapps\docs] has finished in [33] ms
19-May-2025 10:34:48.822 INFO [main] org.apache.catalina.startup.HostConfig.deployDirectory Desplegando el directorio [C:\Users\Danie\Downloads\apache-tomcat-10.1.41-windows-x64\apache-tomcat-10.1.41\webapps\examples] de la aplicación web
19-May-2025 10:34:49.190 INFO [main] org.apache.catalina.startup.HostConfig.deployDirectory Deployment of web application directory [C:\Users\Danie\Downloads\apache-tomcat-10.1.41-windows-x64\apache-tomcat-10.1.41\webapps\examples] has finished in [369] ms
19-May-2025 10:34:49.191 INFO [main] org.apache.catalina.startup.HostConfig.deployDirectory Desplegando el directorio [C:\Users\Danie\Downloads\apache-tomcat-10.1.41-windows-x64\apache-tomcat-10.1.41\webapps\host-manager] de la aplicación web
19-May-2025 10:34:49.243 INFO [main] org.apache.catalina.startup.HostConfig.deployDirectory Deployment of web application directory [C:\Users\Danie\Downloads\apache-tomcat-10.1.41-windows-x64\apache-tomcat-10.1.41\webapps\host-manager] has finished in [52] ms
19-May-2025 10:34:49.244 INFO [main] org.apache.catalina.startup.HostConfig.deployDirectory Desplegando el directorio [C:\Users\Danie\Downloads\apache-tomcat-10.1.41-windows-x64\apache-tomcat-10.1.41\webapps\manager] de la aplicación web
19-May-2025 10:34:49.318 INFO [main] org.apache.catalina.startup.HostConfig.deployDirectory Deployment of web application directory [C:\Users\Danie\Downloads\apache-tomcat-10.1.41-windows-x64\apache-tomcat-10.1.41\webapps\manager] has finished in [74] ms
19-May-2025 10:34:49.325 INFO [main] org.apache.coyote.AbstractProtocol.start Starting ProtocolHandler ["http-nio-8080"]
19-May-2025 10:34:49.457 INFO [main] org.apache.catalina.startup.Catalina.start Server startup in [2177] milliseconds
19-May-2025 15:13:06.852 INFO [main] org.apache.catalina.startup.VersionLoggerListener.log Nombre de la versión del servidor: Apache Tomcat/10.1.41
19-May-2025 15:13:06.862 INFO [main] org.apache.catalina.startup.VersionLoggerListener.log Server built:                      May 8 2025 12:44:02 UTC
19-May-2025 15:13:06.862 INFO [main] org.apache.catalina.startup.VersionLoggerListener.log Número de versión de servidor:     10.1.41.0
19-May-2025 15:13:06.864 INFO [main] org.apache.catalina.startup.VersionLoggerListener.log OS Name:                           Windows 11
19-May-2025 15:13:06.864 INFO [main] org.apache.catalina.startup.VersionLoggerListener.log Versión de Systema Operativo:      10.0
19-May-2025 15:13:06.864 INFO [main] org.apache.catalina.startup.VersionLoggerListener.log Arquitectura:                      amd64
19-May-2025 15:13:06.864 INFO [main] org.apache.catalina.startup.VersionLoggerListener.log Java Home:                         C:\Users\Danie\Downloads\jdk-17.0.12_windows-x64_bin\jdk-17.0.12
19-May-2025 15:13:06.864 INFO [main] org.apache.catalina.startup.VersionLoggerListener.log JVM Version:                       17.0.12+8-LTS-286
19-May-2025 15:13:06.864 INFO [main] org.apache.catalina.startup.VersionLoggerListener.log Vededor JVM:                       Oracle Corporation
19-May-2025 15:13:06.864 INFO [main] org.apache.catalina.startup.VersionLoggerListener.log CATALINA_BASE:                     C:\Users\Danie\Downloads\apache-tomcat-10.1.41-windows-x64\apache-tomcat-10.1.41
19-May-2025 15:13:06.864 INFO [main] org.apache.catalina.startup.VersionLoggerListener.log CATALINA_HOME:                     C:\Users\Danie\Downloads\apache-tomcat-10.1.41-windows-x64\apache-tomcat-10.1.41
19-May-2025 15:13:06.897 INFO [main] org.apache.catalina.startup.VersionLoggerListener.log Command line argument:             -Djava.util.logging.config.file=C:\Users\Danie\Downloads\apache-tomcat-10.1.41-windows-x64\apache-tomcat-10.1.41\conf\logging.properties
19-May-2025 15:13:06.897 INFO [main] org.apache.catalina.startup.VersionLoggerListener.log Command line argument:             -Djava.util.logging.manager=org.apache.juli.ClassLoaderLogManager
19-May-2025 15:13:06.897 INFO [main] org.apache.catalina.startup.VersionLoggerListener.log Command line argument:             -Djdk.tls.ephemeralDHKeySize=2048
19-May-2025 15:13:06.899 INFO [main] org.apache.catalina.startup.VersionLoggerListener.log Command line argument:             -Djava.protocol.handler.pkgs=org.apache.catalina.webresources
19-May-2025 15:13:06.899 INFO [main] org.apache.catalina.startup.VersionLoggerListener.log Command line argument:             -Dsun.io.useCanonCaches=false
19-May-2025 15:13:06.899 INFO [main] org.apache.catalina.startup.VersionLoggerListener.log Command line argument:             --add-opens=java.base/java.lang=ALL-UNNAMED
19-May-2025 15:13:06.899 INFO [main] org.apache.catalina.startup.VersionLoggerListener.log Command line argument:             --add-opens=java.base/java.lang.reflect=ALL-UNNAMED
19-May-2025 15:13:06.899 INFO [main] org.apache.catalina.startup.VersionLoggerListener.log Command line argument:             --add-opens=java.base/java.io=ALL-UNNAMED
19-May-2025 15:13:06.899 INFO [main] org.apache.catalina.startup.VersionLoggerListener.log Command line argument:             --add-opens=java.base/java.util=ALL-UNNAMED
19-May-2025 15:13:06.899 INFO [main] org.apache.catalina.startup.VersionLoggerListener.log Command line argument:             --add-opens=java.base/java.util.concurrent=ALL-UNNAMED
19-May-2025 15:13:06.899 INFO [main] org.apache.catalina.startup.VersionLoggerListener.log Command line argument:             --add-opens=java.rmi/sun.rmi.transport=ALL-UNNAMED
19-May-2025 15:13:06.899 INFO [main] org.apache.catalina.startup.VersionLoggerListener.log Command line argument:             -Dcatalina.base=C:\Users\Danie\Downloads\apache-tomcat-10.1.41-windows-x64\apache-tomcat-10.1.41
19-May-2025 15:13:06.899 INFO [main] org.apache.catalina.startup.VersionLoggerListener.log Command line argument:             -Dcatalina.home=C:\Users\Danie\Downloads\apache-tomcat-10.1.41-windows-x64\apache-tomcat-10.1.41
19-May-2025 15:13:06.899 INFO [main] org.apache.catalina.startup.VersionLoggerListener.log Command line argument:             -Djava.io.tmpdir=C:\Users\Danie\Downloads\apache-tomcat-10.1.41-windows-x64\apache-tomcat-10.1.41\temp
19-May-2025 15:13:07.041 INFO [main] org.apache.catalina.core.AprLifecycleListener.lifecycleEvent Cargada la biblioteca nativa APR de Apache Tomcat [2.0.8] con la versión APR [1.7.4].
19-May-2025 15:13:07.088 INFO [main] org.apache.catalina.core.AprLifecycleListener.initializeSSL OpenSSL inicializado correctamente [OpenSSL 3.0.14 4 Jun 2024]
19-May-2025 15:13:07.612 INFO [main] org.apache.coyote.AbstractProtocol.init Inicializando el manejador de protocolo ["http-nio-8080"]

19-May-2025 15:13:07.671 INFO [main] org.apache.catalina.startup.Catalina.load Server initialization in [1337] milliseconds
19-May-2025 15:13:07.803 INFO [main] org.apache.catalina.core.StandardService.startInternal Arrancando servicio [Catalina]
19-May-2025 15:13:07.803 INFO [main] org.apache.catalina.core.StandardEngine.startInternal Starting Servlet engine: [Apache Tomcat/10.1.41]
19-May-2025 15:13:07.826 INFO [main] org.apache.catalina.startup.HostConfig.deployDescriptor Desplieque del descriptor de configuración [C:\Users\Danie\Downloads\apache-tomcat-10.1.41-windows-x64\apache-tomcat-10.1.41\conf\Catalina\localhost\ROOT.xml]
19-May-2025 15:13:07.880 WARNING [main] org.apache.catalina.startup.HostConfig.deployDescriptor Deployment of deployment descriptor [C:\Users\Danie\Downloads\apache-tomcat-10.1.41-windows-x64\apache-tomcat-10.1.41\conf\Catalina\localhost\ROOT.xml] with an external docBase means the directory [C:\Users\Danie\Downloads\apache-tomcat-10.1.41-windows-x64\apache-tomcat-10.1.41\webapps\ROOT] in the appBase will be ignored
19-May-2025 15:13:08.829 INFO [main] org.apache.jasper.servlet.TldScanner.scanJars Al menos un JAR, que se ha explorado buscando TLDs, aún no contenía TLDs. Activar historial de depuración para este historiador para una completa lista de los JARs que fueron explorados y de los que nos se halló TLDs. Saltarse JARs no necesarios durante la exploración puede dar lugar a una mejora de tiempo significativa en el arranque y compilación de JSP .
19-May-2025 15:13:08.990 WARNING [main] org.apache.catalina.util.SessionIdGeneratorBase.createSecureRandom Creation of SecureRandom instance for session ID generation using [SHA1PRNG] took [117] milliseconds.
19-May-2025 15:13:09.034 INFO [main] org.apache.catalina.startup.HostConfig.deployDescriptor Deployment of deployment descriptor [C:\Users\Danie\Downloads\apache-tomcat-10.1.41-windows-x64\apache-tomcat-10.1.41\conf\Catalina\localhost\ROOT.xml] has finished in [1.204] ms
19-May-2025 15:13:09.053 INFO [main] org.apache.catalina.startup.HostConfig.deployWAR Despliegue del archivo [C:\Users\Danie\Downloads\apache-tomcat-10.1.41-windows-x64\apache-tomcat-10.1.41\webapps\backend.war] de la aplicación web
19-May-2025 15:13:13.325 INFO [main] org.apache.jasper.servlet.TldScanner.scanJars Al menos un JAR, que se ha explorado buscando TLDs, aún no contenía TLDs. Activar historial de depuración para este historiador para una completa lista de los JARs que fueron explorados y de los que nos se halló TLDs. Saltarse JARs no necesarios durante la exploración puede dar lugar a una mejora de tiempo significativa en el arranque y compilación de JSP .
19-May-2025 15:13:13.340 INFO [main] org.apache.catalina.startup.HostConfig.deployWAR Deployment of web application archive [C:\Users\Danie\Downloads\apache-tomcat-10.1.41-windows-x64\apache-tomcat-10.1.41\webapps\backend.war] has finished in [4.287] ms
19-May-2025 15:13:13.342 INFO [main] org.apache.catalina.startup.HostConfig.deployDirectory Desplegando el directorio [C:\Users\Danie\Downloads\apache-tomcat-10.1.41-windows-x64\apache-tomcat-10.1.41\webapps\docs] de la aplicación web
19-May-2025 15:13:13.458 INFO [main] org.apache.catalina.startup.HostConfig.deployDirectory Deployment of web application directory [C:\Users\Danie\Downloads\apache-tomcat-10.1.41-windows-x64\apache-tomcat-10.1.41\webapps\docs] has finished in [116] ms
19-May-2025 15:13:13.458 INFO [main] org.apache.catalina.startup.HostConfig.deployDirectory Desplegando el directorio [C:\Users\Danie\Downloads\apache-tomcat-10.1.41-windows-x64\apache-tomcat-10.1.41\webapps\examples] de la aplicación web
19-May-2025 15:13:17.447 INFO [main] org.apache.catalina.startup.HostConfig.deployDirectory Deployment of web application directory [C:\Users\Danie\Downloads\apache-tomcat-10.1.41-windows-x64\apache-tomcat-10.1.41\webapps\examples] has finished in [3.989] ms
19-May-2025 15:13:17.447 INFO [main] org.apache.catalina.startup.HostConfig.deployDirectory Desplegando el directorio [C:\Users\Danie\Downloads\apache-tomcat-10.1.41-windows-x64\apache-tomcat-10.1.41\webapps\host-manager] de la aplicación web
19-May-2025 15:13:17.570 INFO [main] org.apache.catalina.startup.HostConfig.deployDirectory Deployment of web application directory [C:\Users\Danie\Downloads\apache-tomcat-10.1.41-windows-x64\apache-tomcat-10.1.41\webapps\host-manager] has finished in [123] ms
19-May-2025 15:13:17.570 INFO [main] org.apache.catalina.startup.HostConfig.deployDirectory Desplegando el directorio [C:\Users\Danie\Downloads\apache-tomcat-10.1.41-windows-x64\apache-tomcat-10.1.41\webapps\manager] de la aplicación web
19-May-2025 15:13:17.693 INFO [main] org.apache.catalina.startup.HostConfig.deployDirectory Deployment of web application directory [C:\Users\Danie\Downloads\apache-tomcat-10.1.41-windows-x64\apache-tomcat-10.1.41\webapps\manager] has finished in [123] ms
19-May-2025 15:13:17.712 INFO [main] org.apache.coyote.AbstractProtocol.start Starting ProtocolHandler ["http-nio-8080"]
19-May-2025 15:13:17.926 INFO [main] org.apache.catalina.startup.Catalina.start Server startup in [10256] milliseconds
19-May-2025 18:25:09.241 INFO [Catalina-utility-1] org.apache.catalina.startup.HostConfig.undeploy Repliegue (undeploy) de la aplicación web que tiene como trayectoria de contexto [/backend]
19-May-2025 18:25:09.286 WARNING [Catalina-utility-1] org.apache.catalina.loader.WebappClassLoaderBase.clearReferencesJdbc La aplicación web [backend] registró el conductor JDBC [org.postgresql.Driver] pero falló al anular el registro mientras la aplicación web estaba parada. Para prevenir un fallo de memoria, se ha anulado el registro del conductor JDBC por la fuerza.
19-May-2025 18:25:09.323 INFO [Catalina-utility-1] org.apache.catalina.startup.HostConfig.deployWAR Despliegue del archivo [C:\Users\Danie\Downloads\apache-tomcat-10.1.41-windows-x64\apache-tomcat-10.1.41\webapps\backend.war] de la aplicación web
19-May-2025 18:25:12.301 INFO [Catalina-utility-1] org.apache.jasper.servlet.TldScanner.scanJars Al menos un JAR, que se ha explorado buscando TLDs, aún no contenía TLDs. Activar historial de depuración para este historiador para una completa lista de los JARs que fueron explorados y de los que nos se halló TLDs. Saltarse JARs no necesarios durante la exploración puede dar lugar a una mejora de tiempo significativa en el arranque y compilación de JSP .
19-May-2025 18:25:12.303 INFO [Catalina-utility-1] org.apache.catalina.startup.HostConfig.deployWAR Deployment of web application archive [C:\Users\Danie\Downloads\apache-tomcat-10.1.41-windows-x64\apache-tomcat-10.1.41\webapps\backend.war] has finished in [2.980] ms
19-May-2025 18:25:12.473 INFO [main] org.apache.catalina.startup.VersionLoggerListener.log Nombre de la versión del servidor: Apache Tomcat/10.1.41
19-May-2025 18:25:12.478 INFO [main] org.apache.catalina.startup.VersionLoggerListener.log Server built:                      May 8 2025 12:44:02 UTC
19-May-2025 18:25:12.478 INFO [main] org.apache.catalina.startup.VersionLoggerListener.log Número de versión de servidor:     10.1.41.0
19-May-2025 18:25:12.478 INFO [main] org.apache.catalina.startup.VersionLoggerListener.log OS Name:                           Windows 11
19-May-2025 18:25:12.478 INFO [main] org.apache.catalina.startup.VersionLoggerListener.log Versión de Systema Operativo:      10.0
19-May-2025 18:25:12.478 INFO [main] org.apache.catalina.startup.VersionLoggerListener.log Arquitectura:                      amd64
19-May-2025 18:25:12.478 INFO [main] org.apache.catalina.startup.VersionLoggerListener.log Java Home:                         C:\Users\Danie\Downloads\jdk-17.0.12_windows-x64_bin\jdk-17.0.12
19-May-2025 18:25:12.478 INFO [main] org.apache.catalina.startup.VersionLoggerListener.log JVM Version:                       17.0.12+8-LTS-286
19-May-2025 18:25:12.481 INFO [main] org.apache.catalina.startup.VersionLoggerListener.log Vededor JVM:                       Oracle Corporation
19-May-2025 18:25:12.481 INFO [main] org.apache.catalina.startup.VersionLoggerListener.log CATALINA_BASE:                     C:\Users\Danie\Downloads\apache-tomcat-10.1.41-windows-x64\apache-tomcat-10.1.41
19-May-2025 18:25:12.481 INFO [main] org.apache.catalina.startup.VersionLoggerListener.log CATALINA_HOME:                     C:\Users\Danie\Downloads\apache-tomcat-10.1.41-windows-x64\apache-tomcat-10.1.41
19-May-2025 18:25:12.491 INFO [main] org.apache.catalina.startup.VersionLoggerListener.log Command line argument:             -Djava.util.logging.config.file=C:\Users\Danie\Downloads\apache-tomcat-10.1.41-windows-x64\apache-tomcat-10.1.41\conf\logging.properties
19-May-2025 18:25:12.491 INFO [main] org.apache.catalina.startup.VersionLoggerListener.log Command line argument:             -Djava.util.logging.manager=org.apache.juli.ClassLoaderLogManager
19-May-2025 18:25:12.491 INFO [main] org.apache.catalina.startup.VersionLoggerListener.log Command line argument:             -Djdk.tls.ephemeralDHKeySize=2048
19-May-2025 18:25:12.491 INFO [main] org.apache.catalina.startup.VersionLoggerListener.log Command line argument:             -Djava.protocol.handler.pkgs=org.apache.catalina.webresources
19-May-2025 18:25:12.491 INFO [main] org.apache.catalina.startup.VersionLoggerListener.log Command line argument:             -Dsun.io.useCanonCaches=false
19-May-2025 18:25:12.491 INFO [main] org.apache.catalina.startup.VersionLoggerListener.log Command line argument:             --add-opens=java.base/java.lang=ALL-UNNAMED
19-May-2025 18:25:12.491 INFO [main] org.apache.catalina.startup.VersionLoggerListener.log Command line argument:             --add-opens=java.base/java.lang.reflect=ALL-UNNAMED
19-May-2025 18:25:12.491 INFO [main] org.apache.catalina.startup.VersionLoggerListener.log Command line argument:             --add-opens=java.base/java.io=ALL-UNNAMED
19-May-2025 18:25:12.491 INFO [main] org.apache.catalina.startup.VersionLoggerListener.log Command line argument:             --add-opens=java.base/java.util=ALL-UNNAMED
19-May-2025 18:25:12.491 INFO [main] org.apache.catalina.startup.VersionLoggerListener.log Command line argument:             --add-opens=java.base/java.util.concurrent=ALL-UNNAMED
19-May-2025 18:25:12.491 INFO [main] org.apache.catalina.startup.VersionLoggerListener.log Command line argument:             --add-opens=java.rmi/sun.rmi.transport=ALL-UNNAMED
19-May-2025 18:25:12.491 INFO [main] org.apache.catalina.startup.VersionLoggerListener.log Command line argument:             -Dcatalina.base=C:\Users\Danie\Downloads\apache-tomcat-10.1.41-windows-x64\apache-tomcat-10.1.41
19-May-2025 18:25:12.491 INFO [main] org.apache.catalina.startup.VersionLoggerListener.log Command line argument:             -Dcatalina.home=C:\Users\Danie\Downloads\apache-tomcat-10.1.41-windows-x64\apache-tomcat-10.1.41
19-May-2025 18:25:12.491 INFO [main] org.apache.catalina.startup.VersionLoggerListener.log Command line argument:             -Djava.io.tmpdir=C:\Users\Danie\Downloads\apache-tomcat-10.1.41-windows-x64\apache-tomcat-10.1.41\temp
19-May-2025 18:25:12.491 INFO [main] org.apache.catalina.core.AprLifecycleListener.lifecycleEvent Cargada la biblioteca nativa APR de Apache Tomcat [2.0.8] con la versión APR [1.7.4].
19-May-2025 18:25:12.502 INFO [main] org.apache.catalina.core.AprLifecycleListener.initializeSSL OpenSSL inicializado correctamente [OpenSSL 3.0.14 4 Jun 2024]
19-May-2025 18:25:12.690 INFO [main] org.apache.coyote.AbstractProtocol.init Inicializando el manejador de protocolo ["http-nio-8080"]

19-May-2025 18:25:12.708 SEVERE [main] org.apache.catalina.util.LifecycleBase.handleSubClassException Fallo al iniciar el componente [Connector["http-nio-8080"]]
	org.apache.catalina.LifecycleException: Falló la inicialización del manejador de protocolo
		at org.apache.catalina.connector.Connector.initInternal(Connector.java:1051)
		at org.apache.catalina.util.LifecycleBase.init(LifecycleBase.java:122)
		at org.apache.catalina.core.StandardService.initInternal(StandardService.java:522)
		at org.apache.catalina.util.LifecycleBase.init(LifecycleBase.java:122)
		at org.apache.catalina.core.StandardServer.initInternal(StandardServer.java:957)
		at org.apache.catalina.util.LifecycleBase.init(LifecycleBase.java:122)
		at org.apache.catalina.startup.Catalina.load(Catalina.java:712)
		at org.apache.catalina.startup.Catalina.load(Catalina.java:735)
		at java.base/jdk.internal.reflect.NativeMethodAccessorImpl.invoke0(Native Method)
		at java.base/jdk.internal.reflect.NativeMethodAccessorImpl.invoke(NativeMethodAccessorImpl.java:77)
		at java.base/jdk.internal.reflect.DelegatingMethodAccessorImpl.invoke(DelegatingMethodAccessorImpl.java:43)
		at java.base/java.lang.reflect.Method.invoke(Method.java:568)
		at org.apache.catalina.startup.Bootstrap.load(Bootstrap.java:302)
		at org.apache.catalina.startup.Bootstrap.main(Bootstrap.java:475)
	Caused by: java.net.BindException: Address already in use: bind
		at java.base/sun.nio.ch.Net.bind0(Native Method)
		at java.base/sun.nio.ch.Net.bind(Net.java:555)
		at java.base/sun.nio.ch.ServerSocketChannelImpl.netBind(ServerSocketChannelImpl.java:337)
		at java.base/sun.nio.ch.ServerSocketChannelImpl.bind(ServerSocketChannelImpl.java:294)
		at org.apache.tomcat.util.net.NioEndpoint.initServerSocket(NioEndpoint.java:240)
		at org.apache.tomcat.util.net.NioEndpoint.bind(NioEndpoint.java:195)
		at org.apache.tomcat.util.net.AbstractEndpoint.bindWithCleanup(AbstractEndpoint.java:1304)
		at org.apache.tomcat.util.net.AbstractEndpoint.init(AbstractEndpoint.java:1317)
		at org.apache.coyote.AbstractProtocol.init(AbstractProtocol.java:633)
		at org.apache.coyote.http11.AbstractHttp11Protocol.init(AbstractHttp11Protocol.java:82)
		at org.apache.catalina.connector.Connector.initInternal(Connector.java:1049)
		... 13 more
19-May-2025 18:25:12.710 INFO [main] org.apache.catalina.startup.Catalina.load Server initialization in [412] milliseconds
19-May-2025 18:25:12.742 INFO [main] org.apache.catalina.core.StandardService.startInternal Arrancando servicio [Catalina]
19-May-2025 18:25:12.742 INFO [main] org.apache.catalina.core.StandardEngine.startInternal Starting Servlet engine: [Apache Tomcat/10.1.41]
19-May-2025 18:25:12.747 INFO [main] org.apache.catalina.startup.HostConfig.deployDescriptor Desplieque del descriptor de configuración [C:\Users\Danie\Downloads\apache-tomcat-10.1.41-windows-x64\apache-tomcat-10.1.41\conf\Catalina\localhost\ROOT.xml]
19-May-2025 18:25:12.762 WARNING [main] org.apache.catalina.startup.HostConfig.deployDescriptor Deployment of deployment descriptor [C:\Users\Danie\Downloads\apache-tomcat-10.1.41-windows-x64\apache-tomcat-10.1.41\conf\Catalina\localhost\ROOT.xml] with an external docBase means the directory [C:\Users\Danie\Downloads\apache-tomcat-10.1.41-windows-x64\apache-tomcat-10.1.41\webapps\ROOT] in the appBase will be ignored
19-May-2025 18:25:13.140 INFO [main] org.apache.jasper.servlet.TldScanner.scanJars Al menos un JAR, que se ha explorado buscando TLDs, aún no contenía TLDs. Activar historial de depuración para este historiador para una completa lista de los JARs que fueron explorados y de los que nos se halló TLDs. Saltarse JARs no necesarios durante la exploración puede dar lugar a una mejora de tiempo significativa en el arranque y compilación de JSP .
19-May-2025 18:25:13.224 INFO [main] org.apache.catalina.startup.HostConfig.deployDescriptor Deployment of deployment descriptor [C:\Users\Danie\Downloads\apache-tomcat-10.1.41-windows-x64\apache-tomcat-10.1.41\conf\Catalina\localhost\ROOT.xml] has finished in [473] ms
19-May-2025 18:25:13.226 INFO [main] org.apache.catalina.startup.HostConfig.deployWAR Despliegue del archivo [C:\Users\Danie\Downloads\apache-tomcat-10.1.41-windows-x64\apache-tomcat-10.1.41\webapps\backend.war] de la aplicación web
19-May-2025 18:25:14.023 INFO [main] org.apache.jasper.servlet.TldScanner.scanJars Al menos un JAR, que se ha explorado buscando TLDs, aún no contenía TLDs. Activar historial de depuración para este historiador para una completa lista de los JARs que fueron explorados y de los que nos se halló TLDs. Saltarse JARs no necesarios durante la exploración puede dar lugar a una mejora de tiempo significativa en el arranque y compilación de JSP .
19-May-2025 18:25:14.031 INFO [main] org.apache.catalina.startup.HostConfig.deployWAR Deployment of web application archive [C:\Users\Danie\Downloads\apache-tomcat-10.1.41-windows-x64\apache-tomcat-10.1.41\webapps\backend.war] has finished in [805] ms
19-May-2025 18:25:14.031 INFO [main] org.apache.catalina.startup.HostConfig.deployDirectory Desplegando el directorio [C:\Users\Danie\Downloads\apache-tomcat-10.1.41-windows-x64\apache-tomcat-10.1.41\webapps\docs] de la aplicación web
19-May-2025 18:25:14.061 INFO [main] org.apache.catalina.startup.HostConfig.deployDirectory Deployment of web application directory [C:\Users\Danie\Downloads\apache-tomcat-10.1.41-windows-x64\apache-tomcat-10.1.41\webapps\docs] has finished in [30] ms
19-May-2025 18:25:14.061 INFO [main] org.apache.catalina.startup.HostConfig.deployDirectory Desplegando el directorio [C:\Users\Danie\Downloads\apache-tomcat-10.1.41-windows-x64\apache-tomcat-10.1.41\webapps\examples] de la aplicación web
19-May-2025 18:25:14.345 INFO [main] org.apache.catalina.startup.HostConfig.deployDirectory Deployment of web application directory [C:\Users\Danie\Downloads\apache-tomcat-10.1.41-windows-x64\apache-tomcat-10.1.41\webapps\examples] has finished in [284] ms
19-May-2025 18:25:14.345 INFO [main] org.apache.catalina.startup.HostConfig.deployDirectory Desplegando el directorio [C:\Users\Danie\Downloads\apache-tomcat-10.1.41-windows-x64\apache-tomcat-10.1.41\webapps\host-manager] de la aplicación web
19-May-2025 18:25:14.381 INFO [main] org.apache.catalina.startup.HostConfig.deployDirectory Deployment of web application directory [C:\Users\Danie\Downloads\apache-tomcat-10.1.41-windows-x64\apache-tomcat-10.1.41\webapps\host-manager] has finished in [36] ms
19-May-2025 18:25:14.381 INFO [main] org.apache.catalina.startup.HostConfig.deployDirectory Desplegando el directorio [C:\Users\Danie\Downloads\apache-tomcat-10.1.41-windows-x64\apache-tomcat-10.1.41\webapps\manager] de la aplicación web
19-May-2025 18:25:14.416 INFO [main] org.apache.catalina.startup.HostConfig.deployDirectory Deployment of web application directory [C:\Users\Danie\Downloads\apache-tomcat-10.1.41-windows-x64\apache-tomcat-10.1.41\webapps\manager] has finished in [35] ms
19-May-2025 18:25:14.421 INFO [main] org.apache.catalina.startup.Catalina.start Server startup in [1711] milliseconds
19-May-2025 18:25:14.423 SEVERE [main] org.apache.catalina.core.StandardServer.await Failed to create server shutdown socket on address [localhost] and port [8005] (base port [8005] and offset [0])
	java.net.BindException: Address already in use: bind
		at java.base/sun.nio.ch.Net.bind0(Native Method)
		at java.base/sun.nio.ch.Net.bind(Net.java:555)
		at java.base/sun.nio.ch.Net.bind(Net.java:544)
		at java.base/sun.nio.ch.NioSocketImpl.bind(NioSocketImpl.java:648)
		at java.base/java.net.ServerSocket.bind(ServerSocket.java:388)
		at java.base/java.net.ServerSocket.<init>(ServerSocket.java:274)
		at org.apache.catalina.core.StandardServer.await(StandardServer.java:533)
		at org.apache.catalina.startup.Catalina.await(Catalina.java:851)
		at org.apache.catalina.startup.Catalina.start(Catalina.java:799)
		at java.base/jdk.internal.reflect.NativeMethodAccessorImpl.invoke0(Native Method)
		at java.base/jdk.internal.reflect.NativeMethodAccessorImpl.invoke(NativeMethodAccessorImpl.java:77)
		at java.base/jdk.internal.reflect.DelegatingMethodAccessorImpl.invoke(DelegatingMethodAccessorImpl.java:43)
		at java.base/java.lang.reflect.Method.invoke(Method.java:568)
		at org.apache.catalina.startup.Bootstrap.start(Bootstrap.java:345)
		at org.apache.catalina.startup.Bootstrap.main(Bootstrap.java:476)
19-May-2025 18:25:14.423 INFO [main] org.apache.coyote.AbstractProtocol.pause Pausing ProtocolHandler ["http-nio-8080"]
19-May-2025 18:25:14.423 INFO [main] org.apache.catalina.core.StandardService.stopInternal Parando servicio [Catalina]
19-May-2025 18:25:14.441 INFO [main] org.apache.coyote.AbstractProtocol.stop Stopping ProtocolHandler ["http-nio-8080"]
19-May-2025 18:25:14.441 INFO [main] org.apache.coyote.AbstractProtocol.destroy Destroying ProtocolHandler ["http-nio-8080"]
19-May-2025 18:51:23.412 INFO [main] org.apache.catalina.core.StandardServer.await Se ha recibido un comando de apagado a través del puerto de apagado. Parando la instancia del Servidor.
19-May-2025 18:51:23.412 INFO [main] org.apache.coyote.AbstractProtocol.pause Pausing ProtocolHandler ["http-nio-8080"]
19-May-2025 18:51:23.530 INFO [main] org.apache.catalina.core.StandardService.stopInternal Parando servicio [Catalina]
19-May-2025 18:51:23.543 WARNING [main] org.apache.catalina.loader.WebappClassLoaderBase.clearReferencesJdbc La aplicación web [backend] registró el conductor JDBC [org.postgresql.Driver] pero falló al anular el registro mientras la aplicación web estaba parada. Para prevenir un fallo de memoria, se ha anulado el registro del conductor JDBC por la fuerza.
19-May-2025 18:51:23.562 INFO [main] org.apache.coyote.AbstractProtocol.stop Stopping ProtocolHandler ["http-nio-8080"]
19-May-2025 18:51:23.578 INFO [main] org.apache.coyote.AbstractProtocol.destroy Destroying ProtocolHandler ["http-nio-8080"]
19-May-2025 18:51:26.063 INFO [main] org.apache.catalina.startup.VersionLoggerListener.log Nombre de la versión del servidor: Apache Tomcat/10.1.41
19-May-2025 18:51:26.081 INFO [main] org.apache.catalina.startup.VersionLoggerListener.log Server built:                      May 8 2025 12:44:02 UTC
19-May-2025 18:51:26.081 INFO [main] org.apache.catalina.startup.VersionLoggerListener.log Número de versión de servidor:     10.1.41.0
19-May-2025 18:51:26.081 INFO [main] org.apache.catalina.startup.VersionLoggerListener.log OS Name:                           Windows 11
19-May-2025 18:51:26.081 INFO [main] org.apache.catalina.startup.VersionLoggerListener.log Versión de Systema Operativo:      10.0
19-May-2025 18:51:26.081 INFO [main] org.apache.catalina.startup.VersionLoggerListener.log Arquitectura:                      amd64
19-May-2025 18:51:26.081 INFO [main] org.apache.catalina.startup.VersionLoggerListener.log Java Home:                         C:\Users\Danie\Downloads\jdk-17.0.12_windows-x64_bin\jdk-17.0.12
19-May-2025 18:51:26.082 INFO [main] org.apache.catalina.startup.VersionLoggerListener.log JVM Version:                       17.0.12+8-LTS-286
19-May-2025 18:51:26.082 INFO [main] org.apache.catalina.startup.VersionLoggerListener.log Vededor JVM:                       Oracle Corporation
19-May-2025 18:51:26.082 INFO [main] org.apache.catalina.startup.VersionLoggerListener.log CATALINA_BASE:                     C:\Users\Danie\Downloads\apache-tomcat-10.1.41-windows-x64\apache-tomcat-10.1.41
19-May-2025 18:51:26.082 INFO [main] org.apache.catalina.startup.VersionLoggerListener.log CATALINA_HOME:                     C:\Users\Danie\Downloads\apache-tomcat-10.1.41-windows-x64\apache-tomcat-10.1.41
19-May-2025 18:51:26.091 INFO [main] org.apache.catalina.startup.VersionLoggerListener.log Command line argument:             -Djava.util.logging.config.file=C:\Users\Danie\Downloads\apache-tomcat-10.1.41-windows-x64\apache-tomcat-10.1.41\conf\logging.properties
19-May-2025 18:51:26.091 INFO [main] org.apache.catalina.startup.VersionLoggerListener.log Command line argument:             -Djava.util.logging.manager=org.apache.juli.ClassLoaderLogManager
19-May-2025 18:51:26.091 INFO [main] org.apache.catalina.startup.VersionLoggerListener.log Command line argument:             -Djdk.tls.ephemeralDHKeySize=2048
19-May-2025 18:51:26.091 INFO [main] org.apache.catalina.startup.VersionLoggerListener.log Command line argument:             -Djava.protocol.handler.pkgs=org.apache.catalina.webresources
19-May-2025 18:51:26.091 INFO [main] org.apache.catalina.startup.VersionLoggerListener.log Command line argument:             -Dsun.io.useCanonCaches=false
19-May-2025 18:51:26.091 INFO [main] org.apache.catalina.startup.VersionLoggerListener.log Command line argument:             --add-opens=java.base/java.lang=ALL-UNNAMED
19-May-2025 18:51:26.091 INFO [main] org.apache.catalina.startup.VersionLoggerListener.log Command line argument:             --add-opens=java.base/java.lang.reflect=ALL-UNNAMED
19-May-2025 18:51:26.091 INFO [main] org.apache.catalina.startup.VersionLoggerListener.log Command line argument:             --add-opens=java.base/java.io=ALL-UNNAMED
19-May-2025 18:51:26.091 INFO [main] org.apache.catalina.startup.VersionLoggerListener.log Command line argument:             --add-opens=java.base/java.util=ALL-UNNAMED
19-May-2025 18:51:26.091 INFO [main] org.apache.catalina.startup.VersionLoggerListener.log Command line argument:             --add-opens=java.base/java.util.concurrent=ALL-UNNAMED
19-May-2025 18:51:26.091 INFO [main] org.apache.catalina.startup.VersionLoggerListener.log Command line argument:             --add-opens=java.rmi/sun.rmi.transport=ALL-UNNAMED
19-May-2025 18:51:26.091 INFO [main] org.apache.catalina.startup.VersionLoggerListener.log Command line argument:             -Dcatalina.base=C:\Users\Danie\Downloads\apache-tomcat-10.1.41-windows-x64\apache-tomcat-10.1.41
19-May-2025 18:51:26.091 INFO [main] org.apache.catalina.startup.VersionLoggerListener.log Command line argument:             -Dcatalina.home=C:\Users\Danie\Downloads\apache-tomcat-10.1.41-windows-x64\apache-tomcat-10.1.41
19-May-2025 18:51:26.091 INFO [main] org.apache.catalina.startup.VersionLoggerListener.log Command line argument:             -Djava.io.tmpdir=C:\Users\Danie\Downloads\apache-tomcat-10.1.41-windows-x64\apache-tomcat-10.1.41\temp
19-May-2025 18:51:26.091 INFO [main] org.apache.catalina.core.AprLifecycleListener.lifecycleEvent Cargada la biblioteca nativa APR de Apache Tomcat [2.0.8] con la versión APR [1.7.4].
19-May-2025 18:51:26.097 INFO [main] org.apache.catalina.core.AprLifecycleListener.initializeSSL OpenSSL inicializado correctamente [OpenSSL 3.0.14 4 Jun 2024]
19-May-2025 18:51:26.255 INFO [main] org.apache.coyote.AbstractProtocol.init Inicializando el manejador de protocolo ["http-nio-8080"]

19-May-2025 18:51:26.285 INFO [main] org.apache.catalina.startup.Catalina.load Server initialization in [355] milliseconds
19-May-2025 18:51:26.323 INFO [main] org.apache.catalina.core.StandardService.startInternal Arrancando servicio [Catalina]
19-May-2025 18:51:26.323 INFO [main] org.apache.catalina.core.StandardEngine.startInternal Starting Servlet engine: [Apache Tomcat/10.1.41]
19-May-2025 18:51:26.333 INFO [main] org.apache.catalina.startup.HostConfig.deployDescriptor Desplieque del descriptor de configuración [C:\Users\Danie\Downloads\apache-tomcat-10.1.41-windows-x64\apache-tomcat-10.1.41\conf\Catalina\localhost\ROOT.xml]
19-May-2025 18:51:26.349 WARNING [main] org.apache.catalina.startup.HostConfig.deployDescriptor Deployment of deployment descriptor [C:\Users\Danie\Downloads\apache-tomcat-10.1.41-windows-x64\apache-tomcat-10.1.41\conf\Catalina\localhost\ROOT.xml] with an external docBase means the directory [C:\Users\Danie\Downloads\apache-tomcat-10.1.41-windows-x64\apache-tomcat-10.1.41\webapps\ROOT] in the appBase will be ignored
19-May-2025 18:51:26.700 INFO [main] org.apache.jasper.servlet.TldScanner.scanJars Al menos un JAR, que se ha explorado buscando TLDs, aún no contenía TLDs. Activar historial de depuración para este historiador para una completa lista de los JARs que fueron explorados y de los que nos se halló TLDs. Saltarse JARs no necesarios durante la exploración puede dar lugar a una mejora de tiempo significativa en el arranque y compilación de JSP .
19-May-2025 18:51:26.785 INFO [main] org.apache.catalina.startup.HostConfig.deployDescriptor Deployment of deployment descriptor [C:\Users\Danie\Downloads\apache-tomcat-10.1.41-windows-x64\apache-tomcat-10.1.41\conf\Catalina\localhost\ROOT.xml] has finished in [452] ms
19-May-2025 18:51:26.785 INFO [main] org.apache.catalina.startup.HostConfig.deployWAR Despliegue del archivo [C:\Users\Danie\Downloads\apache-tomcat-10.1.41-windows-x64\apache-tomcat-10.1.41\webapps\backend.war] de la aplicación web
19-May-2025 18:51:28.820 INFO [main] org.apache.jasper.servlet.TldScanner.scanJars Al menos un JAR, que se ha explorado buscando TLDs, aún no contenía TLDs. Activar historial de depuración para este historiador para una completa lista de los JARs que fueron explorados y de los que nos se halló TLDs. Saltarse JARs no necesarios durante la exploración puede dar lugar a una mejora de tiempo significativa en el arranque y compilación de JSP .
19-May-2025 18:51:28.832 INFO [main] org.apache.catalina.startup.HostConfig.deployWAR Deployment of web application archive [C:\Users\Danie\Downloads\apache-tomcat-10.1.41-windows-x64\apache-tomcat-10.1.41\webapps\backend.war] has finished in [2.047] ms
19-May-2025 18:51:28.832 INFO [main] org.apache.catalina.startup.HostConfig.deployDirectory Desplegando el directorio [C:\Users\Danie\Downloads\apache-tomcat-10.1.41-windows-x64\apache-tomcat-10.1.41\webapps\docs] de la aplicación web
19-May-2025 18:51:28.943 INFO [main] org.apache.catalina.startup.HostConfig.deployDirectory Deployment of web application directory [C:\Users\Danie\Downloads\apache-tomcat-10.1.41-windows-x64\apache-tomcat-10.1.41\webapps\docs] has finished in [111] ms
19-May-2025 18:51:28.943 INFO [main] org.apache.catalina.startup.HostConfig.deployDirectory Desplegando el directorio [C:\Users\Danie\Downloads\apache-tomcat-10.1.41-windows-x64\apache-tomcat-10.1.41\webapps\examples] de la aplicación web
19-May-2025 18:51:29.577 INFO [main] org.apache.catalina.startup.HostConfig.deployDirectory Deployment of web application directory [C:\Users\Danie\Downloads\apache-tomcat-10.1.41-windows-x64\apache-tomcat-10.1.41\webapps\examples] has finished in [634] ms
19-May-2025 18:51:29.577 INFO [main] org.apache.catalina.startup.HostConfig.deployDirectory Desplegando el directorio [C:\Users\Danie\Downloads\apache-tomcat-10.1.41-windows-x64\apache-tomcat-10.1.41\webapps\host-manager] de la aplicación web
19-May-2025 18:51:29.626 INFO [main] org.apache.catalina.startup.HostConfig.deployDirectory Deployment of web application directory [C:\Users\Danie\Downloads\apache-tomcat-10.1.41-windows-x64\apache-tomcat-10.1.41\webapps\host-manager] has finished in [49] ms
19-May-2025 18:51:29.626 INFO [main] org.apache.catalina.startup.HostConfig.deployDirectory Desplegando el directorio [C:\Users\Danie\Downloads\apache-tomcat-10.1.41-windows-x64\apache-tomcat-10.1.41\webapps\manager] de la aplicación web
19-May-2025 18:51:29.687 INFO [main] org.apache.catalina.startup.HostConfig.deployDirectory Deployment of web application directory [C:\Users\Danie\Downloads\apache-tomcat-10.1.41-windows-x64\apache-tomcat-10.1.41\webapps\manager] has finished in [61] ms
19-May-2025 18:51:29.689 INFO [main] org.apache.coyote.AbstractProtocol.start Starting ProtocolHandler ["http-nio-8080"]
19-May-2025 18:51:29.818 INFO [main] org.apache.catalina.startup.Catalina.start Server startup in [3537] milliseconds
19-May-2025 21:46:06.331 INFO [main] org.apache.catalina.startup.VersionLoggerListener.log Nombre de la versión del servidor: Apache Tomcat/10.1.41
19-May-2025 21:46:06.339 INFO [main] org.apache.catalina.startup.VersionLoggerListener.log Server built:                      May 8 2025 12:44:02 UTC
19-May-2025 21:46:06.339 INFO [main] org.apache.catalina.startup.VersionLoggerListener.log Número de versión de servidor:     10.1.41.0
19-May-2025 21:46:06.339 INFO [main] org.apache.catalina.startup.VersionLoggerListener.log OS Name:                           Windows 11
19-May-2025 21:46:06.340 INFO [main] org.apache.catalina.startup.VersionLoggerListener.log Versión de Systema Operativo:      10.0
19-May-2025 21:46:06.340 INFO [main] org.apache.catalina.startup.VersionLoggerListener.log Arquitectura:                      amd64
19-May-2025 21:46:06.340 INFO [main] org.apache.catalina.startup.VersionLoggerListener.log Java Home:                         C:\Users\Danie\Downloads\jdk-17.0.12_windows-x64_bin\jdk-17.0.12
19-May-2025 21:46:06.340 INFO [main] org.apache.catalina.startup.VersionLoggerListener.log JVM Version:                       17.0.12+8-LTS-286
19-May-2025 21:46:06.341 INFO [main] org.apache.catalina.startup.VersionLoggerListener.log Vededor JVM:                       Oracle Corporation
19-May-2025 21:46:06.341 INFO [main] org.apache.catalina.startup.VersionLoggerListener.log CATALINA_BASE:                     C:\Users\Danie\Downloads\apache-tomcat-10.1.41-windows-x64\apache-tomcat-10.1.41
19-May-2025 21:46:06.341 INFO [main] org.apache.catalina.startup.VersionLoggerListener.log CATALINA_HOME:                     C:\Users\Danie\Downloads\apache-tomcat-10.1.41-windows-x64\apache-tomcat-10.1.41
19-May-2025 21:46:06.364 INFO [main] org.apache.catalina.startup.VersionLoggerListener.log Command line argument:             -Djava.util.logging.config.file=C:\Users\Danie\Downloads\apache-tomcat-10.1.41-windows-x64\apache-tomcat-10.1.41\conf\logging.properties
19-May-2025 21:46:06.365 INFO [main] org.apache.catalina.startup.VersionLoggerListener.log Command line argument:             -Djava.util.logging.manager=org.apache.juli.ClassLoaderLogManager
19-May-2025 21:46:06.365 INFO [main] org.apache.catalina.startup.VersionLoggerListener.log Command line argument:             -Djdk.tls.ephemeralDHKeySize=2048
19-May-2025 21:46:06.365 INFO [main] org.apache.catalina.startup.VersionLoggerListener.log Command line argument:             -Djava.protocol.handler.pkgs=org.apache.catalina.webresources
19-May-2025 21:46:06.365 INFO [main] org.apache.catalina.startup.VersionLoggerListener.log Command line argument:             -Dsun.io.useCanonCaches=false
19-May-2025 21:46:06.365 INFO [main] org.apache.catalina.startup.VersionLoggerListener.log Command line argument:             --add-opens=java.base/java.lang=ALL-UNNAMED
19-May-2025 21:46:06.366 INFO [main] org.apache.catalina.startup.VersionLoggerListener.log Command line argument:             --add-opens=java.base/java.lang.reflect=ALL-UNNAMED
19-May-2025 21:46:06.366 INFO [main] org.apache.catalina.startup.VersionLoggerListener.log Command line argument:             --add-opens=java.base/java.io=ALL-UNNAMED
19-May-2025 21:46:06.366 INFO [main] org.apache.catalina.startup.VersionLoggerListener.log Command line argument:             --add-opens=java.base/java.util=ALL-UNNAMED
19-May-2025 21:46:06.367 INFO [main] org.apache.catalina.startup.VersionLoggerListener.log Command line argument:             --add-opens=java.base/java.util.concurrent=ALL-UNNAMED
19-May-2025 21:46:06.367 INFO [main] org.apache.catalina.startup.VersionLoggerListener.log Command line argument:             --add-opens=java.rmi/sun.rmi.transport=ALL-UNNAMED
19-May-2025 21:46:06.368 INFO [main] org.apache.catalina.startup.VersionLoggerListener.log Command line argument:             -Dcatalina.base=C:\Users\Danie\Downloads\apache-tomcat-10.1.41-windows-x64\apache-tomcat-10.1.41
19-May-2025 21:46:06.368 INFO [main] org.apache.catalina.startup.VersionLoggerListener.log Command line argument:             -Dcatalina.home=C:\Users\Danie\Downloads\apache-tomcat-10.1.41-windows-x64\apache-tomcat-10.1.41
19-May-2025 21:46:06.368 INFO [main] org.apache.catalina.startup.VersionLoggerListener.log Command line argument:             -Djava.io.tmpdir=C:\Users\Danie\Downloads\apache-tomcat-10.1.41-windows-x64\apache-tomcat-10.1.41\temp
19-May-2025 21:46:06.508 INFO [main] org.apache.catalina.core.AprLifecycleListener.lifecycleEvent Cargada la biblioteca nativa APR de Apache Tomcat [2.0.8] con la versión APR [1.7.4].
19-May-2025 21:46:06.531 INFO [main] org.apache.catalina.core.AprLifecycleListener.initializeSSL OpenSSL inicializado correctamente [OpenSSL 3.0.14 4 Jun 2024]
19-May-2025 21:46:06.889 INFO [main] org.apache.coyote.AbstractProtocol.init Inicializando el manejador de protocolo ["http-nio-8080"]

19-May-2025 21:46:06.930 INFO [main] org.apache.catalina.startup.Catalina.load Server initialization in [956] milliseconds
19-May-2025 21:46:07.017 INFO [main] org.apache.catalina.core.StandardService.startInternal Arrancando servicio [Catalina]
19-May-2025 21:46:07.017 INFO [main] org.apache.catalina.core.StandardEngine.startInternal Starting Servlet engine: [Apache Tomcat/10.1.41]
19-May-2025 21:46:07.039 INFO [main] org.apache.catalina.startup.HostConfig.deployDescriptor Desplieque del descriptor de configuración [C:\Users\Danie\Downloads\apache-tomcat-10.1.41-windows-x64\apache-tomcat-10.1.41\conf\Catalina\localhost\ROOT.xml]
19-May-2025 21:46:07.090 WARNING [main] org.apache.catalina.startup.HostConfig.deployDescriptor Deployment of deployment descriptor [C:\Users\Danie\Downloads\apache-tomcat-10.1.41-windows-x64\apache-tomcat-10.1.41\conf\Catalina\localhost\ROOT.xml] with an external docBase means the directory [C:\Users\Danie\Downloads\apache-tomcat-10.1.41-windows-x64\apache-tomcat-10.1.41\webapps\ROOT] in the appBase will be ignored
19-May-2025 21:46:07.922 INFO [main] org.apache.jasper.servlet.TldScanner.scanJars Al menos un JAR, que se ha explorado buscando TLDs, aún no contenía TLDs. Activar historial de depuración para este historiador para una completa lista de los JARs que fueron explorados y de los que nos se halló TLDs. Saltarse JARs no necesarios durante la exploración puede dar lugar a una mejora de tiempo significativa en el arranque y compilación de JSP .
19-May-2025 21:46:08.073 WARNING [main] org.apache.catalina.util.SessionIdGeneratorBase.createSecureRandom Creation of SecureRandom instance for session ID generation using [SHA1PRNG] took [110] milliseconds.
19-May-2025 21:46:08.108 INFO [main] org.apache.catalina.startup.HostConfig.deployDescriptor Deployment of deployment descriptor [C:\Users\Danie\Downloads\apache-tomcat-10.1.41-windows-x64\apache-tomcat-10.1.41\conf\Catalina\localhost\ROOT.xml] has finished in [1.068] ms
19-May-2025 21:46:08.110 INFO [main] org.apache.catalina.startup.HostConfig.deployWAR Despliegue del archivo [C:\Users\Danie\Downloads\apache-tomcat-10.1.41-windows-x64\apache-tomcat-10.1.41\webapps\backend.war] de la aplicación web
19-May-2025 21:46:10.985 INFO [main] org.apache.jasper.servlet.TldScanner.scanJars Al menos un JAR, que se ha explorado buscando TLDs, aún no contenía TLDs. Activar historial de depuración para este historiador para una completa lista de los JARs que fueron explorados y de los que nos se halló TLDs. Saltarse JARs no necesarios durante la exploración puede dar lugar a una mejora de tiempo significativa en el arranque y compilación de JSP .
19-May-2025 21:46:10.993 INFO [main] org.apache.catalina.startup.HostConfig.deployWAR Deployment of web application archive [C:\Users\Danie\Downloads\apache-tomcat-10.1.41-windows-x64\apache-tomcat-10.1.41\webapps\backend.war] has finished in [2.883] ms
19-May-2025 21:46:10.998 INFO [main] org.apache.catalina.startup.HostConfig.deployDirectory Desplegando el directorio [C:\Users\Danie\Downloads\apache-tomcat-10.1.41-windows-x64\apache-tomcat-10.1.41\webapps\docs] de la aplicación web
19-May-2025 21:46:11.070 INFO [main] org.apache.catalina.startup.HostConfig.deployDirectory Deployment of web application directory [C:\Users\Danie\Downloads\apache-tomcat-10.1.41-windows-x64\apache-tomcat-10.1.41\webapps\docs] has finished in [72] ms
19-May-2025 21:46:11.070 INFO [main] org.apache.catalina.startup.HostConfig.deployDirectory Desplegando el directorio [C:\Users\Danie\Downloads\apache-tomcat-10.1.41-windows-x64\apache-tomcat-10.1.41\webapps\examples] de la aplicación web
19-May-2025 21:46:13.561 INFO [main] org.apache.catalina.startup.HostConfig.deployDirectory Deployment of web application directory [C:\Users\Danie\Downloads\apache-tomcat-10.1.41-windows-x64\apache-tomcat-10.1.41\webapps\examples] has finished in [2.491] ms
19-May-2025 21:46:13.561 INFO [main] org.apache.catalina.startup.HostConfig.deployDirectory Desplegando el directorio [C:\Users\Danie\Downloads\apache-tomcat-10.1.41-windows-x64\apache-tomcat-10.1.41\webapps\host-manager] de la aplicación web
19-May-2025 21:46:13.644 INFO [main] org.apache.catalina.startup.HostConfig.deployDirectory Deployment of web application directory [C:\Users\Danie\Downloads\apache-tomcat-10.1.41-windows-x64\apache-tomcat-10.1.41\webapps\host-manager] has finished in [83] ms
19-May-2025 21:46:13.645 INFO [main] org.apache.catalina.startup.HostConfig.deployDirectory Desplegando el directorio [C:\Users\Danie\Downloads\apache-tomcat-10.1.41-windows-x64\apache-tomcat-10.1.41\webapps\manager] de la aplicación web
19-May-2025 21:46:13.731 INFO [main] org.apache.catalina.startup.HostConfig.deployDirectory Deployment of web application directory [C:\Users\Danie\Downloads\apache-tomcat-10.1.41-windows-x64\apache-tomcat-10.1.41\webapps\manager] has finished in [86] ms
19-May-2025 21:46:13.738 INFO [main] org.apache.coyote.AbstractProtocol.start Starting ProtocolHandler ["http-nio-8080"]
19-May-2025 21:46:13.860 INFO [main] org.apache.catalina.startup.Catalina.start Server startup in [6929] milliseconds
