19-May-2025 07:59:07.994 INFO [main] org.apache.catalina.core.ApplicationContext.log ContextListener: contextInitialized()
19-May-2025 07:59:07.994 INFO [main] org.apache.catalina.core.ApplicationContext.log SessionListener: contextInitialized()
19-May-2025 07:59:08.014 INFO [main] org.apache.catalina.core.ApplicationContext.log ContextListener: attributeAdded('StockTicker', 'async.Stockticker@70ecf57b')
19-May-2025 08:04:58.425 INFO [main] org.apache.catalina.core.ApplicationContext.log ContextListener: contextInitialized()
19-May-2025 08:04:58.425 INFO [main] org.apache.catalina.core.ApplicationContext.log SessionListener: contextInitialized()
19-May-2025 08:04:58.441 INFO [main] org.apache.catalina.core.ApplicationContext.log ContextListener: attributeAdded('StockTicker', 'async.Stockticker@39f4a7c4')
19-May-2025 09:50:39.933 INFO [main] org.apache.catalina.core.ApplicationContext.log SessionListener: contextDestroyed()
19-May-2025 09:50:39.933 INFO [main] org.apache.catalina.core.ApplicationContext.log ContextListener: contextDestroyed()
19-May-2025 09:50:49.458 INFO [main] org.apache.catalina.core.ApplicationContext.log ContextListener: contextInitialized()
19-May-2025 09:50:49.458 INFO [main] org.apache.catalina.core.ApplicationContext.log SessionListener: contextInitialized()
19-May-2025 09:50:49.466 INFO [main] org.apache.catalina.core.ApplicationContext.log ContextListener: attributeAdded('StockTicker', 'async.Stockticker@75bf9e67')
19-May-2025 10:34:49.167 INFO [main] org.apache.catalina.core.ApplicationContext.log ContextListener: contextInitialized()
19-May-2025 10:34:49.168 INFO [main] org.apache.catalina.core.ApplicationContext.log SessionListener: contextInitialized()
19-May-2025 10:34:49.172 INFO [main] org.apache.catalina.core.ApplicationContext.log ContextListener: attributeAdded('StockTicker', 'async.Stockticker@45e639ee')
19-May-2025 15:13:17.413 INFO [main] org.apache.catalina.core.ApplicationContext.log ContextListener: contextInitialized()
19-May-2025 15:13:17.413 INFO [main] org.apache.catalina.core.ApplicationContext.log SessionListener: contextInitialized()
19-May-2025 15:13:17.422 INFO [main] org.apache.catalina.core.ApplicationContext.log ContextListener: attributeAdded('StockTicker', 'async.Stockticker@75bf9e67')
19-May-2025 18:25:14.331 INFO [main] org.apache.catalina.core.ApplicationContext.log ContextListener: contextInitialized()
19-May-2025 18:25:14.331 INFO [main] org.apache.catalina.core.ApplicationContext.log SessionListener: contextInitialized()
19-May-2025 18:25:14.331 INFO [main] org.apache.catalina.core.ApplicationContext.log ContextListener: attributeAdded('StockTicker', 'async.Stockticker@654b899f')
19-May-2025 18:25:14.441 INFO [main] org.apache.catalina.core.ApplicationContext.log SessionListener: contextDestroyed()
19-May-2025 18:25:14.441 INFO [main] org.apache.catalina.core.ApplicationContext.log ContextListener: contextDestroyed()
19-May-2025 18:51:23.543 INFO [main] org.apache.catalina.core.ApplicationContext.log SessionListener: contextDestroyed()
19-May-2025 18:51:23.543 INFO [main] org.apache.catalina.core.ApplicationContext.log ContextListener: contextDestroyed()
19-May-2025 18:51:29.561 INFO [main] org.apache.catalina.core.ApplicationContext.log ContextListener: contextInitialized()
19-May-2025 18:51:29.561 INFO [main] org.apache.catalina.core.ApplicationContext.log SessionListener: contextInitialized()
19-May-2025 18:51:29.561 INFO [main] org.apache.catalina.core.ApplicationContext.log ContextListener: attributeAdded('StockTicker', 'async.Stockticker@28e48b65')
19-May-2025 21:46:13.540 INFO [main] org.apache.catalina.core.ApplicationContext.log ContextListener: contextInitialized()
19-May-2025 21:46:13.540 INFO [main] org.apache.catalina.core.ApplicationContext.log SessionListener: contextInitialized()
19-May-2025 21:46:13.543 INFO [main] org.apache.catalina.core.ApplicationContext.log ContextListener: attributeAdded('StockTicker', 'async.Stockticker@28e48b65')
