15-May-2025 17:35:10.549 INFO [main] org.apache.catalina.core.ApplicationContext.log ContextListener: contextInitialized()
15-May-2025 17:35:10.549 INFO [main] org.apache.catalina.core.ApplicationContext.log SessionListener: contextInitialized()
15-May-2025 17:35:10.555 INFO [main] org.apache.catalina.core.ApplicationContext.log ContextListener: attributeAdded('StockTicker', 'async.Stockticker@389adf1d')
15-May-2025 17:35:48.205 INFO [main] org.apache.catalina.core.ApplicationContext.log ContextListener: contextInitialized()
15-May-2025 17:35:48.205 INFO [main] org.apache.catalina.core.ApplicationContext.log SessionListener: contextInitialized()
15-May-2025 17:35:48.206 INFO [main] org.apache.catalina.core.ApplicationContext.log ContextListener: attributeAdded('StockTicker', 'async.Stockticker@72ccd81a')
15-May-2025 18:22:10.284 INFO [main] org.apache.catalina.core.ApplicationContext.log ContextListener: contextInitialized()
15-May-2025 18:22:10.284 INFO [main] org.apache.catalina.core.ApplicationContext.log SessionListener: contextInitialized()
15-May-2025 18:22:10.285 INFO [main] org.apache.catalina.core.ApplicationContext.log ContextListener: attributeAdded('StockTicker', 'async.Stockticker@62dae245')
15-May-2025 18:22:10.408 INFO [main] org.apache.catalina.core.ApplicationContext.log SessionListener: contextDestroyed()
15-May-2025 18:22:10.408 INFO [main] org.apache.catalina.core.ApplicationContext.log ContextListener: contextDestroyed()
15-May-2025 18:39:10.222 INFO [main] org.apache.catalina.core.ApplicationContext.log ContextListener: contextInitialized()
15-May-2025 18:39:10.222 INFO [main] org.apache.catalina.core.ApplicationContext.log SessionListener: contextInitialized()
15-May-2025 18:39:10.224 INFO [main] org.apache.catalina.core.ApplicationContext.log ContextListener: attributeAdded('StockTicker', 'async.Stockticker@160396db')
15-May-2025 18:39:10.333 INFO [main] org.apache.catalina.core.ApplicationContext.log SessionListener: contextDestroyed()
15-May-2025 18:39:10.333 INFO [main] org.apache.catalina.core.ApplicationContext.log ContextListener: contextDestroyed()
15-May-2025 18:40:26.612 INFO [main] org.apache.catalina.core.ApplicationContext.log ContextListener: contextInitialized()
15-May-2025 18:40:26.612 INFO [main] org.apache.catalina.core.ApplicationContext.log SessionListener: contextInitialized()
15-May-2025 18:40:26.615 INFO [main] org.apache.catalina.core.ApplicationContext.log ContextListener: attributeAdded('StockTicker', 'async.Stockticker@bd2f5a9')
15-May-2025 18:40:26.725 INFO [main] org.apache.catalina.core.ApplicationContext.log SessionListener: contextDestroyed()
15-May-2025 18:40:26.725 INFO [main] org.apache.catalina.core.ApplicationContext.log ContextListener: contextDestroyed()
