28-May-2025 19:26:41.372 INFO [main] org.apache.catalina.core.ApplicationContext.log ContextListener: contextInitialized()
28-May-2025 19:26:41.372 INFO [main] org.apache.catalina.core.ApplicationContext.log SessionListener: contextInitialized()
28-May-2025 19:26:41.378 INFO [main] org.apache.catalina.core.ApplicationContext.log ContextListener: attributeAdded('StockTicker', 'async.Stockticker@46d8f407')
28-May-2025 19:31:51.507 INFO [main] org.apache.catalina.core.ApplicationContext.log ContextListener: contextInitialized()
28-May-2025 19:31:51.507 INFO [main] org.apache.catalina.core.ApplicationContext.log SessionListener: contextInitialized()
28-May-2025 19:31:51.509 INFO [main] org.apache.catalina.core.ApplicationContext.log ContextListener: attributeAdded('StockTicker', 'async.Stockticker@281f23f2')
28-May-2025 19:31:51.592 INFO [main] org.apache.catalina.core.ApplicationContext.log SessionListener: contextDestroyed()
28-May-2025 19:31:51.592 INFO [main] org.apache.catalina.core.ApplicationContext.log ContextListener: contextDestroyed()
28-May-2025 19:32:01.762 INFO [main] org.apache.catalina.core.ApplicationContext.log ContextListener: contextInitialized()
28-May-2025 19:32:01.762 INFO [main] org.apache.catalina.core.ApplicationContext.log SessionListener: contextInitialized()
28-May-2025 19:32:01.764 INFO [main] org.apache.catalina.core.ApplicationContext.log ContextListener: attributeAdded('StockTicker', 'async.Stockticker@62e6a3ec')
28-May-2025 19:38:06.656 INFO [main] org.apache.catalina.core.ApplicationContext.log ContextListener: contextInitialized()
28-May-2025 19:38:06.656 INFO [main] org.apache.catalina.core.ApplicationContext.log SessionListener: contextInitialized()
28-May-2025 19:38:06.658 INFO [main] org.apache.catalina.core.ApplicationContext.log ContextListener: attributeAdded('StockTicker', 'async.Stockticker@70abf9b0')
28-May-2025 19:38:06.758 INFO [main] org.apache.catalina.core.ApplicationContext.log SessionListener: contextDestroyed()
28-May-2025 19:38:06.758 INFO [main] org.apache.catalina.core.ApplicationContext.log ContextListener: contextDestroyed()
28-May-2025 19:38:13.930 INFO [main] org.apache.catalina.core.ApplicationContext.log ContextListener: contextInitialized()
28-May-2025 19:38:13.930 INFO [main] org.apache.catalina.core.ApplicationContext.log SessionListener: contextInitialized()
28-May-2025 19:38:13.932 INFO [main] org.apache.catalina.core.ApplicationContext.log ContextListener: attributeAdded('StockTicker', 'async.Stockticker@7551da2a')
28-May-2025 19:38:26.258 INFO [main] org.apache.catalina.core.ApplicationContext.log ContextListener: contextInitialized()
28-May-2025 19:38:26.259 INFO [main] org.apache.catalina.core.ApplicationContext.log SessionListener: contextInitialized()
28-May-2025 19:38:26.260 INFO [main] org.apache.catalina.core.ApplicationContext.log ContextListener: attributeAdded('StockTicker', 'async.Stockticker@61f3fbb8')
28-May-2025 19:43:22.019 INFO [main] org.apache.catalina.core.ApplicationContext.log ContextListener: contextInitialized()
28-May-2025 19:43:22.020 INFO [main] org.apache.catalina.core.ApplicationContext.log SessionListener: contextInitialized()
28-May-2025 19:43:22.022 INFO [main] org.apache.catalina.core.ApplicationContext.log ContextListener: attributeAdded('StockTicker', 'async.Stockticker@78de58ea')
28-May-2025 19:44:54.759 INFO [main] org.apache.catalina.core.ApplicationContext.log ContextListener: contextInitialized()
28-May-2025 19:44:54.759 INFO [main] org.apache.catalina.core.ApplicationContext.log SessionListener: contextInitialized()
28-May-2025 19:44:54.760 INFO [main] org.apache.catalina.core.ApplicationContext.log ContextListener: attributeAdded('StockTicker', 'async.Stockticker@325bb9a6')
28-May-2025 19:44:54.853 INFO [main] org.apache.catalina.core.ApplicationContext.log SessionListener: contextDestroyed()
28-May-2025 19:44:54.853 INFO [main] org.apache.catalina.core.ApplicationContext.log ContextListener: contextDestroyed()
28-May-2025 19:44:59.132 INFO [main] org.apache.catalina.core.ApplicationContext.log ContextListener: contextInitialized()
28-May-2025 19:44:59.132 INFO [main] org.apache.catalina.core.ApplicationContext.log SessionListener: contextInitialized()
28-May-2025 19:44:59.135 INFO [main] org.apache.catalina.core.ApplicationContext.log ContextListener: attributeAdded('StockTicker', 'async.Stockticker@432034a')
28-May-2025 19:46:14.232 INFO [main] org.apache.catalina.core.ApplicationContext.log ContextListener: contextInitialized()
28-May-2025 19:46:14.232 INFO [main] org.apache.catalina.core.ApplicationContext.log SessionListener: contextInitialized()
28-May-2025 19:46:14.235 INFO [main] org.apache.catalina.core.ApplicationContext.log ContextListener: attributeAdded('StockTicker', 'async.Stockticker@78c1a023')
28-May-2025 19:46:14.316 INFO [main] org.apache.catalina.core.ApplicationContext.log SessionListener: contextDestroyed()
28-May-2025 19:46:14.316 INFO [main] org.apache.catalina.core.ApplicationContext.log ContextListener: contextDestroyed()
28-May-2025 19:46:20.507 INFO [main] org.apache.catalina.core.ApplicationContext.log ContextListener: contextInitialized()
28-May-2025 19:46:20.507 INFO [main] org.apache.catalina.core.ApplicationContext.log SessionListener: contextInitialized()
28-May-2025 19:46:20.509 INFO [main] org.apache.catalina.core.ApplicationContext.log ContextListener: attributeAdded('StockTicker', 'async.Stockticker@7551da2a')
28-May-2025 19:50:13.943 INFO [main] org.apache.catalina.core.ApplicationContext.log SessionListener: contextDestroyed()
28-May-2025 19:50:13.943 INFO [main] org.apache.catalina.core.ApplicationContext.log ContextListener: contextDestroyed()
28-May-2025 19:50:17.078 INFO [main] org.apache.catalina.core.ApplicationContext.log ContextListener: contextInitialized()
28-May-2025 19:50:17.078 INFO [main] org.apache.catalina.core.ApplicationContext.log SessionListener: contextInitialized()
28-May-2025 19:50:17.080 INFO [main] org.apache.catalina.core.ApplicationContext.log ContextListener: attributeAdded('StockTicker', 'async.Stockticker@432034a')
28-May-2025 19:52:21.765 INFO [main] org.apache.catalina.core.ApplicationContext.log SessionListener: contextDestroyed()
28-May-2025 19:52:21.765 INFO [main] org.apache.catalina.core.ApplicationContext.log ContextListener: contextDestroyed()
28-May-2025 19:52:24.904 INFO [main] org.apache.catalina.core.ApplicationContext.log ContextListener: contextInitialized()
28-May-2025 19:52:24.905 INFO [main] org.apache.catalina.core.ApplicationContext.log SessionListener: contextInitialized()
28-May-2025 19:52:24.906 INFO [main] org.apache.catalina.core.ApplicationContext.log ContextListener: attributeAdded('StockTicker', 'async.Stockticker@60e5272')
