29-May-2025 23:05:55.328 INFO [main] org.apache.catalina.startup.VersionLoggerListener.log Nombre de la versión del servidor: Apache Tomcat/9.0.105
29-May-2025 23:05:55.335 INFO [main] org.apache.catalina.startup.VersionLoggerListener.log Server built:                      May 7 2025 18:36:02 UTC
29-May-2025 23:05:55.335 INFO [main] org.apache.catalina.startup.VersionLoggerListener.log Número de versión de servidor:     9.0.105.0
29-May-2025 23:05:55.335 INFO [main] org.apache.catalina.startup.VersionLoggerListener.log OS Name:                           Windows 11
29-May-2025 23:05:55.336 INFO [main] org.apache.catalina.startup.VersionLoggerListener.log Versión de Systema Operativo:      10.0
29-May-2025 23:05:55.336 INFO [main] org.apache.catalina.startup.VersionLoggerListener.log Arquitectura:                      amd64
29-May-2025 23:05:55.336 INFO [main] org.apache.catalina.startup.VersionLoggerListener.log Java Home:                         C:\Users\Danie\Downloads\jdk-17.0.12_windows-x64_bin\jdk-17.0.12
29-May-2025 23:05:55.336 INFO [main] org.apache.catalina.startup.VersionLoggerListener.log JVM Version:                       17.0.12+8-LTS-286
29-May-2025 23:05:55.336 INFO [main] org.apache.catalina.startup.VersionLoggerListener.log Vededor JVM:                       Oracle Corporation
29-May-2025 23:05:55.336 INFO [main] org.apache.catalina.startup.VersionLoggerListener.log CATALINA_BASE:                     C:\BACKEND-ATARI\pruebaAutoria\apache-tomcat-9.0.105\apache-tomcat-9.0.105
29-May-2025 23:05:55.336 INFO [main] org.apache.catalina.startup.VersionLoggerListener.log CATALINA_HOME:                     C:\BACKEND-ATARI\pruebaAutoria\apache-tomcat-9.0.105\apache-tomcat-9.0.105
29-May-2025 23:05:55.354 INFO [main] org.apache.catalina.startup.VersionLoggerListener.log Command line argument:             --add-opens=java.base/java.lang=ALL-UNNAMED
29-May-2025 23:05:55.354 INFO [main] org.apache.catalina.startup.VersionLoggerListener.log Command line argument:             --add-opens=java.base/java.lang.invoke=ALL-UNNAMED
29-May-2025 23:05:55.354 INFO [main] org.apache.catalina.startup.VersionLoggerListener.log Command line argument:             --add-opens=java.base/java.lang.reflect=ALL-UNNAMED
29-May-2025 23:05:55.354 INFO [main] org.apache.catalina.startup.VersionLoggerListener.log Command line argument:             --add-opens=java.base/java.io=ALL-UNNAMED
29-May-2025 23:05:55.355 INFO [main] org.apache.catalina.startup.VersionLoggerListener.log Command line argument:             --add-opens=java.base/java.util=ALL-UNNAMED
29-May-2025 23:05:55.355 INFO [main] org.apache.catalina.startup.VersionLoggerListener.log Command line argument:             --add-opens=java.base/java.util.concurrent=ALL-UNNAMED
29-May-2025 23:05:55.355 INFO [main] org.apache.catalina.startup.VersionLoggerListener.log Command line argument:             --add-opens=java.rmi/sun.rmi.transport=ALL-UNNAMED
29-May-2025 23:05:55.355 INFO [main] org.apache.catalina.startup.VersionLoggerListener.log Command line argument:             -Djava.util.logging.config.file=C:\BACKEND-ATARI\pruebaAutoria\apache-tomcat-9.0.105\apache-tomcat-9.0.105\conf\logging.properties
29-May-2025 23:05:55.355 INFO [main] org.apache.catalina.startup.VersionLoggerListener.log Command line argument:             -Djava.util.logging.manager=org.apache.juli.ClassLoaderLogManager
29-May-2025 23:05:55.355 INFO [main] org.apache.catalina.startup.VersionLoggerListener.log Command line argument:             -Djdk.tls.ephemeralDHKeySize=2048
29-May-2025 23:05:55.356 INFO [main] org.apache.catalina.startup.VersionLoggerListener.log Command line argument:             -Djava.protocol.handler.pkgs=org.apache.catalina.webresources
29-May-2025 23:05:55.356 INFO [main] org.apache.catalina.startup.VersionLoggerListener.log Command line argument:             -Dsun.io.useCanonCaches=false
29-May-2025 23:05:55.356 INFO [main] org.apache.catalina.startup.VersionLoggerListener.log Command line argument:             -Dignore.endorsed.dirs=
29-May-2025 23:05:55.356 INFO [main] org.apache.catalina.startup.VersionLoggerListener.log Command line argument:             -Dcatalina.base=C:\BACKEND-ATARI\pruebaAutoria\apache-tomcat-9.0.105\apache-tomcat-9.0.105
29-May-2025 23:05:55.356 INFO [main] org.apache.catalina.startup.VersionLoggerListener.log Command line argument:             -Dcatalina.home=C:\BACKEND-ATARI\pruebaAutoria\apache-tomcat-9.0.105\apache-tomcat-9.0.105
29-May-2025 23:05:55.356 INFO [main] org.apache.catalina.startup.VersionLoggerListener.log Command line argument:             -Djava.io.tmpdir=C:\BACKEND-ATARI\pruebaAutoria\apache-tomcat-9.0.105\apache-tomcat-9.0.105\temp
29-May-2025 23:05:55.377 INFO [main] org.apache.catalina.core.AprLifecycleListener.lifecycleEvent La biblioteca nativa de Apache Tomcat basada en ARP que permite un rendimiento óptimo en entornos de desarrollo no ha sido hallada en java.library.path: [C:\Users\Danie\Downloads\jdk-17.0.12_windows-x64_bin\jdk-17.0.12\bin;C:\WINDOWS\Sun\Java\bin;C:\WINDOWS\system32;C:\WINDOWS;C:\oraclexe\app\oracle\product\11.2.0\server\bin;C:\Program Files (x86)\Common Files\Oracle\Java\java8path;C:\Program Files (x86)\Common Files\Oracle\Java\javapath;C:\windows\system32;C:\windows;C:\windows\System32\Wbem;C:\windows\System32\WindowsPowerShell\v1.0\;C:\windows\System32\OpenSSH\;C:\Program Files (x86)\NVIDIA Corporation\PhysX\Common;C:\Program Files\NVIDIA Corporation\NVIDIA NvDLISR;C:\Program Files\dotnet\;C:\Program Files\Git\cmd;C:\Program Files\nodejs\;C:\Program Files\PuTTY\;C:\WINDOWS\system32;C:\WINDOWS;C:\WINDOWS\System32\Wbem;C:\WINDOWS\System32\WindowsPowerShell\v1.0\;C:\WINDOWS\System32\OpenSSH\;C:\Users\Danie\Downloads\apache-maven-3.9.9-bin\apache-maven-3.9.9\bin;C:\Users\Danie\Downloads\jdk-17.0.12_windows-x64_bin\jdk-17.0.12\bin;C:\Users\Danie\AppData\Local\Microsoft\WindowsApps;C:\Users\Danie\AppData\Local\Programs\Microsoft VS Code\bin;C:\Users\Danie\AppData\Local\GitHubDesktop\bin;C:\Users\Danie\AppData\Roaming\npm;C:\Users\Danie\.dotnet\tools;;.]
29-May-2025 23:05:55.784 INFO [main] org.apache.coyote.AbstractProtocol.init Inicializando el manejador de protocolo ["http-nio-8080"]

29-May-2025 23:05:55.805 SEVERE [main] org.apache.catalina.util.LifecycleBase.handleSubClassException Fallo al iniciar el componente [Connector["http-nio-8080"]]
	org.apache.catalina.LifecycleException: Falló la inicialización del manejador de protocolo
		at org.apache.catalina.connector.Connector.initInternal(Connector.java:1048)
		at org.apache.catalina.util.LifecycleBase.init(LifecycleBase.java:122)
		at org.apache.catalina.core.StandardService.initInternal(StandardService.java:522)
		at org.apache.catalina.util.LifecycleBase.init(LifecycleBase.java:122)
		at org.apache.catalina.core.StandardServer.initInternal(StandardServer.java:986)
		at org.apache.catalina.util.LifecycleBase.init(LifecycleBase.java:122)
		at org.apache.catalina.startup.Catalina.load(Catalina.java:690)
		at org.apache.catalina.startup.Catalina.load(Catalina.java:713)
		at java.base/jdk.internal.reflect.NativeMethodAccessorImpl.invoke0(Native Method)
		at java.base/jdk.internal.reflect.NativeMethodAccessorImpl.invoke(NativeMethodAccessorImpl.java:77)
		at java.base/jdk.internal.reflect.DelegatingMethodAccessorImpl.invoke(DelegatingMethodAccessorImpl.java:43)
		at java.base/java.lang.reflect.Method.invoke(Method.java:568)
		at org.apache.catalina.startup.Bootstrap.load(Bootstrap.java:302)
		at org.apache.catalina.startup.Bootstrap.main(Bootstrap.java:475)
	Caused by: java.net.BindException: Address already in use: bind
		at java.base/sun.nio.ch.Net.bind0(Native Method)
		at java.base/sun.nio.ch.Net.bind(Net.java:555)
		at java.base/sun.nio.ch.ServerSocketChannelImpl.netBind(ServerSocketChannelImpl.java:337)
		at java.base/sun.nio.ch.ServerSocketChannelImpl.bind(ServerSocketChannelImpl.java:294)
		at org.apache.tomcat.util.net.NioEndpoint.initServerSocket(NioEndpoint.java:268)
		at org.apache.tomcat.util.net.NioEndpoint.bind(NioEndpoint.java:223)
		at org.apache.tomcat.util.net.AbstractEndpoint.bindWithCleanup(AbstractEndpoint.java:1373)
		at org.apache.tomcat.util.net.AbstractEndpoint.init(AbstractEndpoint.java:1386)
		at org.apache.coyote.AbstractProtocol.init(AbstractProtocol.java:663)
		at org.apache.coyote.http11.AbstractHttp11Protocol.init(AbstractHttp11Protocol.java:80)
		at org.apache.catalina.connector.Connector.initInternal(Connector.java:1046)
		... 13 more
29-May-2025 23:05:55.816 INFO [main] org.apache.catalina.startup.Catalina.load Server initialization in [859] milliseconds
29-May-2025 23:05:55.883 INFO [main] org.apache.catalina.core.StandardService.startInternal Arrancando servicio [Catalina]
29-May-2025 23:05:55.884 INFO [main] org.apache.catalina.core.StandardEngine.startInternal Starting Servlet engine: [Apache Tomcat/9.0.105]
29-May-2025 23:05:55.901 INFO [main] org.apache.catalina.startup.HostConfig.deployDirectory Desplegando el directorio [C:\BACKEND-ATARI\pruebaAutoria\apache-tomcat-9.0.105\apache-tomcat-9.0.105\webapps\docs] de la aplicación web
29-May-2025 23:05:56.572 WARNING [main] org.apache.catalina.util.SessionIdGeneratorBase.createSecureRandom Creation of SecureRandom instance for session ID generation using [SHA1PRNG] took [138] milliseconds.
29-May-2025 23:05:56.613 INFO [main] org.apache.catalina.startup.HostConfig.deployDirectory Deployment of web application directory [C:\BACKEND-ATARI\pruebaAutoria\apache-tomcat-9.0.105\apache-tomcat-9.0.105\webapps\docs] has finished in [712] ms
29-May-2025 23:05:56.615 INFO [main] org.apache.catalina.startup.HostConfig.deployDirectory Desplegando el directorio [C:\BACKEND-ATARI\pruebaAutoria\apache-tomcat-9.0.105\apache-tomcat-9.0.105\webapps\examples] de la aplicación web
29-May-2025 23:05:59.751 INFO [main] org.apache.catalina.startup.HostConfig.deployDirectory Deployment of web application directory [C:\BACKEND-ATARI\pruebaAutoria\apache-tomcat-9.0.105\apache-tomcat-9.0.105\webapps\examples] has finished in [3.135] ms
29-May-2025 23:05:59.751 INFO [main] org.apache.catalina.startup.HostConfig.deployDirectory Desplegando el directorio [C:\BACKEND-ATARI\pruebaAutoria\apache-tomcat-9.0.105\apache-tomcat-9.0.105\webapps\host-manager] de la aplicación web
29-May-2025 23:05:59.864 INFO [main] org.apache.catalina.startup.HostConfig.deployDirectory Deployment of web application directory [C:\BACKEND-ATARI\pruebaAutoria\apache-tomcat-9.0.105\apache-tomcat-9.0.105\webapps\host-manager] has finished in [112] ms
29-May-2025 23:05:59.865 INFO [main] org.apache.catalina.startup.HostConfig.deployDirectory Desplegando el directorio [C:\BACKEND-ATARI\pruebaAutoria\apache-tomcat-9.0.105\apache-tomcat-9.0.105\webapps\manager] de la aplicación web
29-May-2025 23:05:59.958 INFO [main] org.apache.catalina.startup.HostConfig.deployDirectory Deployment of web application directory [C:\BACKEND-ATARI\pruebaAutoria\apache-tomcat-9.0.105\apache-tomcat-9.0.105\webapps\manager] has finished in [93] ms
29-May-2025 23:05:59.959 INFO [main] org.apache.catalina.startup.HostConfig.deployDirectory Desplegando el directorio [C:\BACKEND-ATARI\pruebaAutoria\apache-tomcat-9.0.105\apache-tomcat-9.0.105\webapps\ROOT] de la aplicación web
29-May-2025 23:06:00.042 INFO [main] org.apache.catalina.startup.HostConfig.deployDirectory Deployment of web application directory [C:\BACKEND-ATARI\pruebaAutoria\apache-tomcat-9.0.105\apache-tomcat-9.0.105\webapps\ROOT] has finished in [84] ms
29-May-2025 23:06:00.052 INFO [main] org.apache.catalina.startup.Catalina.start Server startup in [4235] milliseconds
29-May-2025 23:06:00.062 SEVERE [main] org.apache.catalina.core.StandardServer.await Failed to create server shutdown socket on address [localhost] and port [8005] (base port [8005] and offset [0])
	java.net.BindException: Address already in use: bind
		at java.base/sun.nio.ch.Net.bind0(Native Method)
		at java.base/sun.nio.ch.Net.bind(Net.java:555)
		at java.base/sun.nio.ch.Net.bind(Net.java:544)
		at java.base/sun.nio.ch.NioSocketImpl.bind(NioSocketImpl.java:648)
		at java.base/java.net.ServerSocket.bind(ServerSocket.java:388)
		at java.base/java.net.ServerSocket.<init>(ServerSocket.java:274)
		at org.apache.catalina.core.StandardServer.await(StandardServer.java:537)
		at org.apache.catalina.startup.Catalina.await(Catalina.java:829)
		at org.apache.catalina.startup.Catalina.start(Catalina.java:777)
		at java.base/jdk.internal.reflect.NativeMethodAccessorImpl.invoke0(Native Method)
		at java.base/jdk.internal.reflect.NativeMethodAccessorImpl.invoke(NativeMethodAccessorImpl.java:77)
		at java.base/jdk.internal.reflect.DelegatingMethodAccessorImpl.invoke(DelegatingMethodAccessorImpl.java:43)
		at java.base/java.lang.reflect.Method.invoke(Method.java:568)
		at org.apache.catalina.startup.Bootstrap.start(Bootstrap.java:345)
		at org.apache.catalina.startup.Bootstrap.main(Bootstrap.java:476)
29-May-2025 23:06:00.063 INFO [main] org.apache.coyote.AbstractProtocol.pause Pausing ProtocolHandler ["http-nio-8080"]
29-May-2025 23:06:00.063 INFO [main] org.apache.catalina.core.StandardService.stopInternal Parando servicio [Catalina]
29-May-2025 23:06:00.093 INFO [main] org.apache.coyote.AbstractProtocol.stop Stopping ProtocolHandler ["http-nio-8080"]
29-May-2025 23:06:00.096 INFO [main] org.apache.coyote.AbstractProtocol.destroy Destroying ProtocolHandler ["http-nio-8080"]
29-May-2025 23:06:05.634 SEVERE [main] org.apache.catalina.startup.Catalina.stopServer Could not contact [localhost:8005] (base port [8005] and offset [0]). Tomcat may not be running.
29-May-2025 23:06:08.033 INFO [main] org.apache.catalina.startup.VersionLoggerListener.log Nombre de la versión del servidor: Apache Tomcat/9.0.105
29-May-2025 23:06:08.037 INFO [main] org.apache.catalina.startup.VersionLoggerListener.log Server built:                      May 7 2025 18:36:02 UTC
29-May-2025 23:06:08.037 INFO [main] org.apache.catalina.startup.VersionLoggerListener.log Número de versión de servidor:     9.0.105.0
29-May-2025 23:06:08.037 INFO [main] org.apache.catalina.startup.VersionLoggerListener.log OS Name:                           Windows 11
29-May-2025 23:06:08.037 INFO [main] org.apache.catalina.startup.VersionLoggerListener.log Versión de Systema Operativo:      10.0
29-May-2025 23:06:08.037 INFO [main] org.apache.catalina.startup.VersionLoggerListener.log Arquitectura:                      amd64
29-May-2025 23:06:08.038 INFO [main] org.apache.catalina.startup.VersionLoggerListener.log Java Home:                         C:\Users\Danie\Downloads\jdk-17.0.12_windows-x64_bin\jdk-17.0.12
29-May-2025 23:06:08.038 INFO [main] org.apache.catalina.startup.VersionLoggerListener.log JVM Version:                       17.0.12+8-LTS-286
29-May-2025 23:06:08.038 INFO [main] org.apache.catalina.startup.VersionLoggerListener.log Vededor JVM:                       Oracle Corporation
29-May-2025 23:06:08.038 INFO [main] org.apache.catalina.startup.VersionLoggerListener.log CATALINA_BASE:                     C:\BACKEND-ATARI\pruebaAutoria\apache-tomcat-9.0.105\apache-tomcat-9.0.105
29-May-2025 23:06:08.038 INFO [main] org.apache.catalina.startup.VersionLoggerListener.log CATALINA_HOME:                     C:\BACKEND-ATARI\pruebaAutoria\apache-tomcat-9.0.105\apache-tomcat-9.0.105
29-May-2025 23:06:08.045 INFO [main] org.apache.catalina.startup.VersionLoggerListener.log Command line argument:             --add-opens=java.base/java.lang=ALL-UNNAMED
29-May-2025 23:06:08.047 INFO [main] org.apache.catalina.startup.VersionLoggerListener.log Command line argument:             --add-opens=java.base/java.lang.invoke=ALL-UNNAMED
29-May-2025 23:06:08.047 INFO [main] org.apache.catalina.startup.VersionLoggerListener.log Command line argument:             --add-opens=java.base/java.lang.reflect=ALL-UNNAMED
29-May-2025 23:06:08.047 INFO [main] org.apache.catalina.startup.VersionLoggerListener.log Command line argument:             --add-opens=java.base/java.io=ALL-UNNAMED
29-May-2025 23:06:08.047 INFO [main] org.apache.catalina.startup.VersionLoggerListener.log Command line argument:             --add-opens=java.base/java.util=ALL-UNNAMED
29-May-2025 23:06:08.047 INFO [main] org.apache.catalina.startup.VersionLoggerListener.log Command line argument:             --add-opens=java.base/java.util.concurrent=ALL-UNNAMED
29-May-2025 23:06:08.048 INFO [main] org.apache.catalina.startup.VersionLoggerListener.log Command line argument:             --add-opens=java.rmi/sun.rmi.transport=ALL-UNNAMED
29-May-2025 23:06:08.048 INFO [main] org.apache.catalina.startup.VersionLoggerListener.log Command line argument:             -Djava.util.logging.config.file=C:\BACKEND-ATARI\pruebaAutoria\apache-tomcat-9.0.105\apache-tomcat-9.0.105\conf\logging.properties
29-May-2025 23:06:08.048 INFO [main] org.apache.catalina.startup.VersionLoggerListener.log Command line argument:             -Djava.util.logging.manager=org.apache.juli.ClassLoaderLogManager
29-May-2025 23:06:08.048 INFO [main] org.apache.catalina.startup.VersionLoggerListener.log Command line argument:             -Djdk.tls.ephemeralDHKeySize=2048
29-May-2025 23:06:08.048 INFO [main] org.apache.catalina.startup.VersionLoggerListener.log Command line argument:             -Djava.protocol.handler.pkgs=org.apache.catalina.webresources
29-May-2025 23:06:08.048 INFO [main] org.apache.catalina.startup.VersionLoggerListener.log Command line argument:             -Dsun.io.useCanonCaches=false
29-May-2025 23:06:08.048 INFO [main] org.apache.catalina.startup.VersionLoggerListener.log Command line argument:             -Dignore.endorsed.dirs=
29-May-2025 23:06:08.049 INFO [main] org.apache.catalina.startup.VersionLoggerListener.log Command line argument:             -Dcatalina.base=C:\BACKEND-ATARI\pruebaAutoria\apache-tomcat-9.0.105\apache-tomcat-9.0.105
29-May-2025 23:06:08.049 INFO [main] org.apache.catalina.startup.VersionLoggerListener.log Command line argument:             -Dcatalina.home=C:\BACKEND-ATARI\pruebaAutoria\apache-tomcat-9.0.105\apache-tomcat-9.0.105
29-May-2025 23:06:08.049 INFO [main] org.apache.catalina.startup.VersionLoggerListener.log Command line argument:             -Djava.io.tmpdir=C:\BACKEND-ATARI\pruebaAutoria\apache-tomcat-9.0.105\apache-tomcat-9.0.105\temp
29-May-2025 23:06:08.056 INFO [main] org.apache.catalina.core.AprLifecycleListener.lifecycleEvent La biblioteca nativa de Apache Tomcat basada en ARP que permite un rendimiento óptimo en entornos de desarrollo no ha sido hallada en java.library.path: [C:\Users\Danie\Downloads\jdk-17.0.12_windows-x64_bin\jdk-17.0.12\bin;C:\WINDOWS\Sun\Java\bin;C:\WINDOWS\system32;C:\WINDOWS;C:\oraclexe\app\oracle\product\11.2.0\server\bin;C:\Program Files (x86)\Common Files\Oracle\Java\java8path;C:\Program Files (x86)\Common Files\Oracle\Java\javapath;C:\windows\system32;C:\windows;C:\windows\System32\Wbem;C:\windows\System32\WindowsPowerShell\v1.0\;C:\windows\System32\OpenSSH\;C:\Program Files (x86)\NVIDIA Corporation\PhysX\Common;C:\Program Files\NVIDIA Corporation\NVIDIA NvDLISR;C:\Program Files\dotnet\;C:\Program Files\Git\cmd;C:\Program Files\nodejs\;C:\Program Files\PuTTY\;C:\WINDOWS\system32;C:\WINDOWS;C:\WINDOWS\System32\Wbem;C:\WINDOWS\System32\WindowsPowerShell\v1.0\;C:\WINDOWS\System32\OpenSSH\;C:\Users\Danie\Downloads\apache-maven-3.9.9-bin\apache-maven-3.9.9\bin;C:\Users\Danie\Downloads\jdk-17.0.12_windows-x64_bin\jdk-17.0.12\bin;C:\Users\Danie\AppData\Local\Microsoft\WindowsApps;C:\Users\Danie\AppData\Local\Programs\Microsoft VS Code\bin;C:\Users\Danie\AppData\Local\GitHubDesktop\bin;C:\Users\Danie\AppData\Roaming\npm;C:\Users\Danie\.dotnet\tools;;.]
29-May-2025 23:06:08.236 INFO [main] org.apache.coyote.AbstractProtocol.init Inicializando el manejador de protocolo ["http-nio-8080"]

29-May-2025 23:06:08.255 INFO [main] org.apache.catalina.startup.Catalina.load Server initialization in [366] milliseconds
29-May-2025 23:06:08.296 INFO [main] org.apache.catalina.core.StandardService.startInternal Arrancando servicio [Catalina]
29-May-2025 23:06:08.297 INFO [main] org.apache.catalina.core.StandardEngine.startInternal Starting Servlet engine: [Apache Tomcat/9.0.105]
29-May-2025 23:06:08.303 INFO [main] org.apache.catalina.startup.HostConfig.deployDirectory Desplegando el directorio [C:\BACKEND-ATARI\pruebaAutoria\apache-tomcat-9.0.105\apache-tomcat-9.0.105\webapps\docs] de la aplicación web
29-May-2025 23:06:08.554 INFO [main] org.apache.catalina.startup.HostConfig.deployDirectory Deployment of web application directory [C:\BACKEND-ATARI\pruebaAutoria\apache-tomcat-9.0.105\apache-tomcat-9.0.105\webapps\docs] has finished in [250] ms
29-May-2025 23:06:08.555 INFO [main] org.apache.catalina.startup.HostConfig.deployDirectory Desplegando el directorio [C:\BACKEND-ATARI\pruebaAutoria\apache-tomcat-9.0.105\apache-tomcat-9.0.105\webapps\examples] de la aplicación web
29-May-2025 23:06:08.838 INFO [main] org.apache.catalina.startup.HostConfig.deployDirectory Deployment of web application directory [C:\BACKEND-ATARI\pruebaAutoria\apache-tomcat-9.0.105\apache-tomcat-9.0.105\webapps\examples] has finished in [283] ms
29-May-2025 23:06:08.839 INFO [main] org.apache.catalina.startup.HostConfig.deployDirectory Desplegando el directorio [C:\BACKEND-ATARI\pruebaAutoria\apache-tomcat-9.0.105\apache-tomcat-9.0.105\webapps\host-manager] de la aplicación web
29-May-2025 23:06:08.866 INFO [main] org.apache.catalina.startup.HostConfig.deployDirectory Deployment of web application directory [C:\BACKEND-ATARI\pruebaAutoria\apache-tomcat-9.0.105\apache-tomcat-9.0.105\webapps\host-manager] has finished in [27] ms
29-May-2025 23:06:08.866 INFO [main] org.apache.catalina.startup.HostConfig.deployDirectory Desplegando el directorio [C:\BACKEND-ATARI\pruebaAutoria\apache-tomcat-9.0.105\apache-tomcat-9.0.105\webapps\manager] de la aplicación web
29-May-2025 23:06:08.889 INFO [main] org.apache.catalina.startup.HostConfig.deployDirectory Deployment of web application directory [C:\BACKEND-ATARI\pruebaAutoria\apache-tomcat-9.0.105\apache-tomcat-9.0.105\webapps\manager] has finished in [23] ms
29-May-2025 23:06:08.890 INFO [main] org.apache.catalina.startup.HostConfig.deployDirectory Desplegando el directorio [C:\BACKEND-ATARI\pruebaAutoria\apache-tomcat-9.0.105\apache-tomcat-9.0.105\webapps\ROOT] de la aplicación web
29-May-2025 23:06:08.909 INFO [main] org.apache.catalina.startup.HostConfig.deployDirectory Deployment of web application directory [C:\BACKEND-ATARI\pruebaAutoria\apache-tomcat-9.0.105\apache-tomcat-9.0.105\webapps\ROOT] has finished in [19] ms
29-May-2025 23:06:08.914 INFO [main] org.apache.coyote.AbstractProtocol.start Starting ProtocolHandler ["http-nio-8080"]
29-May-2025 23:06:08.965 INFO [main] org.apache.catalina.startup.Catalina.start Server startup in [709] milliseconds
29-May-2025 23:08:38.169 INFO [main] org.apache.catalina.startup.VersionLoggerListener.log Nombre de la versión del servidor: Apache Tomcat/9.0.105
29-May-2025 23:08:38.173 INFO [main] org.apache.catalina.startup.VersionLoggerListener.log Server built:                      May 7 2025 18:36:02 UTC
29-May-2025 23:08:38.173 INFO [main] org.apache.catalina.startup.VersionLoggerListener.log Número de versión de servidor:     9.0.105.0
29-May-2025 23:08:38.173 INFO [main] org.apache.catalina.startup.VersionLoggerListener.log OS Name:                           Windows 11
29-May-2025 23:08:38.175 INFO [main] org.apache.catalina.startup.VersionLoggerListener.log Versión de Systema Operativo:      10.0
29-May-2025 23:08:38.175 INFO [main] org.apache.catalina.startup.VersionLoggerListener.log Arquitectura:                      amd64
29-May-2025 23:08:38.175 INFO [main] org.apache.catalina.startup.VersionLoggerListener.log Java Home:                         C:\Users\Danie\Downloads\jdk-17.0.12_windows-x64_bin\jdk-17.0.12
29-May-2025 23:08:38.175 INFO [main] org.apache.catalina.startup.VersionLoggerListener.log JVM Version:                       17.0.12+8-LTS-286
29-May-2025 23:08:38.175 INFO [main] org.apache.catalina.startup.VersionLoggerListener.log Vededor JVM:                       Oracle Corporation
29-May-2025 23:08:38.176 INFO [main] org.apache.catalina.startup.VersionLoggerListener.log CATALINA_BASE:                     C:\BACKEND-ATARI\pruebaAutoria\apache-tomcat-9.0.105\apache-tomcat-9.0.105
29-May-2025 23:08:38.176 INFO [main] org.apache.catalina.startup.VersionLoggerListener.log CATALINA_HOME:                     C:\BACKEND-ATARI\pruebaAutoria\apache-tomcat-9.0.105\apache-tomcat-9.0.105
29-May-2025 23:08:38.185 INFO [main] org.apache.catalina.startup.VersionLoggerListener.log Command line argument:             --add-opens=java.base/java.lang=ALL-UNNAMED
29-May-2025 23:08:38.185 INFO [main] org.apache.catalina.startup.VersionLoggerListener.log Command line argument:             --add-opens=java.base/java.lang.invoke=ALL-UNNAMED
29-May-2025 23:08:38.185 INFO [main] org.apache.catalina.startup.VersionLoggerListener.log Command line argument:             --add-opens=java.base/java.lang.reflect=ALL-UNNAMED
29-May-2025 23:08:38.185 INFO [main] org.apache.catalina.startup.VersionLoggerListener.log Command line argument:             --add-opens=java.base/java.io=ALL-UNNAMED
29-May-2025 23:08:38.185 INFO [main] org.apache.catalina.startup.VersionLoggerListener.log Command line argument:             --add-opens=java.base/java.util=ALL-UNNAMED
29-May-2025 23:08:38.186 INFO [main] org.apache.catalina.startup.VersionLoggerListener.log Command line argument:             --add-opens=java.base/java.util.concurrent=ALL-UNNAMED
29-May-2025 23:08:38.186 INFO [main] org.apache.catalina.startup.VersionLoggerListener.log Command line argument:             --add-opens=java.rmi/sun.rmi.transport=ALL-UNNAMED
29-May-2025 23:08:38.186 INFO [main] org.apache.catalina.startup.VersionLoggerListener.log Command line argument:             -Djava.util.logging.config.file=C:\BACKEND-ATARI\pruebaAutoria\apache-tomcat-9.0.105\apache-tomcat-9.0.105\conf\logging.properties
29-May-2025 23:08:38.186 INFO [main] org.apache.catalina.startup.VersionLoggerListener.log Command line argument:             -Djava.util.logging.manager=org.apache.juli.ClassLoaderLogManager
29-May-2025 23:08:38.186 INFO [main] org.apache.catalina.startup.VersionLoggerListener.log Command line argument:             -Djdk.tls.ephemeralDHKeySize=2048
29-May-2025 23:08:38.186 INFO [main] org.apache.catalina.startup.VersionLoggerListener.log Command line argument:             -Djava.protocol.handler.pkgs=org.apache.catalina.webresources
29-May-2025 23:08:38.186 INFO [main] org.apache.catalina.startup.VersionLoggerListener.log Command line argument:             -Dsun.io.useCanonCaches=false
29-May-2025 23:08:38.187 INFO [main] org.apache.catalina.startup.VersionLoggerListener.log Command line argument:             -Dignore.endorsed.dirs=
29-May-2025 23:08:38.187 INFO [main] org.apache.catalina.startup.VersionLoggerListener.log Command line argument:             -Dcatalina.base=C:\BACKEND-ATARI\pruebaAutoria\apache-tomcat-9.0.105\apache-tomcat-9.0.105
29-May-2025 23:08:38.187 INFO [main] org.apache.catalina.startup.VersionLoggerListener.log Command line argument:             -Dcatalina.home=C:\BACKEND-ATARI\pruebaAutoria\apache-tomcat-9.0.105\apache-tomcat-9.0.105
29-May-2025 23:08:38.187 INFO [main] org.apache.catalina.startup.VersionLoggerListener.log Command line argument:             -Djava.io.tmpdir=C:\BACKEND-ATARI\pruebaAutoria\apache-tomcat-9.0.105\apache-tomcat-9.0.105\temp
29-May-2025 23:08:38.195 INFO [main] org.apache.catalina.core.AprLifecycleListener.lifecycleEvent La biblioteca nativa de Apache Tomcat basada en ARP que permite un rendimiento óptimo en entornos de desarrollo no ha sido hallada en java.library.path: [C:\Users\Danie\Downloads\jdk-17.0.12_windows-x64_bin\jdk-17.0.12\bin;C:\WINDOWS\Sun\Java\bin;C:\WINDOWS\system32;C:\WINDOWS;C:\oraclexe\app\oracle\product\11.2.0\server\bin;C:\Program Files (x86)\Common Files\Oracle\Java\java8path;C:\Program Files (x86)\Common Files\Oracle\Java\javapath;C:\windows\system32;C:\windows;C:\windows\System32\Wbem;C:\windows\System32\WindowsPowerShell\v1.0\;C:\windows\System32\OpenSSH\;C:\Program Files (x86)\NVIDIA Corporation\PhysX\Common;C:\Program Files\NVIDIA Corporation\NVIDIA NvDLISR;C:\Program Files\dotnet\;C:\Program Files\Git\cmd;C:\Program Files\nodejs\;C:\Program Files\PuTTY\;C:\WINDOWS\system32;C:\WINDOWS;C:\WINDOWS\System32\Wbem;C:\WINDOWS\System32\WindowsPowerShell\v1.0\;C:\WINDOWS\System32\OpenSSH\;C:\Users\Danie\Downloads\apache-maven-3.9.9-bin\apache-maven-3.9.9\bin;C:\Users\Danie\Downloads\jdk-17.0.12_windows-x64_bin\jdk-17.0.12\bin;C:\Users\Danie\AppData\Local\Microsoft\WindowsApps;C:\Users\Danie\AppData\Local\Programs\Microsoft VS Code\bin;C:\Users\Danie\AppData\Local\GitHubDesktop\bin;C:\Users\Danie\AppData\Roaming\npm;C:\Users\Danie\.dotnet\tools;;.]
29-May-2025 23:08:38.375 INFO [main] org.apache.coyote.AbstractProtocol.init Inicializando el manejador de protocolo ["http-nio-8080"]

29-May-2025 23:08:38.389 SEVERE [main] org.apache.catalina.util.LifecycleBase.handleSubClassException Fallo al iniciar el componente [Connector["http-nio-8080"]]
	org.apache.catalina.LifecycleException: Falló la inicialización del manejador de protocolo
		at org.apache.catalina.connector.Connector.initInternal(Connector.java:1048)
		at org.apache.catalina.util.LifecycleBase.init(LifecycleBase.java:122)
		at org.apache.catalina.core.StandardService.initInternal(StandardService.java:522)
		at org.apache.catalina.util.LifecycleBase.init(LifecycleBase.java:122)
		at org.apache.catalina.core.StandardServer.initInternal(StandardServer.java:986)
		at org.apache.catalina.util.LifecycleBase.init(LifecycleBase.java:122)
		at org.apache.catalina.startup.Catalina.load(Catalina.java:690)
		at org.apache.catalina.startup.Catalina.load(Catalina.java:713)
		at java.base/jdk.internal.reflect.NativeMethodAccessorImpl.invoke0(Native Method)
		at java.base/jdk.internal.reflect.NativeMethodAccessorImpl.invoke(NativeMethodAccessorImpl.java:77)
		at java.base/jdk.internal.reflect.DelegatingMethodAccessorImpl.invoke(DelegatingMethodAccessorImpl.java:43)
		at java.base/java.lang.reflect.Method.invoke(Method.java:568)
		at org.apache.catalina.startup.Bootstrap.load(Bootstrap.java:302)
		at org.apache.catalina.startup.Bootstrap.main(Bootstrap.java:475)
	Caused by: java.net.BindException: Address already in use: bind
		at java.base/sun.nio.ch.Net.bind0(Native Method)
		at java.base/sun.nio.ch.Net.bind(Net.java:555)
		at java.base/sun.nio.ch.ServerSocketChannelImpl.netBind(ServerSocketChannelImpl.java:337)
		at java.base/sun.nio.ch.ServerSocketChannelImpl.bind(ServerSocketChannelImpl.java:294)
		at org.apache.tomcat.util.net.NioEndpoint.initServerSocket(NioEndpoint.java:268)
		at org.apache.tomcat.util.net.NioEndpoint.bind(NioEndpoint.java:223)
		at org.apache.tomcat.util.net.AbstractEndpoint.bindWithCleanup(AbstractEndpoint.java:1373)
		at org.apache.tomcat.util.net.AbstractEndpoint.init(AbstractEndpoint.java:1386)
		at org.apache.coyote.AbstractProtocol.init(AbstractProtocol.java:663)
		at org.apache.coyote.http11.AbstractHttp11Protocol.init(AbstractHttp11Protocol.java:80)
		at org.apache.catalina.connector.Connector.initInternal(Connector.java:1046)
		... 13 more
29-May-2025 23:08:38.390 INFO [main] org.apache.catalina.startup.Catalina.load Server initialization in [370] milliseconds
29-May-2025 23:08:38.431 INFO [main] org.apache.catalina.core.StandardService.startInternal Arrancando servicio [Catalina]
29-May-2025 23:08:38.432 INFO [main] org.apache.catalina.core.StandardEngine.startInternal Starting Servlet engine: [Apache Tomcat/9.0.105]
29-May-2025 23:08:38.439 INFO [main] org.apache.catalina.startup.HostConfig.deployDirectory Desplegando el directorio [C:\BACKEND-ATARI\pruebaAutoria\apache-tomcat-9.0.105\apache-tomcat-9.0.105\webapps\docs] de la aplicación web
29-May-2025 23:08:38.689 INFO [main] org.apache.catalina.startup.HostConfig.deployDirectory Deployment of web application directory [C:\BACKEND-ATARI\pruebaAutoria\apache-tomcat-9.0.105\apache-tomcat-9.0.105\webapps\docs] has finished in [248] ms
29-May-2025 23:08:38.689 INFO [main] org.apache.catalina.startup.HostConfig.deployDirectory Desplegando el directorio [C:\BACKEND-ATARI\pruebaAutoria\apache-tomcat-9.0.105\apache-tomcat-9.0.105\webapps\examples] de la aplicación web
29-May-2025 23:08:38.975 INFO [main] org.apache.catalina.startup.HostConfig.deployDirectory Deployment of web application directory [C:\BACKEND-ATARI\pruebaAutoria\apache-tomcat-9.0.105\apache-tomcat-9.0.105\webapps\examples] has finished in [286] ms
29-May-2025 23:08:38.975 INFO [main] org.apache.catalina.startup.HostConfig.deployDirectory Desplegando el directorio [C:\BACKEND-ATARI\pruebaAutoria\apache-tomcat-9.0.105\apache-tomcat-9.0.105\webapps\host-manager] de la aplicación web
29-May-2025 23:08:39.004 INFO [main] org.apache.catalina.startup.HostConfig.deployDirectory Deployment of web application directory [C:\BACKEND-ATARI\pruebaAutoria\apache-tomcat-9.0.105\apache-tomcat-9.0.105\webapps\host-manager] has finished in [29] ms
29-May-2025 23:08:39.005 INFO [main] org.apache.catalina.startup.HostConfig.deployDirectory Desplegando el directorio [C:\BACKEND-ATARI\pruebaAutoria\apache-tomcat-9.0.105\apache-tomcat-9.0.105\webapps\manager] de la aplicación web
29-May-2025 23:08:39.032 INFO [main] org.apache.catalina.startup.HostConfig.deployDirectory Deployment of web application directory [C:\BACKEND-ATARI\pruebaAutoria\apache-tomcat-9.0.105\apache-tomcat-9.0.105\webapps\manager] has finished in [27] ms
29-May-2025 23:08:39.033 INFO [main] org.apache.catalina.startup.HostConfig.deployDirectory Desplegando el directorio [C:\BACKEND-ATARI\pruebaAutoria\apache-tomcat-9.0.105\apache-tomcat-9.0.105\webapps\ROOT] de la aplicación web
29-May-2025 23:08:39.054 INFO [main] org.apache.catalina.startup.HostConfig.deployDirectory Deployment of web application directory [C:\BACKEND-ATARI\pruebaAutoria\apache-tomcat-9.0.105\apache-tomcat-9.0.105\webapps\ROOT] has finished in [21] ms
29-May-2025 23:08:39.058 INFO [main] org.apache.catalina.startup.Catalina.start Server startup in [668] milliseconds
29-May-2025 23:08:39.064 SEVERE [main] org.apache.catalina.core.StandardServer.await Failed to create server shutdown socket on address [localhost] and port [8005] (base port [8005] and offset [0])
	java.net.BindException: Address already in use: bind
		at java.base/sun.nio.ch.Net.bind0(Native Method)
		at java.base/sun.nio.ch.Net.bind(Net.java:555)
		at java.base/sun.nio.ch.Net.bind(Net.java:544)
		at java.base/sun.nio.ch.NioSocketImpl.bind(NioSocketImpl.java:648)
		at java.base/java.net.ServerSocket.bind(ServerSocket.java:388)
		at java.base/java.net.ServerSocket.<init>(ServerSocket.java:274)
		at org.apache.catalina.core.StandardServer.await(StandardServer.java:537)
		at org.apache.catalina.startup.Catalina.await(Catalina.java:829)
		at org.apache.catalina.startup.Catalina.start(Catalina.java:777)
		at java.base/jdk.internal.reflect.NativeMethodAccessorImpl.invoke0(Native Method)
		at java.base/jdk.internal.reflect.NativeMethodAccessorImpl.invoke(NativeMethodAccessorImpl.java:77)
		at java.base/jdk.internal.reflect.DelegatingMethodAccessorImpl.invoke(DelegatingMethodAccessorImpl.java:43)
		at java.base/java.lang.reflect.Method.invoke(Method.java:568)
		at org.apache.catalina.startup.Bootstrap.start(Bootstrap.java:345)
		at org.apache.catalina.startup.Bootstrap.main(Bootstrap.java:476)
29-May-2025 23:08:39.064 INFO [main] org.apache.coyote.AbstractProtocol.pause Pausing ProtocolHandler ["http-nio-8080"]
29-May-2025 23:08:39.064 INFO [main] org.apache.catalina.core.StandardService.stopInternal Parando servicio [Catalina]
29-May-2025 23:08:39.079 INFO [main] org.apache.coyote.AbstractProtocol.stop Stopping ProtocolHandler ["http-nio-8080"]
29-May-2025 23:08:39.081 INFO [main] org.apache.coyote.AbstractProtocol.destroy Destroying ProtocolHandler ["http-nio-8080"]
29-May-2025 23:08:44.486 INFO [main] org.apache.catalina.startup.VersionLoggerListener.log Nombre de la versión del servidor: Apache Tomcat/9.0.105
29-May-2025 23:08:44.490 INFO [main] org.apache.catalina.startup.VersionLoggerListener.log Server built:                      May 7 2025 18:36:02 UTC
29-May-2025 23:08:44.490 INFO [main] org.apache.catalina.startup.VersionLoggerListener.log Número de versión de servidor:     9.0.105.0
29-May-2025 23:08:44.490 INFO [main] org.apache.catalina.startup.VersionLoggerListener.log OS Name:                           Windows 11
29-May-2025 23:08:44.490 INFO [main] org.apache.catalina.startup.VersionLoggerListener.log Versión de Systema Operativo:      10.0
29-May-2025 23:08:44.490 INFO [main] org.apache.catalina.startup.VersionLoggerListener.log Arquitectura:                      amd64
29-May-2025 23:08:44.490 INFO [main] org.apache.catalina.startup.VersionLoggerListener.log Java Home:                         C:\Users\Danie\Downloads\jdk-17.0.12_windows-x64_bin\jdk-17.0.12
29-May-2025 23:08:44.490 INFO [main] org.apache.catalina.startup.VersionLoggerListener.log JVM Version:                       17.0.12+8-LTS-286
29-May-2025 23:08:44.491 INFO [main] org.apache.catalina.startup.VersionLoggerListener.log Vededor JVM:                       Oracle Corporation
29-May-2025 23:08:44.491 INFO [main] org.apache.catalina.startup.VersionLoggerListener.log CATALINA_BASE:                     C:\BACKEND-ATARI\pruebaAutoria\apache-tomcat-9.0.105\apache-tomcat-9.0.105
29-May-2025 23:08:44.491 INFO [main] org.apache.catalina.startup.VersionLoggerListener.log CATALINA_HOME:                     C:\BACKEND-ATARI\pruebaAutoria\apache-tomcat-9.0.105\apache-tomcat-9.0.105
29-May-2025 23:08:44.498 INFO [main] org.apache.catalina.startup.VersionLoggerListener.log Command line argument:             --add-opens=java.base/java.lang=ALL-UNNAMED
29-May-2025 23:08:44.499 INFO [main] org.apache.catalina.startup.VersionLoggerListener.log Command line argument:             --add-opens=java.base/java.lang.invoke=ALL-UNNAMED
29-May-2025 23:08:44.499 INFO [main] org.apache.catalina.startup.VersionLoggerListener.log Command line argument:             --add-opens=java.base/java.lang.reflect=ALL-UNNAMED
29-May-2025 23:08:44.499 INFO [main] org.apache.catalina.startup.VersionLoggerListener.log Command line argument:             --add-opens=java.base/java.io=ALL-UNNAMED
29-May-2025 23:08:44.499 INFO [main] org.apache.catalina.startup.VersionLoggerListener.log Command line argument:             --add-opens=java.base/java.util=ALL-UNNAMED
29-May-2025 23:08:44.499 INFO [main] org.apache.catalina.startup.VersionLoggerListener.log Command line argument:             --add-opens=java.base/java.util.concurrent=ALL-UNNAMED
29-May-2025 23:08:44.499 INFO [main] org.apache.catalina.startup.VersionLoggerListener.log Command line argument:             --add-opens=java.rmi/sun.rmi.transport=ALL-UNNAMED
29-May-2025 23:08:44.499 INFO [main] org.apache.catalina.startup.VersionLoggerListener.log Command line argument:             -Djava.util.logging.config.file=C:\BACKEND-ATARI\pruebaAutoria\apache-tomcat-9.0.105\apache-tomcat-9.0.105\conf\logging.properties
29-May-2025 23:08:44.499 INFO [main] org.apache.catalina.startup.VersionLoggerListener.log Command line argument:             -Djava.util.logging.manager=org.apache.juli.ClassLoaderLogManager
29-May-2025 23:08:44.499 INFO [main] org.apache.catalina.startup.VersionLoggerListener.log Command line argument:             -Djdk.tls.ephemeralDHKeySize=2048
29-May-2025 23:08:44.501 INFO [main] org.apache.catalina.startup.VersionLoggerListener.log Command line argument:             -Djava.protocol.handler.pkgs=org.apache.catalina.webresources
29-May-2025 23:08:44.501 INFO [main] org.apache.catalina.startup.VersionLoggerListener.log Command line argument:             -Dsun.io.useCanonCaches=false
29-May-2025 23:08:44.501 INFO [main] org.apache.catalina.startup.VersionLoggerListener.log Command line argument:             -Dignore.endorsed.dirs=
29-May-2025 23:08:44.501 INFO [main] org.apache.catalina.startup.VersionLoggerListener.log Command line argument:             -Dcatalina.base=C:\BACKEND-ATARI\pruebaAutoria\apache-tomcat-9.0.105\apache-tomcat-9.0.105
29-May-2025 23:08:44.501 INFO [main] org.apache.catalina.startup.VersionLoggerListener.log Command line argument:             -Dcatalina.home=C:\BACKEND-ATARI\pruebaAutoria\apache-tomcat-9.0.105\apache-tomcat-9.0.105
29-May-2025 23:08:44.501 INFO [main] org.apache.catalina.startup.VersionLoggerListener.log Command line argument:             -Djava.io.tmpdir=C:\BACKEND-ATARI\pruebaAutoria\apache-tomcat-9.0.105\apache-tomcat-9.0.105\temp
29-May-2025 23:08:44.508 INFO [main] org.apache.catalina.core.AprLifecycleListener.lifecycleEvent La biblioteca nativa de Apache Tomcat basada en ARP que permite un rendimiento óptimo en entornos de desarrollo no ha sido hallada en java.library.path: [C:\Users\Danie\Downloads\jdk-17.0.12_windows-x64_bin\jdk-17.0.12\bin;C:\WINDOWS\Sun\Java\bin;C:\WINDOWS\system32;C:\WINDOWS;C:\oraclexe\app\oracle\product\11.2.0\server\bin;C:\Program Files (x86)\Common Files\Oracle\Java\java8path;C:\Program Files (x86)\Common Files\Oracle\Java\javapath;C:\windows\system32;C:\windows;C:\windows\System32\Wbem;C:\windows\System32\WindowsPowerShell\v1.0\;C:\windows\System32\OpenSSH\;C:\Program Files (x86)\NVIDIA Corporation\PhysX\Common;C:\Program Files\NVIDIA Corporation\NVIDIA NvDLISR;C:\Program Files\dotnet\;C:\Program Files\Git\cmd;C:\Program Files\nodejs\;C:\Program Files\PuTTY\;C:\WINDOWS\system32;C:\WINDOWS;C:\WINDOWS\System32\Wbem;C:\WINDOWS\System32\WindowsPowerShell\v1.0\;C:\WINDOWS\System32\OpenSSH\;C:\Users\Danie\Downloads\apache-maven-3.9.9-bin\apache-maven-3.9.9\bin;C:\Users\Danie\Downloads\jdk-17.0.12_windows-x64_bin\jdk-17.0.12\bin;C:\Users\Danie\AppData\Local\Microsoft\WindowsApps;C:\Users\Danie\AppData\Local\Programs\Microsoft VS Code\bin;C:\Users\Danie\AppData\Local\GitHubDesktop\bin;C:\Users\Danie\AppData\Roaming\npm;C:\Users\Danie\.dotnet\tools;;.]
29-May-2025 23:08:44.695 INFO [main] org.apache.coyote.AbstractProtocol.init Inicializando el manejador de protocolo ["http-nio-8080"]

29-May-2025 23:08:44.714 INFO [main] org.apache.catalina.startup.Catalina.load Server initialization in [391] milliseconds
29-May-2025 23:08:44.753 INFO [main] org.apache.catalina.core.StandardService.startInternal Arrancando servicio [Catalina]
29-May-2025 23:08:44.753 INFO [main] org.apache.catalina.core.StandardEngine.startInternal Starting Servlet engine: [Apache Tomcat/9.0.105]
29-May-2025 23:08:44.761 INFO [main] org.apache.catalina.startup.HostConfig.deployDirectory Desplegando el directorio [C:\BACKEND-ATARI\pruebaAutoria\apache-tomcat-9.0.105\apache-tomcat-9.0.105\webapps\docs] de la aplicación web
29-May-2025 23:08:45.030 INFO [main] org.apache.catalina.startup.HostConfig.deployDirectory Deployment of web application directory [C:\BACKEND-ATARI\pruebaAutoria\apache-tomcat-9.0.105\apache-tomcat-9.0.105\webapps\docs] has finished in [267] ms
29-May-2025 23:08:45.031 INFO [main] org.apache.catalina.startup.HostConfig.deployDirectory Desplegando el directorio [C:\BACKEND-ATARI\pruebaAutoria\apache-tomcat-9.0.105\apache-tomcat-9.0.105\webapps\examples] de la aplicación web
29-May-2025 23:08:45.320 INFO [main] org.apache.catalina.startup.HostConfig.deployDirectory Deployment of web application directory [C:\BACKEND-ATARI\pruebaAutoria\apache-tomcat-9.0.105\apache-tomcat-9.0.105\webapps\examples] has finished in [289] ms
29-May-2025 23:08:45.320 INFO [main] org.apache.catalina.startup.HostConfig.deployDirectory Desplegando el directorio [C:\BACKEND-ATARI\pruebaAutoria\apache-tomcat-9.0.105\apache-tomcat-9.0.105\webapps\host-manager] de la aplicación web
29-May-2025 23:08:45.349 INFO [main] org.apache.catalina.startup.HostConfig.deployDirectory Deployment of web application directory [C:\BACKEND-ATARI\pruebaAutoria\apache-tomcat-9.0.105\apache-tomcat-9.0.105\webapps\host-manager] has finished in [29] ms
29-May-2025 23:08:45.351 INFO [main] org.apache.catalina.startup.HostConfig.deployDirectory Desplegando el directorio [C:\BACKEND-ATARI\pruebaAutoria\apache-tomcat-9.0.105\apache-tomcat-9.0.105\webapps\manager] de la aplicación web
29-May-2025 23:08:45.388 INFO [main] org.apache.catalina.startup.HostConfig.deployDirectory Deployment of web application directory [C:\BACKEND-ATARI\pruebaAutoria\apache-tomcat-9.0.105\apache-tomcat-9.0.105\webapps\manager] has finished in [35] ms
29-May-2025 23:08:45.388 INFO [main] org.apache.catalina.startup.HostConfig.deployDirectory Desplegando el directorio [C:\BACKEND-ATARI\pruebaAutoria\apache-tomcat-9.0.105\apache-tomcat-9.0.105\webapps\ROOT] de la aplicación web
29-May-2025 23:08:45.408 INFO [main] org.apache.catalina.startup.HostConfig.deployDirectory Deployment of web application directory [C:\BACKEND-ATARI\pruebaAutoria\apache-tomcat-9.0.105\apache-tomcat-9.0.105\webapps\ROOT] has finished in [19] ms
29-May-2025 23:08:45.413 INFO [main] org.apache.coyote.AbstractProtocol.start Starting ProtocolHandler ["http-nio-8080"]
29-May-2025 23:08:45.472 INFO [main] org.apache.catalina.startup.Catalina.start Server startup in [757] milliseconds
29-May-2025 23:09:05.451 INFO [Catalina-utility-2] org.apache.catalina.startup.HostConfig.deployWAR Despliegue del archivo [C:\BACKEND-ATARI\pruebaAutoria\apache-tomcat-9.0.105\apache-tomcat-9.0.105\webapps\miProyectoBackend.war] de la aplicación web
29-May-2025 23:09:06.190 INFO [Catalina-utility-2] org.apache.jasper.servlet.TldScanner.scanJars Al menos un JAR, que se ha explorado buscando TLDs, aún no contenía TLDs. Activar historial de depuración para este historiador para una completa lista de los JARs que fueron explorados y de los que nos se halló TLDs. Saltarse JARs no necesarios durante la exploración puede dar lugar a una mejora de tiempo significativa en el arranque y compilación de JSP .
29-May-2025 23:09:06.201 INFO [Catalina-utility-2] org.apache.catalina.startup.HostConfig.deployWAR Deployment of web application archive [C:\BACKEND-ATARI\pruebaAutoria\apache-tomcat-9.0.105\apache-tomcat-9.0.105\webapps\miProyectoBackend.war] has finished in [750] ms
29-May-2025 23:09:12.449 INFO [main] org.apache.catalina.startup.VersionLoggerListener.log Nombre de la versión del servidor: Apache Tomcat/9.0.105
29-May-2025 23:09:12.453 INFO [main] org.apache.catalina.startup.VersionLoggerListener.log Server built:                      May 7 2025 18:36:02 UTC
29-May-2025 23:09:12.454 INFO [main] org.apache.catalina.startup.VersionLoggerListener.log Número de versión de servidor:     9.0.105.0
29-May-2025 23:09:12.454 INFO [main] org.apache.catalina.startup.VersionLoggerListener.log OS Name:                           Windows 11
29-May-2025 23:09:12.454 INFO [main] org.apache.catalina.startup.VersionLoggerListener.log Versión de Systema Operativo:      10.0
29-May-2025 23:09:12.454 INFO [main] org.apache.catalina.startup.VersionLoggerListener.log Arquitectura:                      amd64
29-May-2025 23:09:12.454 INFO [main] org.apache.catalina.startup.VersionLoggerListener.log Java Home:                         C:\Users\Danie\Downloads\jdk-17.0.12_windows-x64_bin\jdk-17.0.12
29-May-2025 23:09:12.454 INFO [main] org.apache.catalina.startup.VersionLoggerListener.log JVM Version:                       17.0.12+8-LTS-286
29-May-2025 23:09:12.454 INFO [main] org.apache.catalina.startup.VersionLoggerListener.log Vededor JVM:                       Oracle Corporation
29-May-2025 23:09:12.455 INFO [main] org.apache.catalina.startup.VersionLoggerListener.log CATALINA_BASE:                     C:\BACKEND-ATARI\pruebaAutoria\apache-tomcat-9.0.105\apache-tomcat-9.0.105
29-May-2025 23:09:12.455 INFO [main] org.apache.catalina.startup.VersionLoggerListener.log CATALINA_HOME:                     C:\BACKEND-ATARI\pruebaAutoria\apache-tomcat-9.0.105\apache-tomcat-9.0.105
29-May-2025 23:09:12.463 INFO [main] org.apache.catalina.startup.VersionLoggerListener.log Command line argument:             --add-opens=java.base/java.lang=ALL-UNNAMED
29-May-2025 23:09:12.463 INFO [main] org.apache.catalina.startup.VersionLoggerListener.log Command line argument:             --add-opens=java.base/java.lang.invoke=ALL-UNNAMED
29-May-2025 23:09:12.463 INFO [main] org.apache.catalina.startup.VersionLoggerListener.log Command line argument:             --add-opens=java.base/java.lang.reflect=ALL-UNNAMED
29-May-2025 23:09:12.463 INFO [main] org.apache.catalina.startup.VersionLoggerListener.log Command line argument:             --add-opens=java.base/java.io=ALL-UNNAMED
29-May-2025 23:09:12.463 INFO [main] org.apache.catalina.startup.VersionLoggerListener.log Command line argument:             --add-opens=java.base/java.util=ALL-UNNAMED
29-May-2025 23:09:12.464 INFO [main] org.apache.catalina.startup.VersionLoggerListener.log Command line argument:             --add-opens=java.base/java.util.concurrent=ALL-UNNAMED
29-May-2025 23:09:12.464 INFO [main] org.apache.catalina.startup.VersionLoggerListener.log Command line argument:             --add-opens=java.rmi/sun.rmi.transport=ALL-UNNAMED
29-May-2025 23:09:12.464 INFO [main] org.apache.catalina.startup.VersionLoggerListener.log Command line argument:             -Djava.util.logging.config.file=C:\BACKEND-ATARI\pruebaAutoria\apache-tomcat-9.0.105\apache-tomcat-9.0.105\conf\logging.properties
29-May-2025 23:09:12.464 INFO [main] org.apache.catalina.startup.VersionLoggerListener.log Command line argument:             -Djava.util.logging.manager=org.apache.juli.ClassLoaderLogManager
29-May-2025 23:09:12.464 INFO [main] org.apache.catalina.startup.VersionLoggerListener.log Command line argument:             -Djdk.tls.ephemeralDHKeySize=2048
29-May-2025 23:09:12.465 INFO [main] org.apache.catalina.startup.VersionLoggerListener.log Command line argument:             -Djava.protocol.handler.pkgs=org.apache.catalina.webresources
29-May-2025 23:09:12.465 INFO [main] org.apache.catalina.startup.VersionLoggerListener.log Command line argument:             -Dsun.io.useCanonCaches=false
29-May-2025 23:09:12.465 INFO [main] org.apache.catalina.startup.VersionLoggerListener.log Command line argument:             -Dignore.endorsed.dirs=
29-May-2025 23:09:12.465 INFO [main] org.apache.catalina.startup.VersionLoggerListener.log Command line argument:             -Dcatalina.base=C:\BACKEND-ATARI\pruebaAutoria\apache-tomcat-9.0.105\apache-tomcat-9.0.105
29-May-2025 23:09:12.465 INFO [main] org.apache.catalina.startup.VersionLoggerListener.log Command line argument:             -Dcatalina.home=C:\BACKEND-ATARI\pruebaAutoria\apache-tomcat-9.0.105\apache-tomcat-9.0.105
29-May-2025 23:09:12.465 INFO [main] org.apache.catalina.startup.VersionLoggerListener.log Command line argument:             -Djava.io.tmpdir=C:\BACKEND-ATARI\pruebaAutoria\apache-tomcat-9.0.105\apache-tomcat-9.0.105\temp
29-May-2025 23:09:12.473 INFO [main] org.apache.catalina.core.AprLifecycleListener.lifecycleEvent La biblioteca nativa de Apache Tomcat basada en ARP que permite un rendimiento óptimo en entornos de desarrollo no ha sido hallada en java.library.path: [C:\Users\Danie\Downloads\jdk-17.0.12_windows-x64_bin\jdk-17.0.12\bin;C:\WINDOWS\Sun\Java\bin;C:\WINDOWS\system32;C:\WINDOWS;C:\oraclexe\app\oracle\product\11.2.0\server\bin;C:\Program Files (x86)\Common Files\Oracle\Java\java8path;C:\Program Files (x86)\Common Files\Oracle\Java\javapath;C:\windows\system32;C:\windows;C:\windows\System32\Wbem;C:\windows\System32\WindowsPowerShell\v1.0\;C:\windows\System32\OpenSSH\;C:\Program Files (x86)\NVIDIA Corporation\PhysX\Common;C:\Program Files\NVIDIA Corporation\NVIDIA NvDLISR;C:\Program Files\dotnet\;C:\Program Files\Git\cmd;C:\Program Files\nodejs\;C:\Program Files\PuTTY\;C:\WINDOWS\system32;C:\WINDOWS;C:\WINDOWS\System32\Wbem;C:\WINDOWS\System32\WindowsPowerShell\v1.0\;C:\WINDOWS\System32\OpenSSH\;C:\Users\Danie\Downloads\apache-maven-3.9.9-bin\apache-maven-3.9.9\bin;C:\Users\Danie\Downloads\jdk-17.0.12_windows-x64_bin\jdk-17.0.12\bin;C:\Users\Danie\AppData\Local\Microsoft\WindowsApps;C:\Users\Danie\AppData\Local\Programs\Microsoft VS Code\bin;C:\Users\Danie\AppData\Local\GitHubDesktop\bin;C:\Users\Danie\AppData\Roaming\npm;C:\Users\Danie\.dotnet\tools;;.]
29-May-2025 23:09:12.657 INFO [main] org.apache.coyote.AbstractProtocol.init Inicializando el manejador de protocolo ["http-nio-8080"]

29-May-2025 23:09:12.676 INFO [main] org.apache.catalina.startup.Catalina.load Server initialization in [380] milliseconds
29-May-2025 23:09:12.711 INFO [main] org.apache.catalina.core.StandardService.startInternal Arrancando servicio [Catalina]
29-May-2025 23:09:12.712 INFO [main] org.apache.catalina.core.StandardEngine.startInternal Starting Servlet engine: [Apache Tomcat/9.0.105]
29-May-2025 23:09:12.726 INFO [main] org.apache.catalina.startup.HostConfig.deployWAR Despliegue del archivo [C:\BACKEND-ATARI\pruebaAutoria\apache-tomcat-9.0.105\apache-tomcat-9.0.105\webapps\miProyectoBackend.war] de la aplicación web
29-May-2025 23:09:13.099 INFO [main] org.apache.jasper.servlet.TldScanner.scanJars Al menos un JAR, que se ha explorado buscando TLDs, aún no contenía TLDs. Activar historial de depuración para este historiador para una completa lista de los JARs que fueron explorados y de los que nos se halló TLDs. Saltarse JARs no necesarios durante la exploración puede dar lugar a una mejora de tiempo significativa en el arranque y compilación de JSP .
29-May-2025 23:09:13.185 INFO [main] org.apache.catalina.startup.HostConfig.deployWAR Deployment of web application archive [C:\BACKEND-ATARI\pruebaAutoria\apache-tomcat-9.0.105\apache-tomcat-9.0.105\webapps\miProyectoBackend.war] has finished in [458] ms
29-May-2025 23:09:13.186 INFO [main] org.apache.catalina.startup.HostConfig.deployDirectory Desplegando el directorio [C:\BACKEND-ATARI\pruebaAutoria\apache-tomcat-9.0.105\apache-tomcat-9.0.105\webapps\docs] de la aplicación web
29-May-2025 23:09:13.211 INFO [main] org.apache.catalina.startup.HostConfig.deployDirectory Deployment of web application directory [C:\BACKEND-ATARI\pruebaAutoria\apache-tomcat-9.0.105\apache-tomcat-9.0.105\webapps\docs] has finished in [25] ms
29-May-2025 23:09:13.211 INFO [main] org.apache.catalina.startup.HostConfig.deployDirectory Desplegando el directorio [C:\BACKEND-ATARI\pruebaAutoria\apache-tomcat-9.0.105\apache-tomcat-9.0.105\webapps\examples] de la aplicación web
29-May-2025 23:09:13.507 INFO [main] org.apache.catalina.startup.HostConfig.deployDirectory Deployment of web application directory [C:\BACKEND-ATARI\pruebaAutoria\apache-tomcat-9.0.105\apache-tomcat-9.0.105\webapps\examples] has finished in [294] ms
29-May-2025 23:09:13.507 INFO [main] org.apache.catalina.startup.HostConfig.deployDirectory Desplegando el directorio [C:\BACKEND-ATARI\pruebaAutoria\apache-tomcat-9.0.105\apache-tomcat-9.0.105\webapps\host-manager] de la aplicación web
29-May-2025 23:09:13.536 INFO [main] org.apache.catalina.startup.HostConfig.deployDirectory Deployment of web application directory [C:\BACKEND-ATARI\pruebaAutoria\apache-tomcat-9.0.105\apache-tomcat-9.0.105\webapps\host-manager] has finished in [29] ms
29-May-2025 23:09:13.536 INFO [main] org.apache.catalina.startup.HostConfig.deployDirectory Desplegando el directorio [C:\BACKEND-ATARI\pruebaAutoria\apache-tomcat-9.0.105\apache-tomcat-9.0.105\webapps\manager] de la aplicación web
29-May-2025 23:09:13.561 INFO [main] org.apache.catalina.startup.HostConfig.deployDirectory Deployment of web application directory [C:\BACKEND-ATARI\pruebaAutoria\apache-tomcat-9.0.105\apache-tomcat-9.0.105\webapps\manager] has finished in [25] ms
29-May-2025 23:09:13.561 INFO [main] org.apache.catalina.startup.HostConfig.deployDirectory Desplegando el directorio [C:\BACKEND-ATARI\pruebaAutoria\apache-tomcat-9.0.105\apache-tomcat-9.0.105\webapps\ROOT] de la aplicación web
29-May-2025 23:09:13.581 INFO [main] org.apache.catalina.startup.HostConfig.deployDirectory Deployment of web application directory [C:\BACKEND-ATARI\pruebaAutoria\apache-tomcat-9.0.105\apache-tomcat-9.0.105\webapps\ROOT] has finished in [18] ms
29-May-2025 23:09:13.584 INFO [main] org.apache.coyote.AbstractProtocol.start Starting ProtocolHandler ["http-nio-8080"]
29-May-2025 23:09:13.634 INFO [main] org.apache.catalina.startup.Catalina.start Server startup in [958] milliseconds
